/usr/lib/jvm/java-1.17.0-openjdk-amd64/bin/java -ea -Didea.test.cyclic.buffer.size=1048576 -javaagent:/home/typhoon/下载/idea-IU-221.5591.52/lib/idea_rt.jar=43501:/home/typhoon/下载/idea-IU-221.5591.52/bin -Dfile.encoding=UTF-8 -classpath /home/typhoon/下载/idea-IU-221.5591.52/lib/idea_rt.jar:/home/typhoon/下载/idea-IU-221.5591.52/plugins/junit/lib/junit5-rt.jar:/home/typhoon/下载/idea-IU-221.5591.52/plugins/junit/lib/junit-rt.jar:/home/typhoon/文档/OperatorPriorityAnalyzer/out/test/OperatorPriorityAnalyzer:/home/typhoon/文档/OperatorPriorityAnalyzer/out/production/OperatorPriorityAnalyzer:/home/typhoon/文档/OperatorPriorityAnalyzer/lib/junit-4.13.1.jar:/home/typhoon/文档/OperatorPriorityAnalyzer/lib/hamcrest-core-1.3.jar com.intellij.rt.junit.JUnitStarter -ideVersion5 -junit4 TestDemo1,test01
开始文法检测完毕
[ , #, (, i, ), *, +]
[#, ≑, ⋖, ⋖,  , ⋖, ⋖]
[(,  , ⋖, ⋖, ≑, ⋖, ⋖]
[i, ⋗,  ,  , ⋗, ⋗, ⋗]
[), ⋗,  ,  , ⋗, ⋗, ⋗]
[*, ⋗, ⋖, ⋖, ⋗, ⋗, ⋗]
[+, ⋗, ⋖, ⋖, ⋗, ⋖, ⋗]
currentCharacter = i
stack = [#, i]
nextCharacter = i
当前栈顶元素: i
判断是否为终结符元素之前的栈中 stack = [#, i]
Grammar.isVT(s.charAt(0)) = true
当前栈顶元素: i
判断是否为终结符元素之前的栈中 stack = [#, i]
Grammar.isVT(s.charAt(0)) = true

currentCharacter = +
stack = [#, i, +]
nextCharacter = +
当前栈顶元素: +
判断是否为终结符元素之前的栈中 stack = [#, i, +]
Grammar.isVT(s.charAt(0)) = true
截取后的栈中元素+
当前栈顶元素: +
判断是否为终结符元素之前的栈中 stack = [#, i, +]
Grammar.isVT(s.charAt(0)) = true
截取后的栈中元素+
当前栈顶元素: +
判断是否为终结符元素之前的栈中 stack = [#, i, +]
Grammar.isVT(s.charAt(0)) = true
截取后的栈中元素+

currentCharacter = i
stack = [#, i, +, i]
nextCharacter = i
当前栈顶元素: i
判断是否为终结符元素之前的栈中 stack = [#, i, +, i]
Grammar.isVT(s.charAt(0)) = true
当前栈顶元素: i
判断是否为终结符元素之前的栈中 stack = [#, i, +, i]
Grammar.isVT(s.charAt(0)) = true
当前栈顶元素: i
判断是否为终结符元素之前的栈中 stack = [#, i, +, i]
Grammar.isVT(s.charAt(0)) = true
当前栈顶元素: i
判断是否为终结符元素之前的栈中 stack = [#, i, +, i]
Grammar.isVT(s.charAt(0)) = true

currentCharacter = *
stack = [#, i, +, i, *]
nextCharacter = *
当前栈顶元素: *
判断是否为终结符元素之前的栈中 stack = [#, i, +, i, *]
Grammar.isVT(s.charAt(0)) = true
截取后的栈中元素+
当前栈顶元素: *
判断是否为终结符元素之前的栈中 stack = [#, i, +, i, *]
Grammar.isVT(s.charAt(0)) = true
截取后的栈中元素+
当前栈顶元素: *
判断是否为终结符元素之前的栈中 stack = [#, i, +, i, *]
Grammar.isVT(s.charAt(0)) = true
截取后的栈中元素+
当前栈顶元素: *
判断是否为终结符元素之前的栈中 stack = [#, i, +, i, *]
Grammar.isVT(s.charAt(0)) = true
截取后的栈中元素+
当前栈顶元素: *
判断是否为终结符元素之前的栈中 stack = [#, i, +, i, *]
Grammar.isVT(s.charAt(0)) = true
截取后的栈中元素+
当前栈顶元素: *
判断是否为终结符元素之前的栈中 stack = [#, i, +, i, *]
Grammar.isVT(s.charAt(0)) = true
截取后的栈中元素+
当前栈顶元素: *
判断是否为终结符元素之前的栈中 stack = [#, i, +, i, *]
Grammar.isVT(s.charAt(0)) = true
截取后的栈中元素+
当前栈顶元素: *
判断是否为终结符元素之前的栈中 stack = [#, i, +, i, *]
Grammar.isVT(s.charAt(0)) = true
截取后的栈中元素+
当前栈顶元素: *
判断是否为终结符元素之前的栈中 stack = [#, i, +, i, *]
Grammar.isVT(s.charAt(0)) = true
截取后的栈中元素+
当前栈顶元素: *
判断是否为终结符元素之前的栈中 stack = [#, i, +, i, *]
Grammar.isVT(s.charAt(0)) = true
截取后的栈中元素+

java.lang.StringIndexOutOfBoundsException: String index out of range: 5

	at java.base/java.lang.StringLatin1.charAt(StringLatin1.java:48)
	at java.base/java.lang.String.charAt(String.java:1515)
	at com.typhoon.operator.OperationAnalyseImpl.analyseSentential(OperationAnalyseImpl.java:37)
	at TestDemo1.test01(TestDemo1.java:81)
	at java.base/jdk.internal.reflect.NativeMethodAccessorImpl.invoke0(Native Method)
	at java.base/jdk.internal.reflect.NativeMethodAccessorImpl.invoke(NativeMethodAccessorImpl.java:77)
	at java.base/jdk.internal.reflect.DelegatingMethodAccessorImpl.invoke(DelegatingMethodAccessorImpl.java:43)
	at java.base/java.lang.reflect.Method.invoke(Method.java:568)
	at org.junit.runners.model.FrameworkMethod$1.runReflectiveCall(FrameworkMethod.java:59)
	at org.junit.internal.runners.model.ReflectiveCallable.run(ReflectiveCallable.java:12)
	at org.junit.runners.model.FrameworkMethod.invokeExplosively(FrameworkMethod.java:56)
	at org.junit.internal.runners.statements.InvokeMethod.evaluate(InvokeMethod.java:17)
	at org.junit.runners.ParentRunner$3.evaluate(ParentRunner.java:306)
	at org.junit.runners.BlockJUnit4ClassRunner$1.evaluate(BlockJUnit4ClassRunner.java:100)
	at org.junit.runners.ParentRunner.runLeaf(ParentRunner.java:366)
	at org.junit.runners.BlockJUnit4ClassRunner.runChild(BlockJUnit4ClassRunner.java:103)
	at org.junit.runners.BlockJUnit4ClassRunner.runChild(BlockJUnit4ClassRunner.java:63)
	at org.junit.runners.ParentRunner$4.run(ParentRunner.java:331)
	at org.junit.runners.ParentRunner$1.schedule(ParentRunner.java:79)
	at org.junit.runners.ParentRunner.runChildren(ParentRunner.java:329)
	at org.junit.runners.ParentRunner.access$100(ParentRunner.java:66)
	at org.junit.runners.ParentRunner$2.evaluate(ParentRunner.java:293)
	at org.junit.runners.ParentRunner$3.evaluate(ParentRunner.java:306)
	at org.junit.runners.ParentRunner.run(ParentRunner.java:413)
	at org.junit.runner.JUnitCore.run(JUnitCore.java:137)
	at com.intellij.junit4.JUnit4IdeaTestRunner.startRunnerWithArgs(JUnit4IdeaTestRunner.java:69)
	at com.intellij.rt.junit.IdeaTestRunner$Repeater$1.execute(IdeaTestRunner.java:38)
	at com.intellij.rt.execution.junit.TestsRepeater.repeat(TestsRepeater.java:11)
	at com.intellij.rt.junit.IdeaTestRunner$Repeater.startRunnerWithArgs(IdeaTestRunner.java:35)
	at com.intellij.rt.junit.JUnitStarter.prepareStreamsAndStart(JUnitStarter.java:235)
	at com.intellij.rt.junit.JUnitStarter.main(JUnitStarter.java:54)


进程已结束,退出代码255
