/Users/typhoon/Library/Java/JavaVirtualMachines/corretto-11.0.14.1/Contents/Home/bin/java -ea -Didea.test.cyclic.buffer.size=1048576 -javaagent:/Applications/IntelliJ IDEA.app/Contents/lib/idea_rt.jar=50419:/Applications/IntelliJ IDEA.app/Contents/bin -Dfile.encoding=UTF-8 -classpath /Applications/IntelliJ IDEA.app/Contents/lib/idea_rt.jar:/Applications/IntelliJ IDEA.app/Contents/plugins/junit/lib/junit5-rt.jar:/Applications/IntelliJ IDEA.app/Contents/plugins/junit/lib/junit-rt.jar:/Users/typhoon/IdeaProjects/OperatorPriorityAnalyzer/out/test/OperatorPriorityAnalyzer:/Users/typhoon/IdeaProjects/OperatorPriorityAnalyzer/out/production/OperatorPriorityAnalyzer:/Users/typhoon/.m2/repository/junit/junit/4.13.1/junit-4.13.1.jar:/Users/typhoon/.m2/repository/org/hamcrest/hamcrest-core/1.3/hamcrest-core-1.3.jar com.intellij.rt.junit.JUnitStarter -ideVersion5 -junit4 TestDemo1
0
原文法集合[G[E]:, E->E|E+T|T, T->T*F|F, F->P/F|P, P->(E)|i]
拆分文法循环

中间符号文法
中间部分 E->E E->E+T

当前字符T

文末部分修改前T

文末部分 E->E E->E+T E->T

文末部分修改后T

newString =  E->E E->E+T E->T

长度变化处[, E->E, E->E+T, E->T]

拆分文法循环

文末部分修改前E->E+T

文末部分 E->E E->E+T E->T E->E->E+T

文末部分修改后E->E+T

文末部分修改前E->E+T

文末部分 E->E E->E+T E->T E->E->E+T E->E->E+T
文末部分修改后E->E+T
文末部分修改前E->E+T
文末部分 E->E E->E+T E->T E->E->E+T E->E->E+T E->E->E+T
文末部分修改后E->E+T
文末部分修改前E->E+T
文末部分 E->E E->E+T E->T E->E->E+T E->E->E+T E->E->E+T E->E->E+T
文末部分修改后E->E+T
文末部分修改前E->E+T
文末部分 E->E E->E+T E->T E->E->E+T E->E->E+T E->E->E+T E->E->E+T E->E->E+T
文末部分修改后E->E+T
文末部分修改前E->E+T
文末部分 E->E E->E+T E->T E->E->E+T E->E->E+T E->E->E+T E->E->E+T E->E->E+T E->E->E+T
文末部分修改后E->E+T
newString =  E->E E->E+T E->T E->E->E+T E->E->E+T E->E->E+T E->E->E+T E->E->E+T E->E->E+T
长度变化处[, E->E, E->E+T, E->T, E->E->E+T, E->E->E+T, E->E->E+T, E->E->E+T, E->E->E+T, E->E->E+T]
拆分文法循环
文末部分修改前E->T
文末部分 E->E E->E+T E->T E->E->E+T E->E->E+T E->E->E+T E->E->E+T E->E->E+T E->E->E+T E->E->T
文末部分修改后E->T
文末部分修改前E->T
文末部分 E->E E->E+T E->T E->E->E+T E->E->E+T E->E->E+T E->E->E+T E->E->E+T E->E->E+T E->E->T E->E->T
文末部分修改后E->T
文末部分修改前E->T
文末部分 E->E E->E+T E->T E->E->E+T E->E->E+T E->E->E+T E->E->E+T E->E->E+T E->E->E+T E->E->T E->E->T E->E->T
文末部分修改后E->T
文末部分修改前E->T
文末部分 E->E E->E+T E->T E->E->E+T E->E->E+T E->E->E+T E->E->E+T E->E->E+T E->E->E+T E->E->T E->E->T E->E->T E->E->T
文末部分修改后E->T
newString =  E->E E->E+T E->T E->E->E+T E->E->E+T E->E->E+T E->E->E+T E->E->E+T E->E->E+T E->E->T E->E->T E->E->T E->E->T
长度变化处[, E->E, E->E+T, E->T, E->E->E+T, E->E->E+T, E->E->E+T, E->E->E+T, E->E->E+T, E->E->E+T, E->E->T, E->E->T, E->E->T, E->E->T]
拆分文法循环
文末部分修改前E->E->E+T
文末部分 E->E E->E+T E->T E->E->E+T E->E->E+T E->E->E+T E->E->E+T E->E->E+T E->E->E+T E->E->T E->E->T E->E->T E->E->T E->E->E->E+T
文末部分修改后E->E->E+T
文末部分修改前E->E->E+T
文末部分 E->E E->E+T E->T E->E->E+T E->E->E+T E->E->E+T E->E->E+T E->E->E+T E->E->E+T E->E->T E->E->T E->E->T E->E->T E->E->E->E+T E->E->E->E+T
文末部分修改后E->E->E+T
文末部分修改前E->E->E+T
文末部分 E->E E->E+T E->T E->E->E+T E->E->E+T E->E->E+T E->E->E+T E->E->E+T E->E->E+T E->E->T E->E->T E->E->T E->E->T E->E->E->E+T E->E->E->E+T E->E->E->E+T
文末部分修改后E->E->E+T
文末部分修改前E->E->E+T
文末部分 E->E E->E+T E->T E->E->E+T E->E->E+T E->E->E+T E->E->E+T E->E->E+T E->E->E+T E->E->T E->E->T E->E->T E->E->T E->E->E->E+T E->E->E->E+T E->E->E->E+T E->E->E->E+T
文末部分修改后E->E->E+T
文末部分修改前E->E->E+T
文末部分 E->E E->E+T E->T E->E->E+T E->E->E+T E->E->E+T E->E->E+T E->E->E+T E->E->E+T E->E->T E->E->T E->E->T E->E->T E->E->E->E+T E->E->E->E+T E->E->E->E+T E->E->E->E+T E->E->E->E+T
文末部分修改后E->E->E+T
文末部分修改前E->E->E+T
文末部分 E->E E->E+T E->T E->E->E+T E->E->E+T E->E->E+T E->E->E+T E->E->E+T E->E->E+T E->E->T E->E->T E->E->T E->E->T E->E->E->E+T E->E->E->E+T E->E->E->E+T E->E->E->E+T E->E->E->E+T E->E->E->E+T
文末部分修改后E->E->E+T
文末部分修改前E->E->E+T
文末部分 E->E E->E+T E->T E->E->E+T E->E->E+T E->E->E+T E->E->E+T E->E->E+T E->E->E+T E->E->T E->E->T E->E->T E->E->T E->E->E->E+T E->E->E->E+T E->E->E->E+T E->E->E->E+T E->E->E->E+T E->E->E->E+T E->E->E->E+T
文末部分修改后E->E->E+T
文末部分修改前E->E->E+T
文末部分 E->E E->E+T E->T E->E->E+T E->E->E+T E->E->E+T E->E->E+T E->E->E+T E->E->E+T E->E->T E->E->T E->E->T E->E->T E->E->E->E+T E->E->E->E+T E->E->E->E+T E->E->E->E+T E->E->E->E+T E->E->E->E+T E->E->E->E+T E->E->E->E+T
文末部分修改后E->E->E+T
文末部分修改前E->E->E+T
文末部分 E->E E->E+T E->T E->E->E+T E->E->E+T E->E->E+T E->E->E+T E->E->E+T E->E->E+T E->E->T E->E->T E->E->T E->E->T E->E->E->E+T E->E->E->E+T E->E->E->E+T E->E->E->E+T E->E->E->E+T E->E->E->E+T E->E->E->E+T E->E->E->E+T E->E->E->E+T
文末部分修改后E->E->E+T
newString =  E->E E->E+T E->T E->E->E+T E->E->E+T E->E->E+T E->E->E+T E->E->E+T E->E->E+T E->E->T E->E->T E->E->T E->E->T E->E->E->E+T E->E->E->E+T E->E->E->E+T E->E->E->E+T E->E->E->E+T E->E->E->E+T E->E->E->E+T E->E->E->E+T E->E->E->E+T
长度变化处[, E->E, E->E+T, E->T, E->E->E+T, E->E->E+T, E->E->E+T, E->E->E+T, E->E->E+T, E->E->E+T, E->E->T, E->E->T, E->E->T, E->E->T, E->E->E->E+T, E->E->E->E+T, E->E->E->E+T, E->E->E->E+T, E->E->E->E+T, E->E->E->E+T, E->E->E->E+T, E->E->E->E+T, E->E->E->E+T]
拆分文法循环
文末部分修改前E->E->E+T
文末部分 E->E E->E+T E->T E->E->E+T E->E->E+T E->E->E+T E->E->E+T E->E->E+T E->E->E+T E->E->T E->E->T E->E->T E->E->T E->E->E->E+T E->E->E->E+T E->E->E->E+T E->E->E->E+T E->E->E->E+T E->E->E->E+T E->E->E->E+T E->E->E->E+T E->E->E->E+T E->E->E->E+T
文末部分修改后E->E->E+T
文末部分修改前E->E->E+T
文末部分 E->E E->E+T E->T E->E->E+T E->E->E+T E->E->E+T E->E->E+T E->E->E+T E->E->E+T E->E->T E->E->T E->E->T E->E->T E->E->E->E+T E->E->E->E+T E->E->E->E+T E->E->E->E+T E->E->E->E+T E->E->E->E+T E->E->E->E+T E->E->E->E+T E->E->E->E+T E->E->E->E+T E->E->E->E+T
文末部分修改后E->E->E+T
文末部分修改前E->E->E+T
文末部分 E->E E->E+T E->T E->E->E+T E->E->E+T E->E->E+T E->E->E+T E->E->E+T E->E->E+T E->E->T E->E->T E->E->T E->E->T E->E->E->E+T E->E->E->E+T E->E->E->E+T E->E->E->E+T E->E->E->E+T E->E->E->E+T E->E->E->E+T E->E->E->E+T E->E->E->E+T E->E->E->E+T E->E->E->E+T E->E->E->E+T
文末部分修改后E->E->E+T
文末部分修改前E->E->E+T
文末部分 E->E E->E+T E->T E->E->E+T E->E->E+T E->E->E+T E->E->E+T E->E->E+T E->E->E+T E->E->T E->E->T E->E->T E->E->T E->E->E->E+T E->E->E->E+T E->E->E->E+T E->E->E->E+T E->E->E->E+T E->E->E->E+T E->E->E->E+T E->E->E->E+T E->E->E->E+T E->E->E->E+T E->E->E->E+T E->E->E->E+T E->E->E->E+T
文末部分修改后E->E->E+T
文末部分修改前E->E->E+T
文末部分 E->E E->E+T E->T E->E->E+T E->E->E+T E->E->E+T E->E->E+T E->E->E+T E->E->E+T E->E->T E->E->T E->E->T E->E->T E->E->E->E+T E->E->E->E+T E->E->E->E+T E->E->E->E+T E->E->E->E+T E->E->E->E+T E->E->E->E+T E->E->E->E+T E->E->E->E+T E->E->E->E+T E->E->E->E+T E->E->E->E+T E->E->E->E+T E->E->E->E+T
文末部分修改后E->E->E+T
文末部分修改前E->E->E+T
文末部分 E->E E->E+T E->T E->E->E+T E->E->E+T E->E->E+T E->E->E+T E->E->E+T E->E->E+T E->E->T E->E->T E->E->T E->E->T E->E->E->E+T E->E->E->E+T E->E->E->E+T E->E->E->E+T E->E->E->E+T E->E->E->E+T E->E->E->E+T E->E->E->E+T E->E->E->E+T E->E->E->E+T E->E->E->E+T E->E->E->E+T E->E->E->E+T E->E->E->E+T E->E->E->E+T
文末部分修改后E->E->E+T
文末部分修改前E->E->E+T
文末部分 E->E E->E+T E->T E->E->E+T E->E->E+T E->E->E+T E->E->E+T E->E->E+T E->E->E+T E->E->T E->E->T E->E->T E->E->T E->E->E->E+T E->E->E->E+T E->E->E->E+T E->E->E->E+T E->E->E->E+T E->E->E->E+T E->E->E->E+T E->E->E->E+T E->E->E->E+T E->E->E->E+T E->E->E->E+T E->E->E->E+T E->E->E->E+T E->E->E->E+T E->E->E->E+T E->E->E->E+T
文末部分修改后E->E->E+T
文末部分修改前E->E->E+T
文末部分 E->E E->E+T E->T E->E->E+T E->E->E+T E->E->E+T E->E->E+T E->E->E+T E->E->E+T E->E->T E->E->T E->E->T E->E->T E->E->E->E+T E->E->E->E+T E->E->E->E+T E->E->E->E+T E->E->E->E+T E->E->E->E+T E->E->E->E+T E->E->E->E+T E->E->E->E+T E->E->E->E+T E->E->E->E+T E->E->E->E+T E->E->E->E+T E->E->E->E+T E->E->E->E+T E->E->E->E+T E->E->E->E+T
文末部分修改后E->E->E+T
文末部分修改前E->E->E+T
文末部分 E->E E->E+T E->T E->E->E+T E->E->E+T E->E->E+T E->E->E+T E->E->E+T E->E->E+T E->E->T E->E->T E->E->T E->E->T E->E->E->E+T E->E->E->E+T E->E->E->E+T E->E->E->E+T E->E->E->E+T E->E->E->E+T E->E->E->E+T E->E->E->E+T E->E->E->E+T E->E->E->E+T E->E->E->E+T E->E->E->E+T E->E->E->E+T E->E->E->E+T E->E->E->E+T E->E->E->E+T E->E->E->E+T E->E->E->E+T
文末部分修改后E->E->E+T
newString =  E->E E->E+T E->T E->E->E+T E->E->E+T E->E->E+T E->E->E+T E->E->E+T E->E->E+T E->E->T E->E->T E->E->T E->E->T E->E->E->E+T E->E->E->E+T E->E->E->E+T E->E->E->E+T E->E->E->E+T E->E->E->E+T E->E->E->E+T E->E->E->E+T E->E->E->E+T E->E->E->E+T E->E->E->E+T E->E->E->E+T E->E->E->E+T E->E->E->E+T E->E->E->E+T E->E->E->E+T E->E->E->E+T E->E->E->E+T
长度变化处[, E->E, E->E+T, E->T, E->E->E+T, E->E->E+T, E->E->E+T, E->E->E+T, E->E->E+T, E->E->E+T, E->E->T, E->E->T, E->E->T, E->E->T, E->E->E->E+T, E->E->E->E+T, E->E->E->E+T, E->E->E->E+T, E->E->E->E+T, E->E->E->E+T, E->E->E->E+T, E->E->E->E+T, E->E->E->E+T, E->E->E->E+T, E->E->E->E+T, E->E->E->E+T, E->E->E->E+T, E->E->E->E+T, E->E->E->E+T, E->E->E->E+T, E->E->E->E+T, E->E->E->E+T]
拆分文法循环
文末部分修改前E->E->E+T
文末部分 E->E E->E+T E->T E->E->E+T E->E->E+T E->E->E+T E->E->E+T E->E->E+T E->E->E+T E->E->T E->E->T E->E->T E->E->T E->E->E->E+T E->E->E->E+T E->E->E->E+T E->E->E->E+T E->E->E->E+T E->E->E->E+T E->E->E->E+T E->E->E->E+T E->E->E->E+T E->E->E->E+T E->E->E->E+T E->E->E->E+T E->E->E->E+T E->E->E->E+T E->E->E->E+T E->E->E->E+T E->E->E->E+T E->E->E->E+T E->E->E->E+T
文末部分修改后E->E->E+T
文末部分修改前E->E->E+T
文末部分 E->E E->E+T E->T E->E->E+T E->E->E+T E->E->E+T E->E->E+T E->E->E+T E->E->E+T E->E->T E->E->T E->E->T E->E->T E->E->E->E+T E->E->E->E+T E->E->E->E+T E->E->E->E+T E->E->E->E+T E->E->E->E+T E->E->E->E+T E->E->E->E+T E->E->E->E+T E->E->E->E+T E->E->E->E+T E->E->E->E+T E->E->E->E+T E->E->E->E+T E->E->E->E+T E->E->E->E+T E->E->E->E+T E->E->E->E+T E->E->E->E+T E->E->E->E+T
文末部分修改后E->E->E+T
文末部分修改前E->E->E+T
文末部分 E->E E->E+T E->T E->E->E+T E->E->E+T E->E->E+T E->E->E+T E->E->E+T E->E->E+T E->E->T E->E->T E->E->T E->E->T E->E->E->E+T E->E->E->E+T E->E->E->E+T E->E->E->E+T E->E->E->E+T E->E->E->E+T E->E->E->E+T E->E->E->E+T E->E->E->E+T E->E->E->E+T E->E->E->E+T E->E->E->E+T E->E->E->E+T E->E->E->E+T E->E->E->E+T E->E->E->E+T E->E->E->E+T E->E->E->E+T E->E->E->E+T E->E->E->E+T E->E->E->E+T
文末部分修改后E->E->E+T
文末部分修改前E->E->E+T
文末部分 E->E E->E+T E->T E->E->E+T E->E->E+T E->E->E+T E->E->E+T E->E->E+T E->E->E+T E->E->T E->E->T E->E->T E->E->T E->E->E->E+T E->E->E->E+T E->E->E->E+T E->E->E->E+T E->E->E->E+T E->E->E->E+T E->E->E->E+T E->E->E->E+T E->E->E->E+T E->E->E->E+T E->E->E->E+T E->E->E->E+T E->E->E->E+T E->E->E->E+T E->E->E->E+T E->E->E->E+T E->E->E->E+T E->E->E->E+T E->E->E->E+T E->E->E->E+T E->E->E->E+T E->E->E->E+T
文末部分修改后E->E->E+T
文末部分修改前E->E->E+T
文末部分 E->E E->E+T E->T E->E->E+T E->E->E+T E->E->E+T E->E->E+T E->E->E+T E->E->E+T E->E->T E->E->T E->E->T E->E->T E->E->E->E+T E->E->E->E+T E->E->E->E+T E->E->E->E+T E->E->E->E+T E->E->E->E+T E->E->E->E+T E->E->E->E+T E->E->E->E+T E->E->E->E+T E->E->E->E+T E->E->E->E+T E->E->E->E+T E->E->E->E+T E->E->E->E+T E->E->E->E+T E->E->E->E+T E->E->E->E+T E->E->E->E+T E->E->E->E+T E->E->E->E+T E->E->E->E+T E->E->E->E+T
文末部分修改后E->E->E+T
文末部分修改前E->E->E+T
文末部分 E->E E->E+T E->T E->E->E+T E->E->E+T E->E->E+T E->E->E+T E->E->E+T E->E->E+T E->E->T E->E->T E->E->T E->E->T E->E->E->E+T E->E->E->E+T E->E->E->E+T E->E->E->E+T E->E->E->E+T E->E->E->E+T E->E->E->E+T E->E->E->E+T E->E->E->E+T E->E->E->E+T E->E->E->E+T E->E->E->E+T E->E->E->E+T E->E->E->E+T E->E->E->E+T E->E->E->E+T E->E->E->E+T E->E->E->E+T E->E->E->E+T E->E->E->E+T E->E->E->E+T E->E->E->E+T E->E->E->E+T E->E->E->E+T
文末部分修改后E->E->E+T
文末部分修改前E->E->E+T
文末部分 E->E E->E+T E->T E->E->E+T E->E->E+T E->E->E+T E->E->E+T E->E->E+T E->E->E+T E->E->T E->E->T E->E->T E->E->T E->E->E->E+T E->E->E->E+T E->E->E->E+T E->E->E->E+T E->E->E->E+T E->E->E->E+T E->E->E->E+T E->E->E->E+T E->E->E->E+T E->E->E->E+T E->E->E->E+T E->E->E->E+T E->E->E->E+T E->E->E->E+T E->E->E->E+T E->E->E->E+T E->E->E->E+T E->E->E->E+T E->E->E->E+T E->E->E->E+T E->E->E->E+T E->E->E->E+T E->E->E->E+T E->E->E->E+T E->E->E->E+T
文末部分修改后E->E->E+T
文末部分修改前E->E->E+T
文末部分 E->E E->E+T E->T E->E->E+T E->E->E+T E->E->E+T E->E->E+T E->E->E+T E->E->E+T E->E->T E->E->T E->E->T E->E->T E->E->E->E+T E->E->E->E+T E->E->E->E+T E->E->E->E+T E->E->E->E+T E->E->E->E+T E->E->E->E+T E->E->E->E+T E->E->E->E+T E->E->E->E+T E->E->E->E+T E->E->E->E+T E->E->E->E+T E->E->E->E+T E->E->E->E+T E->E->E->E+T E->E->E->E+T E->E->E->E+T E->E->E->E+T E->E->E->E+T E->E->E->E+T E->E->E->E+T E->E->E->E+T E->E->E->E+T E->E->E->E+T E->E->E->E+T
文末部分修改后E->E->E+T
文末部分修改前E->E->E+T
文末部分 E->E E->E+T E->T E->E->E+T E->E->E+T E->E->E+T E->E->E+T E->E->E+T E->E->E+T E->E->T E->E->T E->E->T E->E->T E->E->E->E+T E->E->E->E+T E->E->E->E+T E->E->E->E+T E->E->E->E+T E->E->E->E+T E->E->E->E+T E->E->E->E+T E->E->E->E+T E->E->E->E+T E->E->E->E+T E->E->E->E+T E->E->E->E+T E->E->E->E+T E->E->E->E+T E->E->E->E+T E->E->E->E+T E->E->E->E+T E->E->E->E+T E->E->E->E+T E->E->E->E+T E->E->E->E+T E->E->E->E+T E->E->E->E+T E->E->E->E+T E->E->E->E+T E->E->E->E+T
文末部分修改后E->E->E+T
newString =  E->E E->E+T E->T E->E->E+T E->E->E+T E->E->E+T E->E->E+T E->E->E+T E->E->E+T E->E->T E->E->T E->E->T E->E->T E->E->E->E+T E->E->E->E+T E->E->E->E+T E->E->E->E+T E->E->E->E+T E->E->E->E+T E->E->E->E+T E->E->E->E+T E->E->E->E+T E->E->E->E+T E->E->E->E+T E->E->E->E+T E->E->E->E+T E->E->E->E+T E->E->E->E+T E->E->E->E+T E->E->E->E+T E->E->E->E+T E->E->E->E+T E->E->E->E+T E->E->E->E+T E->E->E->E+T E->E->E->E+T E->E->E->E+T E->E->E->E+T E->E->E->E+T E->E->E->E+T
长度变化处[, E->E, E->E+T, E->T, E->E->E+T, E->E->E+T, E->E->E+T, E->E->E+T, E->E->E+T, E->E->E+T, E->E->T, E->E->T, E->E->T, E->E->T, E->E->E->E+T, E->E->E->E+T, E->E->E->E+T, E->E->E->E+T, E->E->E->E+T, E->E->E->E+T, E->E->E->E+T, E->E->E->E+T, E->E->E->E+T, E->E->E->E+T, E->E->E->E+T, E->E->E->E+T, E->E->E->E+T, E->E->E->E+T, E->E->E->E+T, E->E->E->E+T, E->E->E->E+T, E->E->E->E+T, E->E->E->E+T, E->E->E->E+T, E->E->E->E+T, E->E->E->E+T, E->E->E->E+T, E->E->E->E+T, E->E->E->E+T, E->E->E->E+T, E->E->E->E+T]
拆分文法循环
文末部分修改前E->E->E+T
文末部分 E->E E->E+T E->T E->E->E+T E->E->E+T E->E->E+T E->E->E+T E->E->E+T E->E->E+T E->E->T E->E->T E->E->T E->E->T E->E->E->E+T E->E->E->E+T E->E->E->E+T E->E->E->E+T E->E->E->E+T E->E->E->E+T E->E->E->E+T E->E->E->E+T E->E->E->E+T E->E->E->E+T E->E->E->E+T E->E->E->E+T E->E->E->E+T E->E->E->E+T E->E->E->E+T E->E->E->E+T E->E->E->E+T E->E->E->E+T E->E->E->E+T E->E->E->E+T E->E->E->E+T E->E->E->E+T E->E->E->E+T E->E->E->E+T E->E->E->E+T E->E->E->E+T E->E->E->E+T E->E->E->E+T
文末部分修改后E->E->E+T
文末部分修改前E->E->E+T
文末部分 E->E E->E+T E->T E->E->E+T E->E->E+T E->E->E+T E->E->E+T E->E->E+T E->E->E+T E->E->T E->E->T E->E->T E->E->T E->E->E->E+T E->E->E->E+T E->E->E->E+T E->E->E->E+T E->E->E->E+T E->E->E->E+T E->E->E->E+T E->E->E->E+T E->E->E->E+T E->E->E->E+T E->E->E->E+T E->E->E->E+T E->E->E->E+T E->E->E->E+T E->E->E->E+T E->E->E->E+T E->E->E->E+T E->E->E->E+T E->E->E->E+T E->E->E->E+T E->E->E->E+T E->E->E->E+T E->E->E->E+T E->E->E->E+T E->E->E->E+T E->E->E->E+T E->E->E->E+T E->E->E->E+T E->E->E->E+T
文末部分修改后E->E->E+T
文末部分修改前E->E->E+T
文末部分 E->E E->E+T E->T E->E->E+T E->E->E+T E->E->E+T E->E->E+T E->E->E+T E->E->E+T E->E->T E->E->T E->E->T E->E->T E->E->E->E+T E->E->E->E+T E->E->E->E+T E->E->E->E+T E->E->E->E+T E->E->E->E+T E->E->E->E+T E->E->E->E+T E->E->E->E+T E->E->E->E+T E->E->E->E+T E->E->E->E+T E->E->E->E+T E->E->E->E+T E->E->E->E+T E->E->E->E+T E->E->E->E+T E->E->E->E+T E->E->E->E+T E->E->E->E+T E->E->E->E+T E->E->E->E+T E->E->E->E+T E->E->E->E+T E->E->E->E+T E->E->E->E+T E->E->E->E+T E->E->E->E+T E->E->E->E+T E->E->E->E+T
文末部分修改后E->E->E+T
文末部分修改前E->E->E+T
文末部分 E->E E->E+T E->T E->E->E+T E->E->E+T E->E->E+T E->E->E+T E->E->E+T E->E->E+T E->E->T E->E->T E->E->T E->E->T E->E->E->E+T E->E->E->E+T E->E->E->E+T E->E->E->E+T E->E->E->E+T E->E->E->E+T E->E->E->E+T E->E->E->E+T E->E->E->E+T E->E->E->E+T E->E->E->E+T E->E->E->E+T E->E->E->E+T E->E->E->E+T E->E->E->E+T E->E->E->E+T E->E->E->E+T E->E->E->E+T E->E->E->E+T E->E->E->E+T E->E->E->E+T E->E->E->E+T E->E->E->E+T E->E->E->E+T E->E->E->E+T E->E->E->E+T E->E->E->E+T E->E->E->E+T E->E->E->E+T E->E->E->E+T E->E->E->E+T
文末部分修改后E->E->E+T
文末部分修改前E->E->E+T
文末部分 E->E E->E+T E->T E->E->E+T E->E->E+T E->E->E+T E->E->E+T E->E->E+T E->E->E+T E->E->T E->E->T E->E->T E->E->T E->E->E->E+T E->E->E->E+T E->E->E->E+T E->E->E->E+T E->E->E->E+T E->E->E->E+T E->E->E->E+T E->E->E->E+T E->E->E->E+T E->E->E->E+T E->E->E->E+T E->E->E->E+T E->E->E->E+T E->E->E->E+T E->E->E->E+T E->E->E->E+T E->E->E->E+T E->E->E->E+T E->E->E->E+T E->E->E->E+T E->E->E->E+T E->E->E->E+T E->E->E->E+T E->E->E->E+T E->E->E->E+T E->E->E->E+T E->E->E->E+T E->E->E->E+T E->E->E->E+T E->E->E->E+T E->E->E->E+T E->E->E->E+T
文末部分修改后E->E->E+T
文末部分修改前E->E->E+T
文末部分 E->E E->E+T E->T E->E->E+T E->E->E+T E->E->E+T E->E->E+T E->E->E+T E->E->E+T E->E->T E->E->T E->E->T E->E->T E->E->E->E+T E->E->E->E+T E->E->E->E+T E->E->E->E+T E->E->E->E+T E->E->E->E+T E->E->E->E+T E->E->E->E+T E->E->E->E+T E->E->E->E+T E->E->E->E+T E->E->E->E+T E->E->E->E+T E->E->E->E+T E->E->E->E+T E->E->E->E+T E->E->E->E+T E->E->E->E+T E->E->E->E+T E->E->E->E+T E->E->E->E+T E->E->E->E+T E->E->E->E+T E->E->E->E+T E->E->E->E+T E->E->E->E+T E->E->E->E+T E->E->E->E+T E->E->E->E+T E->E->E->E+T E->E->E->E+T E->E->E->E+T E->E->E->E+T
文末部分修改后E->E->E+T
文末部分修改前E->E->E+T
文末部分 E->E E->E+T E->T E->E->E+T E->E->E+T E->E->E+T E->E->E+T E->E->E+T E->E->E+T E->E->T E->E->T E->E->T E->E->T E->E->E->E+T E->E->E->E+T E->E->E->E+T E->E->E->E+T E->E->E->E+T E->E->E->E+T E->E->E->E+T E->E->E->E+T E->E->E->E+T E->E->E->E+T E->E->E->E+T E->E->E->E+T E->E->E->E+T E->E->E->E+T E->E->E->E+T E->E->E->E+T E->E->E->E+T E->E->E->E+T E->E->E->E+T E->E->E->E+T E->E->E->E+T E->E->E->E+T E->E->E->E+T E->E->E->E+T E->E->E->E+T E->E->E->E+T E->E->E->E+T E->E->E->E+T E->E->E->E+T E->E->E->E+T E->E->E->E+T E->E->E->E+T E->E->E->E+T E->E->E->E+T
文末部分修改后E->E->E+T
文末部分修改前E->E->E+T
文末部分 E->E E->E+T E->T E->E->E+T E->E->E+T E->E->E+T E->E->E+T E->E->E+T E->E->E+T E->E->T E->E->T E->E->T E->E->T E->E->E->E+T E->E->E->E+T E->E->E->E+T E->E->E->E+T E->E->E->E+T E->E->E->E+T E->E->E->E+T E->E->E->E+T E->E->E->E+T E->E->E->E+T E->E->E->E+T E->E->E->E+T E->E->E->E+T E->E->E->E+T E->E->E->E+T E->E->E->E+T E->E->E->E+T E->E->E->E+T E->E->E->E+T E->E->E->E+T E->E->E->E+T E->E->E->E+T E->E->E->E+T E->E->E->E+T E->E->E->E+T E->E->E->E+T E->E->E->E+T E->E->E->E+T E->E->E->E+T E->E->E->E+T E->E->E->E+T E->E->E->E+T E->E->E->E+T E->E->E->E+T E->E->E->E+T
文末部分修改后E->E->E+T
文末部分修改前E->E->E+T
文末部分 E->E E->E+T E->T E->E->E+T E->E->E+T E->E->E+T E->E->E+T E->E->E+T E->E->E+T E->E->T E->E->T E->E->T E->E->T E->E->E->E+T E->E->E->E+T E->E->E->E+T E->E->E->E+T E->E->E->E+T E->E->E->E+T E->E->E->E+T E->E->E->E+T E->E->E->E+T E->E->E->E+T E->E->E->E+T E->E->E->E+T E->E->E->E+T E->E->E->E+T E->E->E->E+T E->E->E->E+T E->E->E->E+T E->E->E->E+T E->E->E->E+T E->E->E->E+T E->E->E->E+T E->E->E->E+T E->E->E->E+T E->E->E->E+T E->E->E->E+T E->E->E->E+T E->E->E->E+T E->E->E->E+T E->E->E->E+T E->E->E->E+T E->E->E->E+T E->E->E->E+T E->E->E->E+T E->E->E->E+T E->E->E->E+T E->E->E->E+T
文末部分修改后E->E->E+T
newString =  E->E E->E+T E->T E->E->E+T E->E->E+T E->E->E+T E->E->E+T E->E->E+T E->E->E+T E->E->T E->E->T E->E->T E->E->T E->E->E->E+T E->E->E->E+T E->E->E->E+T E->E->E->E+T E->E->E->E+T E->E->E->E+T E->E->E->E+T E->E->E->E+T E->E->E->E+T E->E->E->E+T E->E->E->E+T E->E->E->E+T E->E->E->E+T E->E->E->E+T E->E->E->E+T E->E->E->E+T E->E->E->E+T E->E->E->E+T E->E->E->E+T E->E->E->E+T E->E->E->E+T E->E->E->E+T E->E->E->E+T E->E->E->E+T E->E->E->E+T E->E->E->E+T E->E->E->E+T E->E->E->E+T E->E->E->E+T E->E->E->E+T E->E->E->E+T E->E->E->E+T E->E->E->E+T E->E->E->E+T E->E->E->E+T E->E->E->E+T
长度变化处[, E->E, E->E+T, E->T, E->E->E+T, E->E->E+T, E->E->E+T, E->E->E+T, E->E->E+T, E->E->E+T, E->E->T, E->E->T, E->E->T, E->E->T, E->E->E->E+T, E->E->E->E+T, E->E->E->E+T, E->E->E->E+T, E->E->E->E+T, E->E->E->E+T, E->E->E->E+T, E->E->E->E+T, E->E->E->E+T, E->E->E->E+T, E->E->E->E+T, E->E->E->E+T, E->E->E->E+T, E->E->E->E+T, E->E->E->E+T, E->E->E->E+T, E->E->E->E+T, E->E->E->E+T, E->E->E->E+T, E->E->E->E+T, E->E->E->E+T, E->E->E->E+T, E->E->E->E+T, E->E->E->E+T, E->E->E->E+T, E->E->E->E+T, E->E->E->E+T, E->E->E->E+T, E->E->E->E+T, E->E->E->E+T, E->E->E->E+T, E->E->E->E+T, E->E->E->E+T, E->E->E->E+T, E->E->E->E+T, E->E->E->E+T]
拆分文法循环
文末部分修改前E->E->E+T
文末部分 E->E E->E+T E->T E->E->E+T E->E->E+T E->E->E+T E->E->E+T E->E->E+T E->E->E+T E->E->T E->E->T E->E->T E->E->T E->E->E->E+T E->E->E->E+T E->E->E->E+T E->E->E->E+T E->E->E->E+T E->E->E->E+T E->E->E->E+T E->E->E->E+T E->E->E->E+T E->E->E->E+T E->E->E->E+T E->E->E->E+T E->E->E->E+T E->E->E->E+T E->E->E->E+T E->E->E->E+T E->E->E->E+T E->E->E->E+T E->E->E->E+T E->E->E->E+T E->E->E->E+T E->E->E->E+T E->E->E->E+T E->E->E->E+T E->E->E->E+T E->E->E->E+T E->E->E->E+T E->E->E->E+T E->E->E->E+T E->E->E->E+T E->E->E->E+T E->E->E->E+T E->E->E->E+T E->E->E->E+T E->E->E->E+T E->E->E->E+T E->E->E->E+T
文末部分修改后E->E->E+T
文末部分修改前E->E->E+T
文末部分 E->E E->E+T E->T E->E->E+T E->E->E+T E->E->E+T E->E->E+T E->E->E+T E->E->E+T E->E->T E->E->T E->E->T E->E->T E->E->E->E+T E->E->E->E+T E->E->E->E+T E->E->E->E+T E->E->E->E+T E->E->E->E+T E->E->E->E+T E->E->E->E+T E->E->E->E+T E->E->E->E+T E->E->E->E+T E->E->E->E+T E->E->E->E+T E->E->E->E+T E->E->E->E+T E->E->E->E+T E->E->E->E+T E->E->E->E+T E->E->E->E+T E->E->E->E+T E->E->E->E+T E->E->E->E+T E->E->E->E+T E->E->E->E+T E->E->E->E+T E->E->E->E+T E->E->E->E+T E->E->E->E+T E->E->E->E+T E->E->E->E+T E->E->E->E+T E->E->E->E+T E->E->E->E+T E->E->E->E+T E->E->E->E+T E->E->E->E+T E->E->E->E+T E->E->E->E+T
文末部分修改后E->E->E+T
文末部分修改前E->E->E+T
文末部分 E->E E->E+T E->T E->E->E+T E->E->E+T E->E->E+T E->E->E+T E->E->E+T E->E->E+T E->E->T E->E->T E->E->T E->E->T E->E->E->E+T E->E->E->E+T E->E->E->E+T E->E->E->E+T E->E->E->E+T E->E->E->E+T E->E->E->E+T E->E->E->E+T E->E->E->E+T E->E->E->E+T E->E->E->E+T E->E->E->E+T E->E->E->E+T E->E->E->E+T E->E->E->E+T E->E->E->E+T E->E->E->E+T E->E->E->E+T E->E->E->E+T E->E->E->E+T E->E->E->E+T E->E->E->E+T E->E->E->E+T E->E->E->E+T E->E->E->E+T E->E->E->E+T E->E->E->E+T E->E->E->E+T E->E->E->E+T E->E->E->E+T E->E->E->E+T E->E->E->E+T E->E->E->E+T E->E->E->E+T E->E->E->E+T E->E->E->E+T E->E->E->E+T E->E->E->E+T E->E->E->E+T
文末部分修改后E->E->E+T
文末部分修改前E->E->E+T
文末部分 E->E E->E+T E->T E->E->E+T E->E->E+T E->E->E+T E->E->E+T E->E->E+T E->E->E+T E->E->T E->E->T E->E->T E->E->T E->E->E->E+T E->E->E->E+T E->E->E->E+T E->E->E->E+T E->E->E->E+T E->E->E->E+T E->E->E->E+T E->E->E->E+T E->E->E->E+T E->E->E->E+T E->E->E->E+T E->E->E->E+T E->E->E->E+T E->E->E->E+T E->E->E->E+T E->E->E->E+T E->E->E->E+T E->E->E->E+T E->E->E->E+T E->E->E->E+T E->E->E->E+T E->E->E->E+T E->E->E->E+T E->E->E->E+T E->E->E->E+T E->E->E->E+T E->E->E->E+T E->E->E->E+T E->E->E->E+T E->E->E->E+T E->E->E->E+T E->E->E->E+T E->E->E->E+T E->E->E->E+T E->E->E->E+T E->E->E->E+T E->E->E->E+T E->E->E->E+T E->E->E->E+T E->E->E->E+T
文末部分修改后E->E->E+T
文末部分修改前E->E->E+T
文末部分 E->E E->E+T E->T E->E->E+T E->E->E+T E->E->E+T E->E->E+T E->E->E+T E->E->E+T E->E->T E->E->T E->E->T E->E->T E->E->E->E+T E->E->E->E+T E->E->E->E+T E->E->E->E+T E->E->E->E+T E->E->E->E+T E->E->E->E+T E->E->E->E+T E->E->E->E+T E->E->E->E+T E->E->E->E+T E->E->E->E+T E->E->E->E+T E->E->E->E+T E->E->E->E+T E->E->E->E+T E->E->E->E+T E->E->E->E+T E->E->E->E+T E->E->E->E+T E->E->E->E+T E->E->E->E+T E->E->E->E+T E->E->E->E+T E->E->E->E+T E->E->E->E+T E->E->E->E+T E->E->E->E+T E->E->E->E+T E->E->E->E+T E->E->E->E+T E->E->E->E+T E->E->E->E+T E->E->E->E+T E->E->E->E+T E->E->E->E+T E->E->E->E+T E->E->E->E+T E->E->E->E+T E->E->E->E+T E->E->E->E+T
文末部分修改后E->E->E+T
文末部分修改前E->E->E+T
文末部分 E->E E->E+T E->T E->E->E+T E->E->E+T E->E->E+T E->E->E+T E->E->E+T E->E->E+T E->E->T E->E->T E->E->T E->E->T E->E->E->E+T E->E->E->E+T E->E->E->E+T E->E->E->E+T E->E->E->E+T E->E->E->E+T E->E->E->E+T E->E->E->E+T E->E->E->E+T E->E->E->E+T E->E->E->E+T E->E->E->E+T E->E->E->E+T E->E->E->E+T E->E->E->E+T E->E->E->E+T E->E->E->E+T E->E->E->E+T E->E->E->E+T E->E->E->E+T E->E->E->E+T E->E->E->E+T E->E->E->E+T E->E->E->E+T E->E->E->E+T E->E->E->E+T E->E->E->E+T E->E->E->E+T E->E->E->E+T E->E->E->E+T E->E->E->E+T E->E->E->E+T E->E->E->E+T E->E->E->E+T E->E->E->E+T E->E->E->E+T E->E->E->E+T E->E->E->E+T E->E->E->E+T E->E->E->E+T E->E->E->E+T E->E->E->E+T
文末部分修改后E->E->E+T
文末部分修改前E->E->E+T
文末部分 E->E E->E+T E->T E->E->E+T E->E->E+T E->E->E+T E->E->E+T E->E->E+T E->E->E+T E->E->T E->E->T E->E->T E->E->T E->E->E->E+T E->E->E->E+T E->E->E->E+T E->E->E->E+T E->E->E->E+T E->E->E->E+T E->E->E->E+T E->E->E->E+T E->E->E->E+T E->E->E->E+T E->E->E->E+T E->E->E->E+T E->E->E->E+T E->E->E->E+T E->E->E->E+T E->E->E->E+T E->E->E->E+T E->E->E->E+T E->E->E->E+T E->E->E->E+T E->E->E->E+T E->E->E->E+T E->E->E->E+T E->E->E->E+T E->E->E->E+T E->E->E->E+T E->E->E->E+T E->E->E->E+T E->E->E->E+T E->E->E->E+T E->E->E->E+T E->E->E->E+T E->E->E->E+T E->E->E->E+T E->E->E->E+T E->E->E->E+T E->E->E->E+T E->E->E->E+T E->E->E->E+T E->E->E->E+T E->E->E->E+T E->E->E->E+T E->E->E->E+T
文末部分修改后E->E->E+T
文末部分修改前E->E->E+T
文末部分 E->E E->E+T E->T E->E->E+T E->E->E+T E->E->E+T E->E->E+T E->E->E+T E->E->E+T E->E->T E->E->T E->E->T E->E->T E->E->E->E+T E->E->E->E+T E->E->E->E+T E->E->E->E+T E->E->E->E+T E->E->E->E+T E->E->E->E+T E->E->E->E+T E->E->E->E+T E->E->E->E+T E->E->E->E+T E->E->E->E+T E->E->E->E+T E->E->E->E+T E->E->E->E+T E->E->E->E+T E->E->E->E+T E->E->E->E+T E->E->E->E+T E->E->E->E+T E->E->E->E+T E->E->E->E+T E->E->E->E+T E->E->E->E+T E->E->E->E+T E->E->E->E+T E->E->E->E+T E->E->E->E+T E->E->E->E+T E->E->E->E+T E->E->E->E+T E->E->E->E+T E->E->E->E+T E->E->E->E+T E->E->E->E+T E->E->E->E+T E->E->E->E+T E->E->E->E+T E->E->E->E+T E->E->E->E+T E->E->E->E+T E->E->E->E+T E->E->E->E+T E->E->E->E+T
文末部分修改后E->E->E+T
文末部分修改前E->E->E+T
文末部分 E->E E->E+T E->T E->E->E+T E->E->E+T E->E->E+T E->E->E+T E->E->E+T E->E->E+T E->E->T E->E->T E->E->T E->E->T E->E->E->E+T E->E->E->E+T E->E->E->E+T E->E->E->E+T E->E->E->E+T E->E->E->E+T E->E->E->E+T E->E->E->E+T E->E->E->E+T E->E->E->E+T E->E->E->E+T E->E->E->E+T E->E->E->E+T E->E->E->E+T E->E->E->E+T E->E->E->E+T E->E->E->E+T E->E->E->E+T E->E->E->E+T E->E->E->E+T E->E->E->E+T E->E->E->E+T E->E->E->E+T E->E->E->E+T E->E->E->E+T E->E->E->E+T E->E->E->E+T E->E->E->E+T E->E->E->E+T E->E->E->E+T E->E->E->E+T E->E->E->E+T E->E->E->E+T E->E->E->E+T E->E->E->E+T E->E->E->E+T E->E->E->E+T E->E->E->E+T E->E->E->E+T E->E->E->E+T E->E->E->E+T E->E->E->E+T E->E->E->E+T E->E->E->E+T E->E->E->E+T
文末部分修改后E->E->E+T
newString =  E->E E->E+T E->T E->E->E+T E->E->E+T E->E->E+T E->E->E+T E->E->E+T E->E->E+T E->E->T E->E->T E->E->T E->E->T E->E->E->E+T E->E->E->E+T E->E->E->E+T E->E->E->E+T E->E->E->E+T E->E->E->E+T E->E->E->E+T E->E->E->E+T E->E->E->E+T E->E->E->E+T E->E->E->E+T E->E->E->E+T E->E->E->E+T E->E->E->E+T E->E->E->E+T E->E->E->E+T E->E->E->E+T E->E->E->E+T E->E->E->E+T E->E->E->E+T E->E->E->E+T E->E->E->E+T E->E->E->E+T E->E->E->E+T E->E->E->E+T E->E->E->E+T E->E->E->E+T E->E->E->E+T E->E->E->E+T E->E->E->E+T E->E->E->E+T E->E->E->E+T E->E->E->E+T E->E->E->E+T E->E->E->E+T E->E->E->E+T E->E->E->E+T E->E->E->E+T E->E->E->E+T E->E->E->E+T E->E->E->E+T E->E->E->E+T E->E->E->E+T E->E->E->E+T E->E->E->E+T
长度变化处[, E->E, E->E+T, E->T, E->E->E+T, E->E->E+T, E->E->E+T, E->E->E+T, E->E->E+T, E->E->E+T, E->E->T, E->E->T, E->E->T, E->E->T, E->E->E->E+T, E->E->E->E+T, E->E->E->E+T, E->E->E->E+T, E->E->E->E+T, E->E->E->E+T, E->E->E->E+T, E->E->E->E+T, E->E->E->E+T, E->E->E->E+T, E->E->E->E+T, E->E->E->E+T, E->E->E->E+T, E->E->E->E+T, E->E->E->E+T, E->E->E->E+T, E->E->E->E+T, E->E->E->E+T, E->E->E->E+T, E->E->E->E+T, E->E->E->E+T, E->E->E->E+T, E->E->E->E+T, E->E->E->E+T, E->E->E->E+T, E->E->E->E+T, E->E->E->E+T, E->E->E->E+T, E->E->E->E+T, E->E->E->E+T, E->E->E->E+T, E->E->E->E+T, E->E->E->E+T, E->E->E->E+T, E->E->E->E+T, E->E->E->E+T, E->E->E->E+T, E->E->E->E+T, E->E->E->E+T, E->E->E->E+T, E->E->E->E+T, E->E->E->E+T, E->E->E->E+T, E->E->E->E+T, E->E->E->E+T]
拆分文法循环
文末部分修改前E->E->E+T
文末部分 E->E E->E+T E->T E->E->E+T E->E->E+T E->E->E+T E->E->E+T E->E->E+T E->E->E+T E->E->T E->E->T E->E->T E->E->T E->E->E->E+T E->E->E->E+T E->E->E->E+T E->E->E->E+T E->E->E->E+T E->E->E->E+T E->E->E->E+T E->E->E->E+T E->E->E->E+T E->E->E->E+T E->E->E->E+T E->E->E->E+T E->E->E->E+T E->E->E->E+T E->E->E->E+T E->E->E->E+T E->E->E->E+T E->E->E->E+T E->E->E->E+T E->E->E->E+T E->E->E->E+T E->E->E->E+T E->E->E->E+T E->E->E->E+T E->E->E->E+T E->E->E->E+T E->E->E->E+T E->E->E->E+T E->E->E->E+T E->E->E->E+T E->E->E->E+T E->E->E->E+T E->E->E->E+T E->E->E->E+T E->E->E->E+T E->E->E->E+T E->E->E->E+T E->E->E->E+T E->E->E->E+T E->E->E->E+T E->E->E->E+T E->E->E->E+T E->E->E->E+T E->E->E->E+T E->E->E->E+T E->E->E->E+T
文末部分修改后E->E->E+T
文末部分修改前E->E->E+T
文末部分 E->E E->E+T E->T E->E->E+T E->E->E+T E->E->E+T E->E->E+T E->E->E+T E->E->E+T E->E->T E->E->T E->E->T E->E->T E->E->E->E+T E->E->E->E+T E->E->E->E+T E->E->E->E+T E->E->E->E+T E->E->E->E+T E->E->E->E+T E->E->E->E+T E->E->E->E+T E->E->E->E+T E->E->E->E+T E->E->E->E+T E->E->E->E+T E->E->E->E+T E->E->E->E+T E->E->E->E+T E->E->E->E+T E->E->E->E+T E->E->E->E+T E->E->E->E+T E->E->E->E+T E->E->E->E+T E->E->E->E+T E->E->E->E+T E->E->E->E+T E->E->E->E+T E->E->E->E+T E->E->E->E+T E->E->E->E+T E->E->E->E+T E->E->E->E+T E->E->E->E+T E->E->E->E+T E->E->E->E+T E->E->E->E+T E->E->E->E+T E->E->E->E+T E->E->E->E+T E->E->E->E+T E->E->E->E+T E->E->E->E+T E->E->E->E+T E->E->E->E+T E->E->E->E+T E->E->E->E+T E->E->E->E+T E->E->E->E+T
文末部分修改后E->E->E+T
文末部分修改前E->E->E+T
文末部分 E->E E->E+T E->T E->E->E+T E->E->E+T E->E->E+T E->E->E+T E->E->E+T E->E->E+T E->E->T E->E->T E->E->T E->E->T E->E->E->E+T E->E->E->E+T E->E->E->E+T E->E->E->E+T E->E->E->E+T E->E->E->E+T E->E->E->E+T E->E->E->E+T E->E->E->E+T E->E->E->E+T E->E->E->E+T E->E->E->E+T E->E->E->E+T E->E->E->E+T E->E->E->E+T E->E->E->E+T E->E->E->E+T E->E->E->E+T E->E->E->E+T E->E->E->E+T E->E->E->E+T E->E->E->E+T E->E->E->E+T E->E->E->E+T E->E->E->E+T E->E->E->E+T E->E->E->E+T E->E->E->E+T E->E->E->E+T E->E->E->E+T E->E->E->E+T E->E->E->E+T E->E->E->E+T E->E->E->E+T E->E->E->E+T E->E->E->E+T E->E->E->E+T E->E->E->E+T E->E->E->E+T E->E->E->E+T E->E->E->E+T E->E->E->E+T E->E->E->E+T E->E->E->E+T E->E->E->E+T E->E->E->E+T E->E->E->E+T E->E->E->E+T
文末部分修改后E->E->E+T
文末部分修改前E->E->E+T
文末部分 E->E E->E+T E->T E->E->E+T E->E->E+T E->E->E+T E->E->E+T E->E->E+T E->E->E+T E->E->T E->E->T E->E->T E->E->T E->E->E->E+T E->E->E->E+T E->E->E->E+T E->E->E->E+T E->E->E->E+T E->E->E->E+T E->E->E->E+T E->E->E->E+T E->E->E->E+T E->E->E->E+T E->E->E->E+T E->E->E->E+T E->E->E->E+T E->E->E->E+T E->E->E->E+T E->E->E->E+T E->E->E->E+T E->E->E->E+T E->E->E->E+T E->E->E->E+T E->E->E->E+T E->E->E->E+T E->E->E->E+T E->E->E->E+T E->E->E->E+T E->E->E->E+T E->E->E->E+T E->E->E->E+T E->E->E->E+T E->E->E->E+T E->E->E->E+T E->E->E->E+T E->E->E->E+T E->E->E->E+T E->E->E->E+T E->E->E->E+T E->E->E->E+T E->E->E->E+T E->E->E->E+T E->E->E->E+T E->E->E->E+T E->E->E->E+T E->E->E->E+T E->E->E->E+T E->E->E->E+T E->E->E->E+T E->E->E->E+T E->E->E->E+T E->E->E->E+T
文末部分修改后E->E->E+T
文末部分修改前E->E->E+T
文末部分 E->E E->E+T E->T E->E->E+T E->E->E+T E->E->E+T E->E->E+T E->E->E+T E->E->E+T E->E->T E->E->T E->E->T E->E->T E->E->E->E+T E->E->E->E+T E->E->E->E+T E->E->E->E+T E->E->E->E+T E->E->E->E+T E->E->E->E+T E->E->E->E+T E->E->E->E+T E->E->E->E+T E->E->E->E+T E->E->E->E+T E->E->E->E+T E->E->E->E+T E->E->E->E+T E->E->E->E+T E->E->E->E+T E->E->E->E+T E->E->E->E+T E->E->E->E+T E->E->E->E+T E->E->E->E+T E->E->E->E+T E->E->E->E+T E->E->E->E+T E->E->E->E+T E->E->E->E+T E->E->E->E+T E->E->E->E+T E->E->E->E+T E->E->E->E+T E->E->E->E+T E->E->E->E+T E->E->E->E+T E->E->E->E+T E->E->E->E+T E->E->E->E+T E->E->E->E+T E->E->E->E+T E->E->E->E+T E->E->E->E+T E->E->E->E+T E->E->E->E+T E->E->E->E+T E->E->E->E+T E->E->E->E+T E->E->E->E+T E->E->E->E+T E->E->E->E+T E->E->E->E+T
文末部分修改后E->E->E+T
文末部分修改前E->E->E+T
文末部分 E->E E->E+T E->T E->E->E+T E->E->E+T E->E->E+T E->E->E+T E->E->E+T E->E->E+T E->E->T E->E->T E->E->T E->E->T E->E->E->E+T E->E->E->E+T E->E->E->E+T E->E->E->E+T E->E->E->E+T E->E->E->E+T E->E->E->E+T E->E->E->E+T E->E->E->E+T E->E->E->E+T E->E->E->E+T E->E->E->E+T E->E->E->E+T E->E->E->E+T E->E->E->E+T E->E->E->E+T E->E->E->E+T E->E->E->E+T E->E->E->E+T E->E->E->E+T E->E->E->E+T E->E->E->E+T E->E->E->E+T E->E->E->E+T E->E->E->E+T E->E->E->E+T E->E->E->E+T E->E->E->E+T E->E->E->E+T E->E->E->E+T E->E->E->E+T E->E->E->E+T E->E->E->E+T E->E->E->E+T E->E->E->E+T E->E->E->E+T E->E->E->E+T E->E->E->E+T E->E->E->E+T E->E->E->E+T E->E->E->E+T E->E->E->E+T E->E->E->E+T E->E->E->E+T E->E->E->E+T E->E->E->E+T E->E->E->E+T E->E->E->E+T E->E->E->E+T E->E->E->E+T E->E->E->E+T
文末部分修改后E->E->E+T
文末部分修改前E->E->E+T
文末部分 E->E E->E+T E->T E->E->E+T E->E->E+T E->E->E+T E->E->E+T E->E->E+T E->E->E+T E->E->T E->E->T E->E->T E->E->T E->E->E->E+T E->E->E->E+T E->E->E->E+T E->E->E->E+T E->E->E->E+T E->E->E->E+T E->E->E->E+T E->E->E->E+T E->E->E->E+T E->E->E->E+T E->E->E->E+T E->E->E->E+T E->E->E->E+T E->E->E->E+T E->E->E->E+T E->E->E->E+T E->E->E->E+T E->E->E->E+T E->E->E->E+T E->E->E->E+T E->E->E->E+T E->E->E->E+T E->E->E->E+T E->E->E->E+T E->E->E->E+T E->E->E->E+T E->E->E->E+T E->E->E->E+T E->E->E->E+T E->E->E->E+T E->E->E->E+T E->E->E->E+T E->E->E->E+T E->E->E->E+T E->E->E->E+T E->E->E->E+T E->E->E->E+T E->E->E->E+T E->E->E->E+T E->E->E->E+T E->E->E->E+T E->E->E->E+T E->E->E->E+T E->E->E->E+T E->E->E->E+T E->E->E->E+T E->E->E->E+T E->E->E->E+T E->E->E->E+T E->E->E->E+T E->E->E->E+T E->E->E->E+T
文末部分修改后E->E->E+T
文末部分修改前E->E->E+T
文末部分 E->E E->E+T E->T E->E->E+T E->E->E+T E->E->E+T E->E->E+T E->E->E+T E->E->E+T E->E->T E->E->T E->E->T E->E->T E->E->E->E+T E->E->E->E+T E->E->E->E+T E->E->E->E+T E->E->E->E+T E->E->E->E+T E->E->E->E+T E->E->E->E+T E->E->E->E+T E->E->E->E+T E->E->E->E+T E->E->E->E+T E->E->E->E+T E->E->E->E+T E->E->E->E+T E->E->E->E+T E->E->E->E+T E->E->E->E+T E->E->E->E+T E->E->E->E+T E->E->E->E+T E->E->E->E+T E->E->E->E+T E->E->E->E+T E->E->E->E+T E->E->E->E+T E->E->E->E+T E->E->E->E+T E->E->E->E+T E->E->E->E+T E->E->E->E+T E->E->E->E+T E->E->E->E+T E->E->E->E+T E->E->E->E+T E->E->E->E+T E->E->E->E+T E->E->E->E+T E->E->E->E+T E->E->E->E+T E->E->E->E+T E->E->E->E+T E->E->E->E+T E->E->E->E+T E->E->E->E+T E->E->E->E+T E->E->E->E+T E->E->E->E+T E->E->E->E+T E->E->E->E+T E->E->E->E+T E->E->E->E+T E->E->E->E+T
文末部分修改后E->E->E+T
文末部分修改前E->E->E+T
文末部分 E->E E->E+T E->T E->E->E+T E->E->E+T E->E->E+T E->E->E+T E->E->E+T E->E->E+T E->E->T E->E->T E->E->T E->E->T E->E->E->E+T E->E->E->E+T E->E->E->E+T E->E->E->E+T E->E->E->E+T E->E->E->E+T E->E->E->E+T E->E->E->E+T E->E->E->E+T E->E->E->E+T E->E->E->E+T E->E->E->E+T E->E->E->E+T E->E->E->E+T E->E->E->E+T E->E->E->E+T E->E->E->E+T E->E->E->E+T E->E->E->E+T E->E->E->E+T E->E->E->E+T E->E->E->E+T E->E->E->E+T E->E->E->E+T E->E->E->E+T E->E->E->E+T E->E->E->E+T E->E->E->E+T E->E->E->E+T E->E->E->E+T E->E->E->E+T E->E->E->E+T E->E->E->E+T E->E->E->E+T E->E->E->E+T E->E->E->E+T E->E->E->E+T E->E->E->E+T E->E->E->E+T E->E->E->E+T E->E->E->E+T E->E->E->E+T E->E->E->E+T E->E->E->E+T E->E->E->E+T E->E->E->E+T E->E->E->E+T E->E->E->E+T E->E->E->E+T E->E->E->E+T E->E->E->E+T E->E->E->E+T E->E->E->E+T E->E->E->E+T
文末部分修改后E->E->E+T
newString =  E->E E->E+T E->T E->E->E+T E->E->E+T E->E->E+T E->E->E+T E->E->E+T E->E->E+T E->E->T E->E->T E->E->T E->E->T E->E->E->E+T E->E->E->E+T E->E->E->E+T E->E->E->E+T E->E->E->E+T E->E->E->E+T E->E->E->E+T E->E->E->E+T E->E->E->E+T E->E->E->E+T E->E->E->E+T E->E->E->E+T E->E->E->E+T E->E->E->E+T E->E->E->E+T E->E->E->E+T E->E->E->E+T E->E->E->E+T E->E->E->E+T E->E->E->E+T E->E->E->E+T E->E->E->E+T E->E->E->E+T E->E->E->E+T E->E->E->E+T E->E->E->E+T E->E->E->E+T E->E->E->E+T E->E->E->E+T E->E->E->E+T E->E->E->E+T E->E->E->E+T E->E->E->E+T E->E->E->E+T E->E->E->E+T E->E->E->E+T E->E->E->E+T E->E->E->E+T E->E->E->E+T E->E->E->E+T E->E->E->E+T E->E->E->E+T E->E->E->E+T E->E->E->E+T E->E->E->E+T E->E->E->E+T E->E->E->E+T E->E->E->E+T E->E->E->E+T E->E->E->E+T E->E->E->E+T E->E->E->E+T E->E->E->E+T E->E->E->E+T
长度变化处[, E->E, E->E+T, E->T, E->E->E+T, E->E->E+T, E->E->E+T, E->E->E+T, E->E->E+T, E->E->E+T, E->E->T, E->E->T, E->E->T, E->E->T, E->E->E->E+T, E->E->E->E+T, E->E->E->E+T, E->E->E->E+T, E->E->E->E+T, E->E->E->E+T, E->E->E->E+T, E->E->E->E+T, E->E->E->E+T, E->E->E->E+T, E->E->E->E+T, E->E->E->E+T, E->E->E->E+T, E->E->E->E+T, E->E->E->E+T, E->E->E->E+T, E->E->E->E+T, E->E->E->E+T, E->E->E->E+T, E->E->E->E+T, E->E->E->E+T, E->E->E->E+T, E->E->E->E+T, E->E->E->E+T, E->E->E->E+T, E->E->E->E+T, E->E->E->E+T, E->E->E->E+T, E->E->E->E+T, E->E->E->E+T, E->E->E->E+T, E->E->E->E+T, E->E->E->E+T, E->E->E->E+T, E->E->E->E+T, E->E->E->E+T, E->E->E->E+T, E->E->E->E+T, E->E->E->E+T, E->E->E->E+T, E->E->E->E+T, E->E->E->E+T, E->E->E->E+T, E->E->E->E+T, E->E->E->E+T, E->E->E->E+T, E->E->E->E+T, E->E->E->E+T, E->E->E->E+T, E->E->E->E+T, E->E->E->E+T, E->E->E->E+T, E->E->E->E+T, E->E->E->E+T]
拆分文法循环
文末部分修改前E->E->T
文末部分 E->E E->E+T E->T E->E->E+T E->E->E+T E->E->E+T E->E->E+T E->E->E+T E->E->E+T E->E->T E->E->T E->E->T E->E->T E->E->E->E+T E->E->E->E+T E->E->E->E+T E->E->E->E+T E->E->E->E+T E->E->E->E+T E->E->E->E+T E->E->E->E+T E->E->E->E+T E->E->E->E+T E->E->E->E+T E->E->E->E+T E->E->E->E+T E->E->E->E+T E->E->E->E+T E->E->E->E+T E->E->E->E+T E->E->E->E+T E->E->E->E+T E->E->E->E+T E->E->E->E+T E->E->E->E+T E->E->E->E+T E->E->E->E+T E->E->E->E+T E->E->E->E+T E->E->E->E+T E->E->E->E+T E->E->E->E+T E->E->E->E+T E->E->E->E+T E->E->E->E+T E->E->E->E+T E->E->E->E+T E->E->E->E+T E->E->E->E+T E->E->E->E+T E->E->E->E+T E->E->E->E+T E->E->E->E+T E->E->E->E+T E->E->E->E+T E->E->E->E+T E->E->E->E+T E->E->E->E+T E->E->E->E+T E->E->E->E+T E->E->E->E+T E->E->E->E+T E->E->E->E+T E->E->E->E+T E->E->E->E+T E->E->E->E+T E->E->E->E+T E->E->E->T
文末部分修改后E->E->T
文末部分修改前E->E->T
文末部分 E->E E->E+T E->T E->E->E+T E->E->E+T E->E->E+T E->E->E+T E->E->E+T E->E->E+T E->E->T E->E->T E->E->T E->E->T E->E->E->E+T E->E->E->E+T E->E->E->E+T E->E->E->E+T E->E->E->E+T E->E->E->E+T E->E->E->E+T E->E->E->E+T E->E->E->E+T E->E->E->E+T E->E->E->E+T E->E->E->E+T E->E->E->E+T E->E->E->E+T E->E->E->E+T E->E->E->E+T E->E->E->E+T E->E->E->E+T E->E->E->E+T E->E->E->E+T E->E->E->E+T E->E->E->E+T E->E->E->E+T E->E->E->E+T E->E->E->E+T E->E->E->E+T E->E->E->E+T E->E->E->E+T E->E->E->E+T E->E->E->E+T E->E->E->E+T E->E->E->E+T E->E->E->E+T E->E->E->E+T E->E->E->E+T E->E->E->E+T E->E->E->E+T E->E->E->E+T E->E->E->E+T E->E->E->E+T E->E->E->E+T E->E->E->E+T E->E->E->E+T E->E->E->E+T E->E->E->E+T E->E->E->E+T E->E->E->E+T E->E->E->E+T E->E->E->E+T E->E->E->E+T E->E->E->E+T E->E->E->E+T E->E->E->E+T E->E->E->E+T E->E->E->T E->E->E->T
文末部分修改后E->E->T
文末部分修改前E->E->T
文末部分 E->E E->E+T E->T E->E->E+T E->E->E+T E->E->E+T E->E->E+T E->E->E+T E->E->E+T E->E->T E->E->T E->E->T E->E->T E->E->E->E+T E->E->E->E+T E->E->E->E+T E->E->E->E+T E->E->E->E+T E->E->E->E+T E->E->E->E+T E->E->E->E+T E->E->E->E+T E->E->E->E+T E->E->E->E+T E->E->E->E+T E->E->E->E+T E->E->E->E+T E->E->E->E+T E->E->E->E+T E->E->E->E+T E->E->E->E+T E->E->E->E+T E->E->E->E+T E->E->E->E+T E->E->E->E+T E->E->E->E+T E->E->E->E+T E->E->E->E+T E->E->E->E+T E->E->E->E+T E->E->E->E+T E->E->E->E+T E->E->E->E+T E->E->E->E+T E->E->E->E+T E->E->E->E+T E->E->E->E+T E->E->E->E+T E->E->E->E+T E->E->E->E+T E->E->E->E+T E->E->E->E+T E->E->E->E+T E->E->E->E+T E->E->E->E+T E->E->E->E+T E->E->E->E+T E->E->E->E+T E->E->E->E+T E->E->E->E+T E->E->E->E+T E->E->E->E+T E->E->E->E+T E->E->E->E+T E->E->E->E+T E->E->E->E+T E->E->E->E+T E->E->E->T E->E->E->T E->E->E->T
文末部分修改后E->E->T
文末部分修改前E->E->T
文末部分 E->E E->E+T E->T E->E->E+T E->E->E+T E->E->E+T E->E->E+T E->E->E+T E->E->E+T E->E->T E->E->T E->E->T E->E->T E->E->E->E+T E->E->E->E+T E->E->E->E+T E->E->E->E+T E->E->E->E+T E->E->E->E+T E->E->E->E+T E->E->E->E+T E->E->E->E+T E->E->E->E+T E->E->E->E+T E->E->E->E+T E->E->E->E+T E->E->E->E+T E->E->E->E+T E->E->E->E+T E->E->E->E+T E->E->E->E+T E->E->E->E+T E->E->E->E+T E->E->E->E+T E->E->E->E+T E->E->E->E+T E->E->E->E+T E->E->E->E+T E->E->E->E+T E->E->E->E+T E->E->E->E+T E->E->E->E+T E->E->E->E+T E->E->E->E+T E->E->E->E+T E->E->E->E+T E->E->E->E+T E->E->E->E+T E->E->E->E+T E->E->E->E+T E->E->E->E+T E->E->E->E+T E->E->E->E+T E->E->E->E+T E->E->E->E+T E->E->E->E+T E->E->E->E+T E->E->E->E+T E->E->E->E+T E->E->E->E+T E->E->E->E+T E->E->E->E+T E->E->E->E+T E->E->E->E+T E->E->E->E+T E->E->E->E+T E->E->E->E+T E->E->E->T E->E->E->T E->E->E->T E->E->E->T
文末部分修改后E->E->T
文末部分修改前E->E->T
文末部分 E->E E->E+T E->T E->E->E+T E->E->E+T E->E->E+T E->E->E+T E->E->E+T E->E->E+T E->E->T E->E->T E->E->T E->E->T E->E->E->E+T E->E->E->E+T E->E->E->E+T E->E->E->E+T E->E->E->E+T E->E->E->E+T E->E->E->E+T E->E->E->E+T E->E->E->E+T E->E->E->E+T E->E->E->E+T E->E->E->E+T E->E->E->E+T E->E->E->E+T E->E->E->E+T E->E->E->E+T E->E->E->E+T E->E->E->E+T E->E->E->E+T E->E->E->E+T E->E->E->E+T E->E->E->E+T E->E->E->E+T E->E->E->E+T E->E->E->E+T E->E->E->E+T E->E->E->E+T E->E->E->E+T E->E->E->E+T E->E->E->E+T E->E->E->E+T E->E->E->E+T E->E->E->E+T E->E->E->E+T E->E->E->E+T E->E->E->E+T E->E->E->E+T E->E->E->E+T E->E->E->E+T E->E->E->E+T E->E->E->E+T E->E->E->E+T E->E->E->E+T E->E->E->E+T E->E->E->E+T E->E->E->E+T E->E->E->E+T E->E->E->E+T E->E->E->E+T E->E->E->E+T E->E->E->E+T E->E->E->E+T E->E->E->E+T E->E->E->E+T E->E->E->T E->E->E->T E->E->E->T E->E->E->T E->E->E->T
文末部分修改后E->E->T
文末部分修改前E->E->T
文末部分 E->E E->E+T E->T E->E->E+T E->E->E+T E->E->E+T E->E->E+T E->E->E+T E->E->E+T E->E->T E->E->T E->E->T E->E->T E->E->E->E+T E->E->E->E+T E->E->E->E+T E->E->E->E+T E->E->E->E+T E->E->E->E+T E->E->E->E+T E->E->E->E+T E->E->E->E+T E->E->E->E+T E->E->E->E+T E->E->E->E+T E->E->E->E+T E->E->E->E+T E->E->E->E+T E->E->E->E+T E->E->E->E+T E->E->E->E+T E->E->E->E+T E->E->E->E+T E->E->E->E+T E->E->E->E+T E->E->E->E+T E->E->E->E+T E->E->E->E+T E->E->E->E+T E->E->E->E+T E->E->E->E+T E->E->E->E+T E->E->E->E+T E->E->E->E+T E->E->E->E+T E->E->E->E+T E->E->E->E+T E->E->E->E+T E->E->E->E+T E->E->E->E+T E->E->E->E+T E->E->E->E+T E->E->E->E+T E->E->E->E+T E->E->E->E+T E->E->E->E+T E->E->E->E+T E->E->E->E+T E->E->E->E+T E->E->E->E+T E->E->E->E+T E->E->E->E+T E->E->E->E+T E->E->E->E+T E->E->E->E+T E->E->E->E+T E->E->E->E+T E->E->E->T E->E->E->T E->E->E->T E->E->E->T E->E->E->T E->E->E->T
文末部分修改后E->E->T
文末部分修改前E->E->T
文末部分 E->E E->E+T E->T E->E->E+T E->E->E+T E->E->E+T E->E->E+T E->E->E+T E->E->E+T E->E->T E->E->T E->E->T E->E->T E->E->E->E+T E->E->E->E+T E->E->E->E+T E->E->E->E+T E->E->E->E+T E->E->E->E+T E->E->E->E+T E->E->E->E+T E->E->E->E+T E->E->E->E+T E->E->E->E+T E->E->E->E+T E->E->E->E+T E->E->E->E+T E->E->E->E+T E->E->E->E+T E->E->E->E+T E->E->E->E+T E->E->E->E+T E->E->E->E+T E->E->E->E+T E->E->E->E+T E->E->E->E+T E->E->E->E+T E->E->E->E+T E->E->E->E+T E->E->E->E+T E->E->E->E+T E->E->E->E+T E->E->E->E+T E->E->E->E+T E->E->E->E+T E->E->E->E+T E->E->E->E+T E->E->E->E+T E->E->E->E+T E->E->E->E+T E->E->E->E+T E->E->E->E+T E->E->E->E+T E->E->E->E+T E->E->E->E+T E->E->E->E+T E->E->E->E+T E->E->E->E+T E->E->E->E+T E->E->E->E+T E->E->E->E+T E->E->E->E+T E->E->E->E+T E->E->E->E+T E->E->E->E+T E->E->E->E+T E->E->E->E+T E->E->E->T E->E->E->T E->E->E->T E->E->E->T E->E->E->T E->E->E->T E->E->E->T
文末部分修改后E->E->T
newString =  E->E E->E+T E->T E->E->E+T E->E->E+T E->E->E+T E->E->E+T E->E->E+T E->E->E+T E->E->T E->E->T E->E->T E->E->T E->E->E->E+T E->E->E->E+T E->E->E->E+T E->E->E->E+T E->E->E->E+T E->E->E->E+T E->E->E->E+T E->E->E->E+T E->E->E->E+T E->E->E->E+T E->E->E->E+T E->E->E->E+T E->E->E->E+T E->E->E->E+T E->E->E->E+T E->E->E->E+T E->E->E->E+T E->E->E->E+T E->E->E->E+T E->E->E->E+T E->E->E->E+T E->E->E->E+T E->E->E->E+T E->E->E->E+T E->E->E->E+T E->E->E->E+T E->E->E->E+T E->E->E->E+T E->E->E->E+T E->E->E->E+T E->E->E->E+T E->E->E->E+T E->E->E->E+T E->E->E->E+T E->E->E->E+T E->E->E->E+T E->E->E->E+T E->E->E->E+T E->E->E->E+T E->E->E->E+T E->E->E->E+T E->E->E->E+T E->E->E->E+T E->E->E->E+T E->E->E->E+T E->E->E->E+T E->E->E->E+T E->E->E->E+T E->E->E->E+T E->E->E->E+T E->E->E->E+T E->E->E->E+T E->E->E->E+T E->E->E->E+T E->E->E->T E->E->E->T E->E->E->T E->E->E->T E->E->E->T E->E->E->T E->E->E->T
长度变化处[, E->E, E->E+T, E->T, E->E->E+T, E->E->E+T, E->E->E+T, E->E->E+T, E->E->E+T, E->E->E+T, E->E->T, E->E->T, E->E->T, E->E->T, E->E->E->E+T, E->E->E->E+T, E->E->E->E+T, E->E->E->E+T, E->E->E->E+T, E->E->E->E+T, E->E->E->E+T, E->E->E->E+T, E->E->E->E+T, E->E->E->E+T, E->E->E->E+T, E->E->E->E+T, E->E->E->E+T, E->E->E->E+T, E->E->E->E+T, E->E->E->E+T, E->E->E->E+T, E->E->E->E+T, E->E->E->E+T, E->E->E->E+T, E->E->E->E+T, E->E->E->E+T, E->E->E->E+T, E->E->E->E+T, E->E->E->E+T, E->E->E->E+T, E->E->E->E+T, E->E->E->E+T, E->E->E->E+T, E->E->E->E+T, E->E->E->E+T, E->E->E->E+T, E->E->E->E+T, E->E->E->E+T, E->E->E->E+T, E->E->E->E+T, E->E->E->E+T, E->E->E->E+T, E->E->E->E+T, E->E->E->E+T, E->E->E->E+T, E->E->E->E+T, E->E->E->E+T, E->E->E->E+T, E->E->E->E+T, E->E->E->E+T, E->E->E->E+T, E->E->E->E+T, E->E->E->E+T, E->E->E->E+T, E->E->E->E+T, E->E->E->E+T, E->E->E->E+T, E->E->E->E+T, E->E->E->T, E->E->E->T, E->E->E->T, E->E->E->T, E->E->E->T, E->E->E->T, E->E->E->T]
拆分文法循环
文末部分修改前E->E->T
文末部分 E->E E->E+T E->T E->E->E+T E->E->E+T E->E->E+T E->E->E+T E->E->E+T E->E->E+T E->E->T E->E->T E->E->T E->E->T E->E->E->E+T E->E->E->E+T E->E->E->E+T E->E->E->E+T E->E->E->E+T E->E->E->E+T E->E->E->E+T E->E->E->E+T E->E->E->E+T E->E->E->E+T E->E->E->E+T E->E->E->E+T E->E->E->E+T E->E->E->E+T E->E->E->E+T E->E->E->E+T E->E->E->E+T E->E->E->E+T E->E->E->E+T E->E->E->E+T E->E->E->E+T E->E->E->E+T E->E->E->E+T E->E->E->E+T E->E->E->E+T E->E->E->E+T E->E->E->E+T E->E->E->E+T E->E->E->E+T E->E->E->E+T E->E->E->E+T E->E->E->E+T E->E->E->E+T E->E->E->E+T E->E->E->E+T E->E->E->E+T E->E->E->E+T E->E->E->E+T E->E->E->E+T E->E->E->E+T E->E->E->E+T E->E->E->E+T E->E->E->E+T E->E->E->E+T E->E->E->E+T E->E->E->E+T E->E->E->E+T E->E->E->E+T E->E->E->E+T E->E->E->E+T E->E->E->E+T E->E->E->E+T E->E->E->E+T E->E->E->E+T E->E->E->T E->E->E->T E->E->E->T E->E->E->T E->E->E->T E->E->E->T E->E->E->T E->E->E->T
文末部分修改后E->E->T
文末部分修改前E->E->T
文末部分 E->E E->E+T E->T E->E->E+T E->E->E+T E->E->E+T E->E->E+T E->E->E+T E->E->E+T E->E->T E->E->T E->E->T E->E->T E->E->E->E+T E->E->E->E+T E->E->E->E+T E->E->E->E+T E->E->E->E+T E->E->E->E+T E->E->E->E+T E->E->E->E+T E->E->E->E+T E->E->E->E+T E->E->E->E+T E->E->E->E+T E->E->E->E+T E->E->E->E+T E->E->E->E+T E->E->E->E+T E->E->E->E+T E->E->E->E+T E->E->E->E+T E->E->E->E+T E->E->E->E+T E->E->E->E+T E->E->E->E+T E->E->E->E+T E->E->E->E+T E->E->E->E+T E->E->E->E+T E->E->E->E+T E->E->E->E+T E->E->E->E+T E->E->E->E+T E->E->E->E+T E->E->E->E+T E->E->E->E+T E->E->E->E+T E->E->E->E+T E->E->E->E+T E->E->E->E+T E->E->E->E+T E->E->E->E+T E->E->E->E+T E->E->E->E+T E->E->E->E+T E->E->E->E+T E->E->E->E+T E->E->E->E+T E->E->E->E+T E->E->E->E+T E->E->E->E+T E->E->E->E+T E->E->E->E+T E->E->E->E+T E->E->E->E+T E->E->E->E+T E->E->E->T E->E->E->T E->E->E->T E->E->E->T E->E->E->T E->E->E->T E->E->E->T E->E->E->T E->E->E->T
文末部分修改后E->E->T
文末部分修改前E->E->T
文末部分 E->E E->E+T E->T E->E->E+T E->E->E+T E->E->E+T E->E->E+T E->E->E+T E->E->E+T E->E->T E->E->T E->E->T E->E->T E->E->E->E+T E->E->E->E+T E->E->E->E+T E->E->E->E+T E->E->E->E+T E->E->E->E+T E->E->E->E+T E->E->E->E+T E->E->E->E+T E->E->E->E+T E->E->E->E+T E->E->E->E+T E->E->E->E+T E->E->E->E+T E->E->E->E+T E->E->E->E+T E->E->E->E+T E->E->E->E+T E->E->E->E+T E->E->E->E+T E->E->E->E+T E->E->E->E+T E->E->E->E+T E->E->E->E+T E->E->E->E+T E->E->E->E+T E->E->E->E+T E->E->E->E+T E->E->E->E+T E->E->E->E+T E->E->E->E+T E->E->E->E+T E->E->E->E+T E->E->E->E+T E->E->E->E+T E->E->E->E+T E->E->E->E+T E->E->E->E+T E->E->E->E+T E->E->E->E+T E->E->E->E+T E->E->E->E+T E->E->E->E+T E->E->E->E+T E->E->E->E+T E->E->E->E+T E->E->E->E+T E->E->E->E+T E->E->E->E+T E->E->E->E+T E->E->E->E+T E->E->E->E+T E->E->E->E+T E->E->E->E+T E->E->E->T E->E->E->T E->E->E->T E->E->E->T E->E->E->T E->E->E->T E->E->E->T E->E->E->T E->E->E->T E->E->E->T
文末部分修改后E->E->T
文末部分修改前E->E->T
文末部分 E->E E->E+T E->T E->E->E+T E->E->E+T E->E->E+T E->E->E+T E->E->E+T E->E->E+T E->E->T E->E->T E->E->T E->E->T E->E->E->E+T E->E->E->E+T E->E->E->E+T E->E->E->E+T E->E->E->E+T E->E->E->E+T E->E->E->E+T E->E->E->E+T E->E->E->E+T E->E->E->E+T E->E->E->E+T E->E->E->E+T E->E->E->E+T E->E->E->E+T E->E->E->E+T E->E->E->E+T E->E->E->E+T E->E->E->E+T E->E->E->E+T E->E->E->E+T E->E->E->E+T E->E->E->E+T E->E->E->E+T E->E->E->E+T E->E->E->E+T E->E->E->E+T E->E->E->E+T E->E->E->E+T E->E->E->E+T E->E->E->E+T E->E->E->E+T E->E->E->E+T E->E->E->E+T E->E->E->E+T E->E->E->E+T E->E->E->E+T E->E->E->E+T E->E->E->E+T E->E->E->E+T E->E->E->E+T E->E->E->E+T E->E->E->E+T E->E->E->E+T E->E->E->E+T E->E->E->E+T E->E->E->E+T E->E->E->E+T E->E->E->E+T E->E->E->E+T E->E->E->E+T E->E->E->E+T E->E->E->E+T E->E->E->E+T E->E->E->E+T E->E->E->T E->E->E->T E->E->E->T E->E->E->T E->E->E->T E->E->E->T E->E->E->T E->E->E->T E->E->E->T E->E->E->T E->E->E->T
文末部分修改后E->E->T
文末部分修改前E->E->T
文末部分 E->E E->E+T E->T E->E->E+T E->E->E+T E->E->E+T E->E->E+T E->E->E+T E->E->E+T E->E->T E->E->T E->E->T E->E->T E->E->E->E+T E->E->E->E+T E->E->E->E+T E->E->E->E+T E->E->E->E+T E->E->E->E+T E->E->E->E+T E->E->E->E+T E->E->E->E+T E->E->E->E+T E->E->E->E+T E->E->E->E+T E->E->E->E+T E->E->E->E+T E->E->E->E+T E->E->E->E+T E->E->E->E+T E->E->E->E+T E->E->E->E+T E->E->E->E+T E->E->E->E+T E->E->E->E+T E->E->E->E+T E->E->E->E+T E->E->E->E+T E->E->E->E+T E->E->E->E+T E->E->E->E+T E->E->E->E+T E->E->E->E+T E->E->E->E+T E->E->E->E+T E->E->E->E+T E->E->E->E+T E->E->E->E+T E->E->E->E+T E->E->E->E+T E->E->E->E+T E->E->E->E+T E->E->E->E+T E->E->E->E+T E->E->E->E+T E->E->E->E+T E->E->E->E+T E->E->E->E+T E->E->E->E+T E->E->E->E+T E->E->E->E+T E->E->E->E+T E->E->E->E+T E->E->E->E+T E->E->E->E+T E->E->E->E+T E->E->E->E+T E->E->E->T E->E->E->T E->E->E->T E->E->E->T E->E->E->T E->E->E->T E->E->E->T E->E->E->T E->E->E->T E->E->E->T E->E->E->T E->E->E->T
文末部分修改后E->E->T
文末部分修改前E->E->T
文末部分 E->E E->E+T E->T E->E->E+T E->E->E+T E->E->E+T E->E->E+T E->E->E+T E->E->E+T E->E->T E->E->T E->E->T E->E->T E->E->E->E+T E->E->E->E+T E->E->E->E+T E->E->E->E+T E->E->E->E+T E->E->E->E+T E->E->E->E+T E->E->E->E+T E->E->E->E+T E->E->E->E+T E->E->E->E+T E->E->E->E+T E->E->E->E+T E->E->E->E+T E->E->E->E+T E->E->E->E+T E->E->E->E+T E->E->E->E+T E->E->E->E+T E->E->E->E+T E->E->E->E+T E->E->E->E+T E->E->E->E+T E->E->E->E+T E->E->E->E+T E->E->E->E+T E->E->E->E+T E->E->E->E+T E->E->E->E+T E->E->E->E+T E->E->E->E+T E->E->E->E+T E->E->E->E+T E->E->E->E+T E->E->E->E+T E->E->E->E+T E->E->E->E+T E->E->E->E+T E->E->E->E+T E->E->E->E+T E->E->E->E+T E->E->E->E+T E->E->E->E+T E->E->E->E+T E->E->E->E+T E->E->E->E+T E->E->E->E+T E->E->E->E+T E->E->E->E+T E->E->E->E+T E->E->E->E+T E->E->E->E+T E->E->E->E+T E->E->E->E+T E->E->E->T E->E->E->T E->E->E->T E->E->E->T E->E->E->T E->E->E->T E->E->E->T E->E->E->T E->E->E->T E->E->E->T E->E->E->T E->E->E->T E->E->E->T
文末部分修改后E->E->T
文末部分修改前E->E->T
文末部分 E->E E->E+T E->T E->E->E+T E->E->E+T E->E->E+T E->E->E+T E->E->E+T E->E->E+T E->E->T E->E->T E->E->T E->E->T E->E->E->E+T E->E->E->E+T E->E->E->E+T E->E->E->E+T E->E->E->E+T E->E->E->E+T E->E->E->E+T E->E->E->E+T E->E->E->E+T E->E->E->E+T E->E->E->E+T E->E->E->E+T E->E->E->E+T E->E->E->E+T E->E->E->E+T E->E->E->E+T E->E->E->E+T E->E->E->E+T E->E->E->E+T E->E->E->E+T E->E->E->E+T E->E->E->E+T E->E->E->E+T E->E->E->E+T E->E->E->E+T E->E->E->E+T E->E->E->E+T E->E->E->E+T E->E->E->E+T E->E->E->E+T E->E->E->E+T E->E->E->E+T E->E->E->E+T E->E->E->E+T E->E->E->E+T E->E->E->E+T E->E->E->E+T E->E->E->E+T E->E->E->E+T E->E->E->E+T E->E->E->E+T E->E->E->E+T E->E->E->E+T E->E->E->E+T E->E->E->E+T E->E->E->E+T E->E->E->E+T E->E->E->E+T E->E->E->E+T E->E->E->E+T E->E->E->E+T E->E->E->E+T E->E->E->E+T E->E->E->E+T E->E->E->T E->E->E->T E->E->E->T E->E->E->T E->E->E->T E->E->E->T E->E->E->T E->E->E->T E->E->E->T E->E->E->T E->E->E->T E->E->E->T E->E->E->T E->E->E->T
文末部分修改后E->E->T
newString =  E->E E->E+T E->T E->E->E+T E->E->E+T E->E->E+T E->E->E+T E->E->E+T E->E->E+T E->E->T E->E->T E->E->T E->E->T E->E->E->E+T E->E->E->E+T E->E->E->E+T E->E->E->E+T E->E->E->E+T E->E->E->E+T E->E->E->E+T E->E->E->E+T E->E->E->E+T E->E->E->E+T E->E->E->E+T E->E->E->E+T E->E->E->E+T E->E->E->E+T E->E->E->E+T E->E->E->E+T E->E->E->E+T E->E->E->E+T E->E->E->E+T E->E->E->E+T E->E->E->E+T E->E->E->E+T E->E->E->E+T E->E->E->E+T E->E->E->E+T E->E->E->E+T E->E->E->E+T E->E->E->E+T E->E->E->E+T E->E->E->E+T E->E->E->E+T E->E->E->E+T E->E->E->E+T E->E->E->E+T E->E->E->E+T E->E->E->E+T E->E->E->E+T E->E->E->E+T E->E->E->E+T E->E->E->E+T E->E->E->E+T E->E->E->E+T E->E->E->E+T E->E->E->E+T E->E->E->E+T E->E->E->E+T E->E->E->E+T E->E->E->E+T E->E->E->E+T E->E->E->E+T E->E->E->E+T E->E->E->E+T E->E->E->E+T E->E->E->E+T E->E->E->T E->E->E->T E->E->E->T E->E->E->T E->E->E->T E->E->E->T E->E->E->T E->E->E->T E->E->E->T E->E->E->T E->E->E->T E->E->E->T E->E->E->T E->E->E->T
长度变化处[, E->E, E->E+T, E->T, E->E->E+T, E->E->E+T, E->E->E+T, E->E->E+T, E->E->E+T, E->E->E+T, E->E->T, E->E->T, E->E->T, E->E->T, E->E->E->E+T, E->E->E->E+T, E->E->E->E+T, E->E->E->E+T, E->E->E->E+T, E->E->E->E+T, E->E->E->E+T, E->E->E->E+T, E->E->E->E+T, E->E->E->E+T, E->E->E->E+T, E->E->E->E+T, E->E->E->E+T, E->E->E->E+T, E->E->E->E+T, E->E->E->E+T, E->E->E->E+T, E->E->E->E+T, E->E->E->E+T, E->E->E->E+T, E->E->E->E+T, E->E->E->E+T, E->E->E->E+T, E->E->E->E+T, E->E->E->E+T, E->E->E->E+T, E->E->E->E+T, E->E->E->E+T, E->E->E->E+T, E->E->E->E+T, E->E->E->E+T, E->E->E->E+T, E->E->E->E+T, E->E->E->E+T, E->E->E->E+T, E->E->E->E+T, E->E->E->E+T, E->E->E->E+T, E->E->E->E+T, E->E->E->E+T, E->E->E->E+T, E->E->E->E+T, E->E->E->E+T, E->E->E->E+T, E->E->E->E+T, E->E->E->E+T, E->E->E->E+T, E->E->E->E+T, E->E->E->E+T, E->E->E->E+T, E->E->E->E+T, E->E->E->E+T, E->E->E->E+T, E->E->E->E+T, E->E->E->T, E->E->E->T, E->E->E->T, E->E->E->T, E->E->E->T, E->E->E->T, E->E->E->T, E->E->E->T, E->E->E->T, E->E->E->T, E->E->E->T, E->E->E->T, E->E->E->T, E->E->E->T]
拆分文法循环
文末部分修改前E->E->T
文末部分 E->E E->E+T E->T E->E->E+T E->E->E+T E->E->E+T E->E->E+T E->E->E+T E->E->E+T E->E->T E->E->T E->E->T E->E->T E->E->E->E+T E->E->E->E+T E->E->E->E+T E->E->E->E+T E->E->E->E+T E->E->E->E+T E->E->E->E+T E->E->E->E+T E->E->E->E+T E->E->E->E+T E->E->E->E+T E->E->E->E+T E->E->E->E+T E->E->E->E+T E->E->E->E+T E->E->E->E+T E->E->E->E+T E->E->E->E+T E->E->E->E+T E->E->E->E+T E->E->E->E+T E->E->E->E+T E->E->E->E+T E->E->E->E+T E->E->E->E+T E->E->E->E+T E->E->E->E+T E->E->E->E+T E->E->E->E+T E->E->E->E+T E->E->E->E+T E->E->E->E+T E->E->E->E+T E->E->E->E+T E->E->E->E+T E->E->E->E+T E->E->E->E+T E->E->E->E+T E->E->E->E+T E->E->E->E+T E->E->E->E+T E->E->E->E+T E->E->E->E+T E->E->E->E+T E->E->E->E+T E->E->E->E+T E->E->E->E+T E->E->E->E+T E->E->E->E+T E->E->E->E+T E->E->E->E+T E->E->E->E+T E->E->E->E+T E->E->E->E+T E->E->E->T E->E->E->T E->E->E->T E->E->E->T E->E->E->T E->E->E->T E->E->E->T E->E->E->T E->E->E->T E->E->E->T E->E->E->T E->E->E->T E->E->E->T E->E->E->T E->E->E->T
文末部分修改后E->E->T
文末部分修改前E->E->T
文末部分 E->E E->E+T E->T E->E->E+T E->E->E+T E->E->E+T E->E->E+T E->E->E+T E->E->E+T E->E->T E->E->T E->E->T E->E->T E->E->E->E+T E->E->E->E+T E->E->E->E+T E->E->E->E+T E->E->E->E+T E->E->E->E+T E->E->E->E+T E->E->E->E+T E->E->E->E+T E->E->E->E+T E->E->E->E+T E->E->E->E+T E->E->E->E+T E->E->E->E+T E->E->E->E+T E->E->E->E+T E->E->E->E+T E->E->E->E+T E->E->E->E+T E->E->E->E+T E->E->E->E+T E->E->E->E+T E->E->E->E+T E->E->E->E+T E->E->E->E+T E->E->E->E+T E->E->E->E+T E->E->E->E+T E->E->E->E+T E->E->E->E+T E->E->E->E+T E->E->E->E+T E->E->E->E+T E->E->E->E+T E->E->E->E+T E->E->E->E+T E->E->E->E+T E->E->E->E+T E->E->E->E+T E->E->E->E+T E->E->E->E+T E->E->E->E+T E->E->E->E+T E->E->E->E+T E->E->E->E+T E->E->E->E+T E->E->E->E+T E->E->E->E+T E->E->E->E+T E->E->E->E+T E->E->E->E+T E->E->E->E+T E->E->E->E+T E->E->E->E+T E->E->E->T E->E->E->T E->E->E->T E->E->E->T E->E->E->T E->E->E->T E->E->E->T E->E->E->T E->E->E->T E->E->E->T E->E->E->T E->E->E->T E->E->E->T E->E->E->T E->E->E->T E->E->E->T
文末部分修改后E->E->T
文末部分修改前E->E->T
文末部分 E->E E->E+T E->T E->E->E+T E->E->E+T E->E->E+T E->E->E+T E->E->E+T E->E->E+T E->E->T E->E->T E->E->T E->E->T E->E->E->E+T E->E->E->E+T E->E->E->E+T E->E->E->E+T E->E->E->E+T E->E->E->E+T E->E->E->E+T E->E->E->E+T E->E->E->E+T E->E->E->E+T E->E->E->E+T E->E->E->E+T E->E->E->E+T E->E->E->E+T E->E->E->E+T E->E->E->E+T E->E->E->E+T E->E->E->E+T E->E->E->E+T E->E->E->E+T E->E->E->E+T E->E->E->E+T E->E->E->E+T E->E->E->E+T E->E->E->E+T E->E->E->E+T E->E->E->E+T E->E->E->E+T E->E->E->E+T E->E->E->E+T E->E->E->E+T E->E->E->E+T E->E->E->E+T E->E->E->E+T E->E->E->E+T E->E->E->E+T E->E->E->E+T E->E->E->E+T E->E->E->E+T E->E->E->E+T E->E->E->E+T E->E->E->E+T E->E->E->E+T E->E->E->E+T E->E->E->E+T E->E->E->E+T E->E->E->E+T E->E->E->E+T E->E->E->E+T E->E->E->E+T E->E->E->E+T E->E->E->E+T E->E->E->E+T E->E->E->E+T E->E->E->T E->E->E->T E->E->E->T E->E->E->T E->E->E->T E->E->E->T E->E->E->T E->E->E->T E->E->E->T E->E->E->T E->E->E->T E->E->E->T E->E->E->T E->E->E->T E->E->E->T E->E->E->T E->E->E->T
文末部分修改后E->E->T
文末部分修改前E->E->T
文末部分 E->E E->E+T E->T E->E->E+T E->E->E+T E->E->E+T E->E->E+T E->E->E+T E->E->E+T E->E->T E->E->T E->E->T E->E->T E->E->E->E+T E->E->E->E+T E->E->E->E+T E->E->E->E+T E->E->E->E+T E->E->E->E+T E->E->E->E+T E->E->E->E+T E->E->E->E+T E->E->E->E+T E->E->E->E+T E->E->E->E+T E->E->E->E+T E->E->E->E+T E->E->E->E+T E->E->E->E+T E->E->E->E+T E->E->E->E+T E->E->E->E+T E->E->E->E+T E->E->E->E+T E->E->E->E+T E->E->E->E+T E->E->E->E+T E->E->E->E+T E->E->E->E+T E->E->E->E+T E->E->E->E+T E->E->E->E+T E->E->E->E+T E->E->E->E+T E->E->E->E+T E->E->E->E+T E->E->E->E+T E->E->E->E+T E->E->E->E+T E->E->E->E+T E->E->E->E+T E->E->E->E+T E->E->E->E+T E->E->E->E+T E->E->E->E+T E->E->E->E+T E->E->E->E+T E->E->E->E+T E->E->E->E+T E->E->E->E+T E->E->E->E+T E->E->E->E+T E->E->E->E+T E->E->E->E+T E->E->E->E+T E->E->E->E+T E->E->E->E+T E->E->E->T E->E->E->T E->E->E->T E->E->E->T E->E->E->T E->E->E->T E->E->E->T E->E->E->T E->E->E->T E->E->E->T E->E->E->T E->E->E->T E->E->E->T E->E->E->T E->E->E->T E->E->E->T E->E->E->T E->E->E->T
文末部分修改后E->E->T
文末部分修改前E->E->T
文末部分 E->E E->E+T E->T E->E->E+T E->E->E+T E->E->E+T E->E->E+T E->E->E+T E->E->E+T E->E->T E->E->T E->E->T E->E->T E->E->E->E+T E->E->E->E+T E->E->E->E+T E->E->E->E+T E->E->E->E+T E->E->E->E+T E->E->E->E+T E->E->E->E+T E->E->E->E+T E->E->E->E+T E->E->E->E+T E->E->E->E+T E->E->E->E+T E->E->E->E+T E->E->E->E+T E->E->E->E+T E->E->E->E+T E->E->E->E+T E->E->E->E+T E->E->E->E+T E->E->E->E+T E->E->E->E+T E->E->E->E+T E->E->E->E+T E->E->E->E+T E->E->E->E+T E->E->E->E+T E->E->E->E+T E->E->E->E+T E->E->E->E+T E->E->E->E+T E->E->E->E+T E->E->E->E+T E->E->E->E+T E->E->E->E+T E->E->E->E+T E->E->E->E+T E->E->E->E+T E->E->E->E+T E->E->E->E+T E->E->E->E+T E->E->E->E+T E->E->E->E+T E->E->E->E+T E->E->E->E+T E->E->E->E+T E->E->E->E+T E->E->E->E+T E->E->E->E+T E->E->E->E+T E->E->E->E+T E->E->E->E+T E->E->E->E+T E->E->E->E+T E->E->E->T E->E->E->T E->E->E->T E->E->E->T E->E->E->T E->E->E->T E->E->E->T E->E->E->T E->E->E->T E->E->E->T E->E->E->T E->E->E->T E->E->E->T E->E->E->T E->E->E->T E->E->E->T E->E->E->T E->E->E->T E->E->E->T
文末部分修改后E->E->T
文末部分修改前E->E->T
文末部分 E->E E->E+T E->T E->E->E+T E->E->E+T E->E->E+T E->E->E+T E->E->E+T E->E->E+T E->E->T E->E->T E->E->T E->E->T E->E->E->E+T E->E->E->E+T E->E->E->E+T E->E->E->E+T E->E->E->E+T E->E->E->E+T E->E->E->E+T E->E->E->E+T E->E->E->E+T E->E->E->E+T E->E->E->E+T E->E->E->E+T E->E->E->E+T E->E->E->E+T E->E->E->E+T E->E->E->E+T E->E->E->E+T E->E->E->E+T E->E->E->E+T E->E->E->E+T E->E->E->E+T E->E->E->E+T E->E->E->E+T E->E->E->E+T E->E->E->E+T E->E->E->E+T E->E->E->E+T E->E->E->E+T E->E->E->E+T E->E->E->E+T E->E->E->E+T E->E->E->E+T E->E->E->E+T E->E->E->E+T E->E->E->E+T E->E->E->E+T E->E->E->E+T E->E->E->E+T E->E->E->E+T E->E->E->E+T E->E->E->E+T E->E->E->E+T E->E->E->E+T E->E->E->E+T E->E->E->E+T E->E->E->E+T E->E->E->E+T E->E->E->E+T E->E->E->E+T E->E->E->E+T E->E->E->E+T E->E->E->E+T E->E->E->E+T E->E->E->E+T E->E->E->T E->E->E->T E->E->E->T E->E->E->T E->E->E->T E->E->E->T E->E->E->T E->E->E->T E->E->E->T E->E->E->T E->E->E->T E->E->E->T E->E->E->T E->E->E->T E->E->E->T E->E->E->T E->E->E->T E->E->E->T E->E->E->T E->E->E->T
文末部分修改后E->E->T
文末部分修改前E->E->T
文末部分 E->E E->E+T E->T E->E->E+T E->E->E+T E->E->E+T E->E->E+T E->E->E+T E->E->E+T E->E->T E->E->T E->E->T E->E->T E->E->E->E+T E->E->E->E+T E->E->E->E+T E->E->E->E+T E->E->E->E+T E->E->E->E+T E->E->E->E+T E->E->E->E+T E->E->E->E+T E->E->E->E+T E->E->E->E+T E->E->E->E+T E->E->E->E+T E->E->E->E+T E->E->E->E+T E->E->E->E+T E->E->E->E+T E->E->E->E+T E->E->E->E+T E->E->E->E+T E->E->E->E+T E->E->E->E+T E->E->E->E+T E->E->E->E+T E->E->E->E+T E->E->E->E+T E->E->E->E+T E->E->E->E+T E->E->E->E+T E->E->E->E+T E->E->E->E+T E->E->E->E+T E->E->E->E+T E->E->E->E+T E->E->E->E+T E->E->E->E+T E->E->E->E+T E->E->E->E+T E->E->E->E+T E->E->E->E+T E->E->E->E+T E->E->E->E+T E->E->E->E+T E->E->E->E+T E->E->E->E+T E->E->E->E+T E->E->E->E+T E->E->E->E+T E->E->E->E+T E->E->E->E+T E->E->E->E+T E->E->E->E+T E->E->E->E+T E->E->E->E+T E->E->E->T E->E->E->T E->E->E->T E->E->E->T E->E->E->T E->E->E->T E->E->E->T E->E->E->T E->E->E->T E->E->E->T E->E->E->T E->E->E->T E->E->E->T E->E->E->T E->E->E->T E->E->E->T E->E->E->T E->E->E->T E->E->E->T E->E->E->T E->E->E->T
文末部分修改后E->E->T
newString =  E->E E->E+T E->T E->E->E+T E->E->E+T E->E->E+T E->E->E+T E->E->E+T E->E->E+T E->E->T E->E->T E->E->T E->E->T E->E->E->E+T E->E->E->E+T E->E->E->E+T E->E->E->E+T E->E->E->E+T E->E->E->E+T E->E->E->E+T E->E->E->E+T E->E->E->E+T E->E->E->E+T E->E->E->E+T E->E->E->E+T E->E->E->E+T E->E->E->E+T E->E->E->E+T E->E->E->E+T E->E->E->E+T E->E->E->E+T E->E->E->E+T E->E->E->E+T E->E->E->E+T E->E->E->E+T E->E->E->E+T E->E->E->E+T E->E->E->E+T E->E->E->E+T E->E->E->E+T E->E->E->E+T E->E->E->E+T E->E->E->E+T E->E->E->E+T E->E->E->E+T E->E->E->E+T E->E->E->E+T E->E->E->E+T E->E->E->E+T E->E->E->E+T E->E->E->E+T E->E->E->E+T E->E->E->E+T E->E->E->E+T E->E->E->E+T E->E->E->E+T E->E->E->E+T E->E->E->E+T E->E->E->E+T E->E->E->E+T E->E->E->E+T E->E->E->E+T E->E->E->E+T E->E->E->E+T E->E->E->E+T E->E->E->E+T E->E->E->E+T E->E->E->T E->E->E->T E->E->E->T E->E->E->T E->E->E->T E->E->E->T E->E->E->T E->E->E->T E->E->E->T E->E->E->T E->E->E->T E->E->E->T E->E->E->T E->E->E->T E->E->E->T E->E->E->T E->E->E->T E->E->E->T E->E->E->T E->E->E->T E->E->E->T
长度变化处[, E->E, E->E+T, E->T, E->E->E+T, E->E->E+T, E->E->E+T, E->E->E+T, E->E->E+T, E->E->E+T, E->E->T, E->E->T, E->E->T, E->E->T, E->E->E->E+T, E->E->E->E+T, E->E->E->E+T, E->E->E->E+T, E->E->E->E+T, E->E->E->E+T, E->E->E->E+T, E->E->E->E+T, E->E->E->E+T, E->E->E->E+T, E->E->E->E+T, E->E->E->E+T, E->E->E->E+T, E->E->E->E+T, E->E->E->E+T, E->E->E->E+T, E->E->E->E+T, E->E->E->E+T, E->E->E->E+T, E->E->E->E+T, E->E->E->E+T, E->E->E->E+T, E->E->E->E+T, E->E->E->E+T, E->E->E->E+T, E->E->E->E+T, E->E->E->E+T, E->E->E->E+T, E->E->E->E+T, E->E->E->E+T, E->E->E->E+T, E->E->E->E+T, E->E->E->E+T, E->E->E->E+T, E->E->E->E+T, E->E->E->E+T, E->E->E->E+T, E->E->E->E+T, E->E->E->E+T, E->E->E->E+T, E->E->E->E+T, E->E->E->E+T, E->E->E->E+T, E->E->E->E+T, E->E->E->E+T, E->E->E->E+T, E->E->E->E+T, E->E->E->E+T, E->E->E->E+T, E->E->E->E+T, E->E->E->E+T, E->E->E->E+T, E->E->E->E+T, E->E->E->E+T, E->E->E->T, E->E->E->T, E->E->E->T, E->E->E->T, E->E->E->T, E->E->E->T, E->E->E->T, E->E->E->T, E->E->E->T, E->E->E->T, E->E->E->T, E->E->E->T, E->E->E->T, E->E->E->T, E->E->E->T, E->E->E->T, E->E->E->T, E->E->E->T, E->E->E->T, E->E->E->T, E->E->E->T]
拆分文法循环
文末部分修改前E->E->T
文末部分 E->E E->E+T E->T E->E->E+T E->E->E+T E->E->E+T E->E->E+T E->E->E+T E->E->E+T E->E->T E->E->T E->E->T E->E->T E->E->E->E+T E->E->E->E+T E->E->E->E+T E->E->E->E+T E->E->E->E+T E->E->E->E+T E->E->E->E+T E->E->E->E+T E->E->E->E+T E->E->E->E+T E->E->E->E+T E->E->E->E+T E->E->E->E+T E->E->E->E+T E->E->E->E+T E->E->E->E+T E->E->E->E+T E->E->E->E+T E->E->E->E+T E->E->E->E+T E->E->E->E+T E->E->E->E+T E->E->E->E+T E->E->E->E+T E->E->E->E+T E->E->E->E+T E->E->E->E+T E->E->E->E+T E->E->E->E+T E->E->E->E+T E->E->E->E+T E->E->E->E+T E->E->E->E+T E->E->E->E+T E->E->E->E+T E->E->E->E+T E->E->E->E+T E->E->E->E+T E->E->E->E+T E->E->E->E+T E->E->E->E+T E->E->E->E+T E->E->E->E+T E->E->E->E+T E->E->E->E+T E->E->E->E+T E->E->E->E+T E->E->E->E+T E->E->E->E+T E->E->E->E+T E->E->E->E+T E->E->E->E+T E->E->E->E+T E->E->E->E+T E->E->E->T E->E->E->T E->E->E->T E->E->E->T E->E->E->T E->E->E->T E->E->E->T E->E->E->T E->E->E->T E->E->E->T E->E->E->T E->E->E->T E->E->E->T E->E->E->T E->E->E->T E->E->E->T E->E->E->T E->E->E->T E->E->E->T E->E->E->T E->E->E->T E->E->E->T
文末部分修改后E->E->T
文末部分修改前E->E->T
文末部分 E->E E->E+T E->T E->E->E+T E->E->E+T E->E->E+T E->E->E+T E->E->E+T E->E->E+T E->E->T E->E->T E->E->T E->E->T E->E->E->E+T E->E->E->E+T E->E->E->E+T E->E->E->E+T E->E->E->E+T E->E->E->E+T E->E->E->E+T E->E->E->E+T E->E->E->E+T E->E->E->E+T E->E->E->E+T E->E->E->E+T E->E->E->E+T E->E->E->E+T E->E->E->E+T E->E->E->E+T E->E->E->E+T E->E->E->E+T E->E->E->E+T E->E->E->E+T E->E->E->E+T E->E->E->E+T E->E->E->E+T E->E->E->E+T E->E->E->E+T E->E->E->E+T E->E->E->E+T E->E->E->E+T E->E->E->E+T E->E->E->E+T E->E->E->E+T E->E->E->E+T E->E->E->E+T E->E->E->E+T E->E->E->E+T E->E->E->E+T E->E->E->E+T E->E->E->E+T E->E->E->E+T E->E->E->E+T E->E->E->E+T E->E->E->E+T E->E->E->E+T E->E->E->E+T E->E->E->E+T E->E->E->E+T E->E->E->E+T E->E->E->E+T E->E->E->E+T E->E->E->E+T E->E->E->E+T E->E->E->E+T E->E->E->E+T E->E->E->E+T E->E->E->T E->E->E->T E->E->E->T E->E->E->T E->E->E->T E->E->E->T E->E->E->T E->E->E->T E->E->E->T E->E->E->T E->E->E->T E->E->E->T E->E->E->T E->E->E->T E->E->E->T E->E->E->T E->E->E->T E->E->E->T E->E->E->T E->E->E->T E->E->E->T E->E->E->T E->E->E->T
文末部分修改后E->E->T
文末部分修改前E->E->T
文末部分 E->E E->E+T E->T E->E->E+T E->E->E+T E->E->E+T E->E->E+T E->E->E+T E->E->E+T E->E->T E->E->T E->E->T E->E->T E->E->E->E+T E->E->E->E+T E->E->E->E+T E->E->E->E+T E->E->E->E+T E->E->E->E+T E->E->E->E+T E->E->E->E+T E->E->E->E+T E->E->E->E+T E->E->E->E+T E->E->E->E+T E->E->E->E+T E->E->E->E+T E->E->E->E+T E->E->E->E+T E->E->E->E+T E->E->E->E+T E->E->E->E+T E->E->E->E+T E->E->E->E+T E->E->E->E+T E->E->E->E+T E->E->E->E+T E->E->E->E+T E->E->E->E+T E->E->E->E+T E->E->E->E+T E->E->E->E+T E->E->E->E+T E->E->E->E+T E->E->E->E+T E->E->E->E+T E->E->E->E+T E->E->E->E+T E->E->E->E+T E->E->E->E+T E->E->E->E+T E->E->E->E+T E->E->E->E+T E->E->E->E+T E->E->E->E+T E->E->E->E+T E->E->E->E+T E->E->E->E+T E->E->E->E+T E->E->E->E+T E->E->E->E+T E->E->E->E+T E->E->E->E+T E->E->E->E+T E->E->E->E+T E->E->E->E+T E->E->E->E+T E->E->E->T E->E->E->T E->E->E->T E->E->E->T E->E->E->T E->E->E->T E->E->E->T E->E->E->T E->E->E->T E->E->E->T E->E->E->T E->E->E->T E->E->E->T E->E->E->T E->E->E->T E->E->E->T E->E->E->T E->E->E->T E->E->E->T E->E->E->T E->E->E->T E->E->E->T E->E->E->T E->E->E->T
文末部分修改后E->E->T
文末部分修改前E->E->T
文末部分 E->E E->E+T E->T E->E->E+T E->E->E+T E->E->E+T E->E->E+T E->E->E+T E->E->E+T E->E->T E->E->T E->E->T E->E->T E->E->E->E+T E->E->E->E+T E->E->E->E+T E->E->E->E+T E->E->E->E+T E->E->E->E+T E->E->E->E+T E->E->E->E+T E->E->E->E+T E->E->E->E+T E->E->E->E+T E->E->E->E+T E->E->E->E+T E->E->E->E+T E->E->E->E+T E->E->E->E+T E->E->E->E+T E->E->E->E+T E->E->E->E+T E->E->E->E+T E->E->E->E+T E->E->E->E+T E->E->E->E+T E->E->E->E+T E->E->E->E+T E->E->E->E+T E->E->E->E+T E->E->E->E+T E->E->E->E+T E->E->E->E+T E->E->E->E+T E->E->E->E+T E->E->E->E+T E->E->E->E+T E->E->E->E+T E->E->E->E+T E->E->E->E+T E->E->E->E+T E->E->E->E+T E->E->E->E+T E->E->E->E+T E->E->E->E+T E->E->E->E+T E->E->E->E+T E->E->E->E+T E->E->E->E+T E->E->E->E+T E->E->E->E+T E->E->E->E+T E->E->E->E+T E->E->E->E+T E->E->E->E+T E->E->E->E+T E->E->E->E+T E->E->E->T E->E->E->T E->E->E->T E->E->E->T E->E->E->T E->E->E->T E->E->E->T E->E->E->T E->E->E->T E->E->E->T E->E->E->T E->E->E->T E->E->E->T E->E->E->T E->E->E->T E->E->E->T E->E->E->T E->E->E->T E->E->E->T E->E->E->T E->E->E->T E->E->E->T E->E->E->T E->E->E->T E->E->E->T
文末部分修改后E->E->T
文末部分修改前E->E->T
文末部分 E->E E->E+T E->T E->E->E+T E->E->E+T E->E->E+T E->E->E+T E->E->E+T E->E->E+T E->E->T E->E->T E->E->T E->E->T E->E->E->E+T E->E->E->E+T E->E->E->E+T E->E->E->E+T E->E->E->E+T E->E->E->E+T E->E->E->E+T E->E->E->E+T E->E->E->E+T E->E->E->E+T E->E->E->E+T E->E->E->E+T E->E->E->E+T E->E->E->E+T E->E->E->E+T E->E->E->E+T E->E->E->E+T E->E->E->E+T E->E->E->E+T E->E->E->E+T E->E->E->E+T E->E->E->E+T E->E->E->E+T E->E->E->E+T E->E->E->E+T E->E->E->E+T E->E->E->E+T E->E->E->E+T E->E->E->E+T E->E->E->E+T E->E->E->E+T E->E->E->E+T E->E->E->E+T E->E->E->E+T E->E->E->E+T E->E->E->E+T E->E->E->E+T E->E->E->E+T E->E->E->E+T E->E->E->E+T E->E->E->E+T E->E->E->E+T E->E->E->E+T E->E->E->E+T E->E->E->E+T E->E->E->E+T E->E->E->E+T E->E->E->E+T E->E->E->E+T E->E->E->E+T E->E->E->E+T E->E->E->E+T E->E->E->E+T E->E->E->E+T E->E->E->T E->E->E->T E->E->E->T E->E->E->T E->E->E->T E->E->E->T E->E->E->T E->E->E->T E->E->E->T E->E->E->T E->E->E->T E->E->E->T E->E->E->T E->E->E->T E->E->E->T E->E->E->T E->E->E->T E->E->E->T E->E->E->T E->E->E->T E->E->E->T E->E->E->T E->E->E->T E->E->E->T E->E->E->T E->E->E->T
文末部分修改后E->E->T
文末部分修改前E->E->T
文末部分 E->E E->E+T E->T E->E->E+T E->E->E+T E->E->E+T E->E->E+T E->E->E+T E->E->E+T E->E->T E->E->T E->E->T E->E->T E->E->E->E+T E->E->E->E+T E->E->E->E+T E->E->E->E+T E->E->E->E+T E->E->E->E+T E->E->E->E+T E->E->E->E+T E->E->E->E+T E->E->E->E+T E->E->E->E+T E->E->E->E+T E->E->E->E+T E->E->E->E+T E->E->E->E+T E->E->E->E+T E->E->E->E+T E->E->E->E+T E->E->E->E+T E->E->E->E+T E->E->E->E+T E->E->E->E+T E->E->E->E+T E->E->E->E+T E->E->E->E+T E->E->E->E+T E->E->E->E+T E->E->E->E+T E->E->E->E+T E->E->E->E+T E->E->E->E+T E->E->E->E+T E->E->E->E+T E->E->E->E+T E->E->E->E+T E->E->E->E+T E->E->E->E+T E->E->E->E+T E->E->E->E+T E->E->E->E+T E->E->E->E+T E->E->E->E+T E->E->E->E+T E->E->E->E+T E->E->E->E+T E->E->E->E+T E->E->E->E+T E->E->E->E+T E->E->E->E+T E->E->E->E+T E->E->E->E+T E->E->E->E+T E->E->E->E+T E->E->E->E+T E->E->E->T E->E->E->T E->E->E->T E->E->E->T E->E->E->T E->E->E->T E->E->E->T E->E->E->T E->E->E->T E->E->E->T E->E->E->T E->E->E->T E->E->E->T E->E->E->T E->E->E->T E->E->E->T E->E->E->T E->E->E->T E->E->E->T E->E->E->T E->E->E->T E->E->E->T E->E->E->T E->E->E->T E->E->E->T E->E->E->T E->E->E->T
文末部分修改后E->E->T
文末部分修改前E->E->T
文末部分 E->E E->E+T E->T E->E->E+T E->E->E+T E->E->E+T E->E->E+T E->E->E+T E->E->E+T E->E->T E->E->T E->E->T E->E->T E->E->E->E+T E->E->E->E+T E->E->E->E+T E->E->E->E+T E->E->E->E+T E->E->E->E+T E->E->E->E+T E->E->E->E+T E->E->E->E+T E->E->E->E+T E->E->E->E+T E->E->E->E+T E->E->E->E+T E->E->E->E+T E->E->E->E+T E->E->E->E+T E->E->E->E+T E->E->E->E+T E->E->E->E+T E->E->E->E+T E->E->E->E+T E->E->E->E+T E->E->E->E+T E->E->E->E+T E->E->E->E+T E->E->E->E+T E->E->E->E+T E->E->E->E+T E->E->E->E+T E->E->E->E+T E->E->E->E+T E->E->E->E+T E->E->E->E+T E->E->E->E+T E->E->E->E+T E->E->E->E+T E->E->E->E+T E->E->E->E+T E->E->E->E+T E->E->E->E+T E->E->E->E+T E->E->E->E+T E->E->E->E+T E->E->E->E+T E->E->E->E+T E->E->E->E+T E->E->E->E+T E->E->E->E+T E->E->E->E+T E->E->E->E+T E->E->E->E+T E->E->E->E+T E->E->E->E+T E->E->E->E+T E->E->E->T E->E->E->T E->E->E->T E->E->E->T E->E->E->T E->E->E->T E->E->E->T E->E->E->T E->E->E->T E->E->E->T E->E->E->T E->E->E->T E->E->E->T E->E->E->T E->E->E->T E->E->E->T E->E->E->T E->E->E->T E->E->E->T E->E->E->T E->E->E->T E->E->E->T E->E->E->T E->E->E->T E->E->E->T E->E->E->T E->E->E->T E->E->E->T
文末部分修改后E->E->T
newString =  E->E E->E+T E->T E->E->E+T E->E->E+T E->E->E+T E->E->E+T E->E->E+T E->E->E+T E->E->T E->E->T E->E->T E->E->T E->E->E->E+T E->E->E->E+T E->E->E->E+T E->E->E->E+T E->E->E->E+T E->E->E->E+T E->E->E->E+T E->E->E->E+T E->E->E->E+T E->E->E->E+T E->E->E->E+T E->E->E->E+T E->E->E->E+T E->E->E->E+T E->E->E->E+T E->E->E->E+T E->E->E->E+T E->E->E->E+T E->E->E->E+T E->E->E->E+T E->E->E->E+T E->E->E->E+T E->E->E->E+T E->E->E->E+T E->E->E->E+T E->E->E->E+T E->E->E->E+T E->E->E->E+T E->E->E->E+T E->E->E->E+T E->E->E->E+T E->E->E->E+T E->E->E->E+T E->E->E->E+T E->E->E->E+T E->E->E->E+T E->E->E->E+T E->E->E->E+T E->E->E->E+T E->E->E->E+T E->E->E->E+T E->E->E->E+T E->E->E->E+T E->E->E->E+T E->E->E->E+T E->E->E->E+T E->E->E->E+T E->E->E->E+T E->E->E->E+T E->E->E->E+T E->E->E->E+T E->E->E->E+T E->E->E->E+T E->E->E->E+T E->E->E->T E->E->E->T E->E->E->T E->E->E->T E->E->E->T E->E->E->T E->E->E->T E->E->E->T E->E->E->T E->E->E->T E->E->E->T E->E->E->T E->E->E->T E->E->E->T E->E->E->T E->E->E->T E->E->E->T E->E->E->T E->E->E->T E->E->E->T E->E->E->T E->E->E->T E->E->E->T E->E->E->T E->E->E->T E->E->E->T E->E->E->T E->E->E->T
长度变化处[, E->E, E->E+T, E->T, E->E->E+T, E->E->E+T, E->E->E+T, E->E->E+T, E->E->E+T, E->E->E+T, E->E->T, E->E->T, E->E->T, E->E->T, E->E->E->E+T, E->E->E->E+T, E->E->E->E+T, E->E->E->E+T, E->E->E->E+T, E->E->E->E+T, E->E->E->E+T, E->E->E->E+T, E->E->E->E+T, E->E->E->E+T, E->E->E->E+T, E->E->E->E+T, E->E->E->E+T, E->E->E->E+T, E->E->E->E+T, E->E->E->E+T, E->E->E->E+T, E->E->E->E+T, E->E->E->E+T, E->E->E->E+T, E->E->E->E+T, E->E->E->E+T, E->E->E->E+T, E->E->E->E+T, E->E->E->E+T, E->E->E->E+T, E->E->E->E+T, E->E->E->E+T, E->E->E->E+T, E->E->E->E+T, E->E->E->E+T, E->E->E->E+T, E->E->E->E+T, E->E->E->E+T, E->E->E->E+T, E->E->E->E+T, E->E->E->E+T, E->E->E->E+T, E->E->E->E+T, E->E->E->E+T, E->E->E->E+T, E->E->E->E+T, E->E->E->E+T, E->E->E->E+T, E->E->E->E+T, E->E->E->E+T, E->E->E->E+T, E->E->E->E+T, E->E->E->E+T, E->E->E->E+T, E->E->E->E+T, E->E->E->E+T, E->E->E->E+T, E->E->E->E+T, E->E->E->T, E->E->E->T, E->E->E->T, E->E->E->T, E->E->E->T, E->E->E->T, E->E->E->T, E->E->E->T, E->E->E->T, E->E->E->T, E->E->E->T, E->E->E->T, E->E->E->T, E->E->E->T, E->E->E->T, E->E->E->T, E->E->E->T, E->E->E->T, E->E->E->T, E->E->E->T, E->E->E->T, E->E->E->T, E->E->E->T, E->E->E->T, E->E->E->T, E->E->E->T, E->E->E->T, E->E->E->T]
拆分文法循环
文末部分修改前E->E->E->E+T
文末部分 E->E E->E+T E->T E->E->E+T E->E->E+T E->E->E+T E->E->E+T E->E->E+T E->E->E+T E->E->T E->E->T E->E->T E->E->T E->E->E->E+T E->E->E->E+T E->E->E->E+T E->E->E->E+T E->E->E->E+T E->E->E->E+T E->E->E->E+T E->E->E->E+T E->E->E->E+T E->E->E->E+T E->E->E->E+T E->E->E->E+T E->E->E->E+T E->E->E->E+T E->E->E->E+T E->E->E->E+T E->E->E->E+T E->E->E->E+T E->E->E->E+T E->E->E->E+T E->E->E->E+T E->E->E->E+T E->E->E->E+T E->E->E->E+T E->E->E->E+T E->E->E->E+T E->E->E->E+T E->E->E->E+T E->E->E->E+T E->E->E->E+T E->E->E->E+T E->E->E->E+T E->E->E->E+T E->E->E->E+T E->E->E->E+T E->E->E->E+T E->E->E->E+T E->E->E->E+T E->E->E->E+T E->E->E->E+T E->E->E->E+T E->E->E->E+T E->E->E->E+T E->E->E->E+T E->E->E->E+T E->E->E->E+T E->E->E->E+T E->E->E->E+T E->E->E->E+T E->E->E->E+T E->E->E->E+T E->E->E->E+T E->E->E->E+T E->E->E->E+T E->E->E->T E->E->E->T E->E->E->T E->E->E->T E->E->E->T E->E->E->T E->E->E->T E->E->E->T E->E->E->T E->E->E->T E->E->E->T E->E->E->T E->E->E->T E->E->E->T E->E->E->T E->E->E->T E->E->E->T E->E->E->T E->E->E->T E->E->E->T E->E->E->T E->E->E->T E->E->E->T E->E->E->T E->E->E->T E->E->E->T E->E->E->T E->E->E->T E->E->E->E->E+T
文末部分修改后E->E->E->E+T
文末部分修改前E->E->E->E+T
文末部分 E->E E->E+T E->T E->E->E+T E->E->E+T E->E->E+T E->E->E+T E->E->E+T E->E->E+T E->E->T E->E->T E->E->T E->E->T E->E->E->E+T E->E->E->E+T E->E->E->E+T E->E->E->E+T E->E->E->E+T E->E->E->E+T E->E->E->E+T E->E->E->E+T E->E->E->E+T E->E->E->E+T E->E->E->E+T E->E->E->E+T E->E->E->E+T E->E->E->E+T E->E->E->E+T E->E->E->E+T E->E->E->E+T E->E->E->E+T E->E->E->E+T E->E->E->E+T E->E->E->E+T E->E->E->E+T E->E->E->E+T E->E->E->E+T E->E->E->E+T E->E->E->E+T E->E->E->E+T E->E->E->E+T E->E->E->E+T E->E->E->E+T E->E->E->E+T E->E->E->E+T E->E->E->E+T E->E->E->E+T E->E->E->E+T E->E->E->E+T E->E->E->E+T E->E->E->E+T E->E->E->E+T E->E->E->E+T E->E->E->E+T E->E->E->E+T E->E->E->E+T E->E->E->E+T E->E->E->E+T E->E->E->E+T E->E->E->E+T E->E->E->E+T E->E->E->E+T E->E->E->E+T E->E->E->E+T E->E->E->E+T E->E->E->E+T E->E->E->E+T E->E->E->T E->E->E->T E->E->E->T E->E->E->T E->E->E->T E->E->E->T E->E->E->T E->E->E->T E->E->E->T E->E->E->T E->E->E->T E->E->E->T E->E->E->T E->E->E->T E->E->E->T E->E->E->T E->E->E->T E->E->E->T E->E->E->T E->E->E->T E->E->E->T E->E->E->T E->E->E->T E->E->E->T E->E->E->T E->E->E->T E->E->E->T E->E->E->T E->E->E->E->E+T E->E->E->E->E+T
文末部分修改后E->E->E->E+T
文末部分修改前E->E->E->E+T
文末部分 E->E E->E+T E->T E->E->E+T E->E->E+T E->E->E+T E->E->E+T E->E->E+T E->E->E+T E->E->T E->E->T E->E->T E->E->T E->E->E->E+T E->E->E->E+T E->E->E->E+T E->E->E->E+T E->E->E->E+T E->E->E->E+T E->E->E->E+T E->E->E->E+T E->E->E->E+T E->E->E->E+T E->E->E->E+T E->E->E->E+T E->E->E->E+T E->E->E->E+T E->E->E->E+T E->E->E->E+T E->E->E->E+T E->E->E->E+T E->E->E->E+T E->E->E->E+T E->E->E->E+T E->E->E->E+T E->E->E->E+T E->E->E->E+T E->E->E->E+T E->E->E->E+T E->E->E->E+T E->E->E->E+T E->E->E->E+T E->E->E->E+T E->E->E->E+T E->E->E->E+T E->E->E->E+T E->E->E->E+T E->E->E->E+T E->E->E->E+T E->E->E->E+T E->E->E->E+T E->E->E->E+T E->E->E->E+T E->E->E->E+T E->E->E->E+T E->E->E->E+T E->E->E->E+T E->E->E->E+T E->E->E->E+T E->E->E->E+T E->E->E->E+T E->E->E->E+T E->E->E->E+T E->E->E->E+T E->E->E->E+T E->E->E->E+T E->E->E->E+T E->E->E->T E->E->E->T E->E->E->T E->E->E->T E->E->E->T E->E->E->T E->E->E->T E->E->E->T E->E->E->T E->E->E->T E->E->E->T E->E->E->T E->E->E->T E->E->E->T E->E->E->T E->E->E->T E->E->E->T E->E->E->T E->E->E->T E->E->E->T E->E->E->T E->E->E->T E->E->E->T E->E->E->T E->E->E->T E->E->E->T E->E->E->T E->E->E->T E->E->E->E->E+T E->E->E->E->E+T E->E->E->E->E+T
文末部分修改后E->E->E->E+T
文末部分修改前E->E->E->E+T
文末部分 E->E E->E+T E->T E->E->E+T E->E->E+T E->E->E+T E->E->E+T E->E->E+T E->E->E+T E->E->T E->E->T E->E->T E->E->T E->E->E->E+T E->E->E->E+T E->E->E->E+T E->E->E->E+T E->E->E->E+T E->E->E->E+T E->E->E->E+T E->E->E->E+T E->E->E->E+T E->E->E->E+T E->E->E->E+T E->E->E->E+T E->E->E->E+T E->E->E->E+T E->E->E->E+T E->E->E->E+T E->E->E->E+T E->E->E->E+T E->E->E->E+T E->E->E->E+T E->E->E->E+T E->E->E->E+T E->E->E->E+T E->E->E->E+T E->E->E->E+T E->E->E->E+T E->E->E->E+T E->E->E->E+T E->E->E->E+T E->E->E->E+T E->E->E->E+T E->E->E->E+T E->E->E->E+T E->E->E->E+T E->E->E->E+T E->E->E->E+T E->E->E->E+T E->E->E->E+T E->E->E->E+T E->E->E->E+T E->E->E->E+T E->E->E->E+T E->E->E->E+T E->E->E->E+T E->E->E->E+T E->E->E->E+T E->E->E->E+T E->E->E->E+T E->E->E->E+T E->E->E->E+T E->E->E->E+T E->E->E->E+T E->E->E->E+T E->E->E->E+T E->E->E->T E->E->E->T E->E->E->T E->E->E->T E->E->E->T E->E->E->T E->E->E->T E->E->E->T E->E->E->T E->E->E->T E->E->E->T E->E->E->T E->E->E->T E->E->E->T E->E->E->T E->E->E->T E->E->E->T E->E->E->T E->E->E->T E->E->E->T E->E->E->T E->E->E->T E->E->E->T E->E->E->T E->E->E->T E->E->E->T E->E->E->T E->E->E->T E->E->E->E->E+T E->E->E->E->E+T E->E->E->E->E+T E->E->E->E->E+T
文末部分修改后E->E->E->E+T
文末部分修改前E->E->E->E+T
文末部分 E->E E->E+T E->T E->E->E+T E->E->E+T E->E->E+T E->E->E+T E->E->E+T E->E->E+T E->E->T E->E->T E->E->T E->E->T E->E->E->E+T E->E->E->E+T E->E->E->E+T E->E->E->E+T E->E->E->E+T E->E->E->E+T E->E->E->E+T E->E->E->E+T E->E->E->E+T E->E->E->E+T E->E->E->E+T E->E->E->E+T E->E->E->E+T E->E->E->E+T E->E->E->E+T E->E->E->E+T E->E->E->E+T E->E->E->E+T E->E->E->E+T E->E->E->E+T E->E->E->E+T E->E->E->E+T E->E->E->E+T E->E->E->E+T E->E->E->E+T E->E->E->E+T E->E->E->E+T E->E->E->E+T E->E->E->E+T E->E->E->E+T E->E->E->E+T E->E->E->E+T E->E->E->E+T E->E->E->E+T E->E->E->E+T E->E->E->E+T E->E->E->E+T E->E->E->E+T E->E->E->E+T E->E->E->E+T E->E->E->E+T E->E->E->E+T E->E->E->E+T E->E->E->E+T E->E->E->E+T E->E->E->E+T E->E->E->E+T E->E->E->E+T E->E->E->E+T E->E->E->E+T E->E->E->E+T E->E->E->E+T E->E->E->E+T E->E->E->E+T E->E->E->T E->E->E->T E->E->E->T E->E->E->T E->E->E->T E->E->E->T E->E->E->T E->E->E->T E->E->E->T E->E->E->T E->E->E->T E->E->E->T E->E->E->T E->E->E->T E->E->E->T E->E->E->T E->E->E->T E->E->E->T E->E->E->T E->E->E->T E->E->E->T E->E->E->T E->E->E->T E->E->E->T E->E->E->T E->E->E->T E->E->E->T E->E->E->T E->E->E->E->E+T E->E->E->E->E+T E->E->E->E->E+T E->E->E->E->E+T E->E->E->E->E+T
文末部分修改后E->E->E->E+T
文末部分修改前E->E->E->E+T
文末部分 E->E E->E+T E->T E->E->E+T E->E->E+T E->E->E+T E->E->E+T E->E->E+T E->E->E+T E->E->T E->E->T E->E->T E->E->T E->E->E->E+T E->E->E->E+T E->E->E->E+T E->E->E->E+T E->E->E->E+T E->E->E->E+T E->E->E->E+T E->E->E->E+T E->E->E->E+T E->E->E->E+T E->E->E->E+T E->E->E->E+T E->E->E->E+T E->E->E->E+T E->E->E->E+T E->E->E->E+T E->E->E->E+T E->E->E->E+T E->E->E->E+T E->E->E->E+T E->E->E->E+T E->E->E->E+T E->E->E->E+T E->E->E->E+T E->E->E->E+T E->E->E->E+T E->E->E->E+T E->E->E->E+T E->E->E->E+T E->E->E->E+T E->E->E->E+T E->E->E->E+T E->E->E->E+T E->E->E->E+T E->E->E->E+T E->E->E->E+T E->E->E->E+T E->E->E->E+T E->E->E->E+T E->E->E->E+T E->E->E->E+T E->E->E->E+T E->E->E->E+T E->E->E->E+T E->E->E->E+T E->E->E->E+T E->E->E->E+T E->E->E->E+T E->E->E->E+T E->E->E->E+T E->E->E->E+T E->E->E->E+T E->E->E->E+T E->E->E->E+T E->E->E->T E->E->E->T E->E->E->T E->E->E->T E->E->E->T E->E->E->T E->E->E->T E->E->E->T E->E->E->T E->E->E->T E->E->E->T E->E->E->T E->E->E->T E->E->E->T E->E->E->T E->E->E->T E->E->E->T E->E->E->T E->E->E->T E->E->E->T E->E->E->T E->E->E->T E->E->E->T E->E->E->T E->E->E->T E->E->E->T E->E->E->T E->E->E->T E->E->E->E->E+T E->E->E->E->E+T E->E->E->E->E+T E->E->E->E->E+T E->E->E->E->E+T E->E->E->E->E+T
文末部分修改后E->E->E->E+T
文末部分修改前E->E->E->E+T
文末部分 E->E E->E+T E->T E->E->E+T E->E->E+T E->E->E+T E->E->E+T E->E->E+T E->E->E+T E->E->T E->E->T E->E->T E->E->T E->E->E->E+T E->E->E->E+T E->E->E->E+T E->E->E->E+T E->E->E->E+T E->E->E->E+T E->E->E->E+T E->E->E->E+T E->E->E->E+T E->E->E->E+T E->E->E->E+T E->E->E->E+T E->E->E->E+T E->E->E->E+T E->E->E->E+T E->E->E->E+T E->E->E->E+T E->E->E->E+T E->E->E->E+T E->E->E->E+T E->E->E->E+T E->E->E->E+T E->E->E->E+T E->E->E->E+T E->E->E->E+T E->E->E->E+T E->E->E->E+T E->E->E->E+T E->E->E->E+T E->E->E->E+T E->E->E->E+T E->E->E->E+T E->E->E->E+T E->E->E->E+T E->E->E->E+T E->E->E->E+T E->E->E->E+T E->E->E->E+T E->E->E->E+T E->E->E->E+T E->E->E->E+T E->E->E->E+T E->E->E->E+T E->E->E->E+T E->E->E->E+T E->E->E->E+T E->E->E->E+T E->E->E->E+T E->E->E->E+T E->E->E->E+T E->E->E->E+T E->E->E->E+T E->E->E->E+T E->E->E->E+T E->E->E->T E->E->E->T E->E->E->T E->E->E->T E->E->E->T E->E->E->T E->E->E->T E->E->E->T E->E->E->T E->E->E->T E->E->E->T E->E->E->T E->E->E->T E->E->E->T E->E->E->T E->E->E->T E->E->E->T E->E->E->T E->E->E->T E->E->E->T E->E->E->T E->E->E->T E->E->E->T E->E->E->T E->E->E->T E->E->E->T E->E->E->T E->E->E->T E->E->E->E->E+T E->E->E->E->E+T E->E->E->E->E+T E->E->E->E->E+T E->E->E->E->E+T E->E->E->E->E+T E->E->E->E->E+T
文末部分修改后E->E->E->E+T
文末部分修改前E->E->E->E+T
文末部分 E->E E->E+T E->T E->E->E+T E->E->E+T E->E->E+T E->E->E+T E->E->E+T E->E->E+T E->E->T E->E->T E->E->T E->E->T E->E->E->E+T E->E->E->E+T E->E->E->E+T E->E->E->E+T E->E->E->E+T E->E->E->E+T E->E->E->E+T E->E->E->E+T E->E->E->E+T E->E->E->E+T E->E->E->E+T E->E->E->E+T E->E->E->E+T E->E->E->E+T E->E->E->E+T E->E->E->E+T E->E->E->E+T E->E->E->E+T E->E->E->E+T E->E->E->E+T E->E->E->E+T E->E->E->E+T E->E->E->E+T E->E->E->E+T E->E->E->E+T E->E->E->E+T E->E->E->E+T E->E->E->E+T E->E->E->E+T E->E->E->E+T E->E->E->E+T E->E->E->E+T E->E->E->E+T E->E->E->E+T E->E->E->E+T E->E->E->E+T E->E->E->E+T E->E->E->E+T E->E->E->E+T E->E->E->E+T E->E->E->E+T E->E->E->E+T E->E->E->E+T E->E->E->E+T E->E->E->E+T E->E->E->E+T E->E->E->E+T E->E->E->E+T E->E->E->E+T E->E->E->E+T E->E->E->E+T E->E->E->E+T E->E->E->E+T E->E->E->E+T E->E->E->T E->E->E->T E->E->E->T E->E->E->T E->E->E->T E->E->E->T E->E->E->T E->E->E->T E->E->E->T E->E->E->T E->E->E->T E->E->E->T E->E->E->T E->E->E->T E->E->E->T E->E->E->T E->E->E->T E->E->E->T E->E->E->T E->E->E->T E->E->E->T E->E->E->T E->E->E->T E->E->E->T E->E->E->T E->E->E->T E->E->E->T E->E->E->T E->E->E->E->E+T E->E->E->E->E+T E->E->E->E->E+T E->E->E->E->E+T E->E->E->E->E+T E->E->E->E->E+T E->E->E->E->E+T E->E->E->E->E+T
文末部分修改后E->E->E->E+T
文末部分修改前E->E->E->E+T
文末部分 E->E E->E+T E->T E->E->E+T E->E->E+T E->E->E+T E->E->E+T E->E->E+T E->E->E+T E->E->T E->E->T E->E->T E->E->T E->E->E->E+T E->E->E->E+T E->E->E->E+T E->E->E->E+T E->E->E->E+T E->E->E->E+T E->E->E->E+T E->E->E->E+T E->E->E->E+T E->E->E->E+T E->E->E->E+T E->E->E->E+T E->E->E->E+T E->E->E->E+T E->E->E->E+T E->E->E->E+T E->E->E->E+T E->E->E->E+T E->E->E->E+T E->E->E->E+T E->E->E->E+T E->E->E->E+T E->E->E->E+T E->E->E->E+T E->E->E->E+T E->E->E->E+T E->E->E->E+T E->E->E->E+T E->E->E->E+T E->E->E->E+T E->E->E->E+T E->E->E->E+T E->E->E->E+T E->E->E->E+T E->E->E->E+T E->E->E->E+T E->E->E->E+T E->E->E->E+T E->E->E->E+T E->E->E->E+T E->E->E->E+T E->E->E->E+T E->E->E->E+T E->E->E->E+T E->E->E->E+T E->E->E->E+T E->E->E->E+T E->E->E->E+T E->E->E->E+T E->E->E->E+T E->E->E->E+T E->E->E->E+T E->E->E->E+T E->E->E->E+T E->E->E->T E->E->E->T E->E->E->T E->E->E->T E->E->E->T E->E->E->T E->E->E->T E->E->E->T E->E->E->T E->E->E->T E->E->E->T E->E->E->T E->E->E->T E->E->E->T E->E->E->T E->E->E->T E->E->E->T E->E->E->T E->E->E->T E->E->E->T E->E->E->T E->E->E->T E->E->E->T E->E->E->T E->E->E->T E->E->E->T E->E->E->T E->E->E->T E->E->E->E->E+T E->E->E->E->E+T E->E->E->E->E+T E->E->E->E->E+T E->E->E->E->E+T E->E->E->E->E+T E->E->E->E->E+T E->E->E->E->E+T E->E->E->E->E+T
文末部分修改后E->E->E->E+T
文末部分修改前E->E->E->E+T
文末部分 E->E E->E+T E->T E->E->E+T E->E->E+T E->E->E+T E->E->E+T E->E->E+T E->E->E+T E->E->T E->E->T E->E->T E->E->T E->E->E->E+T E->E->E->E+T E->E->E->E+T E->E->E->E+T E->E->E->E+T E->E->E->E+T E->E->E->E+T E->E->E->E+T E->E->E->E+T E->E->E->E+T E->E->E->E+T E->E->E->E+T E->E->E->E+T E->E->E->E+T E->E->E->E+T E->E->E->E+T E->E->E->E+T E->E->E->E+T E->E->E->E+T E->E->E->E+T E->E->E->E+T E->E->E->E+T E->E->E->E+T E->E->E->E+T E->E->E->E+T E->E->E->E+T E->E->E->E+T E->E->E->E+T E->E->E->E+T E->E->E->E+T E->E->E->E+T E->E->E->E+T E->E->E->E+T E->E->E->E+T E->E->E->E+T E->E->E->E+T E->E->E->E+T E->E->E->E+T E->E->E->E+T E->E->E->E+T E->E->E->E+T E->E->E->E+T E->E->E->E+T E->E->E->E+T E->E->E->E+T E->E->E->E+T E->E->E->E+T E->E->E->E+T E->E->E->E+T E->E->E->E+T E->E->E->E+T E->E->E->E+T E->E->E->E+T E->E->E->E+T E->E->E->T E->E->E->T E->E->E->T E->E->E->T E->E->E->T E->E->E->T E->E->E->T E->E->E->T E->E->E->T E->E->E->T E->E->E->T E->E->E->T E->E->E->T E->E->E->T E->E->E->T E->E->E->T E->E->E->T E->E->E->T E->E->E->T E->E->E->T E->E->E->T E->E->E->T E->E->E->T E->E->E->T E->E->E->T E->E->E->T E->E->E->T E->E->E->T E->E->E->E->E+T E->E->E->E->E+T E->E->E->E->E+T E->E->E->E->E+T E->E->E->E->E+T E->E->E->E->E+T E->E->E->E->E+T E->E->E->E->E+T E->E->E->E->E+T E->E->E->E->E+T
文末部分修改后E->E->E->E+T

进程已结束,退出代码0
