/Users/typhoon/Library/Java/JavaVirtualMachines/corretto-11.0.14.1/Contents/Home/bin/java -ea -Didea.test.cyclic.buffer.size=1048576 -javaagent:/Applications/IntelliJ IDEA.app/Contents/lib/idea_rt.jar=50592:/Applications/IntelliJ IDEA.app/Contents/bin -Dfile.encoding=UTF-8 -classpath /Applications/IntelliJ IDEA.app/Contents/lib/idea_rt.jar:/Applications/IntelliJ IDEA.app/Contents/plugins/junit/lib/junit5-rt.jar:/Applications/IntelliJ IDEA.app/Contents/plugins/junit/lib/junit-rt.jar:/Users/typhoon/IdeaProjects/OperatorPriorityAnalyzer/out/test/OperatorPriorityAnalyzer:/Users/typhoon/IdeaProjects/OperatorPriorityAnalyzer/out/production/OperatorPriorityAnalyzer:/Users/typhoon/.m2/repository/junit/junit/4.13.1/junit-4.13.1.jar:/Users/typhoon/.m2/repository/org/hamcrest/hamcrest-core/1.3/hamcrest-core-1.3.jar com.intellij.rt.junit.JUnitStarter -ideVersion5 -junit4 TestDemo1,test01
0
isGrammar = true
原文法集合[G[S]:, S->aAbB, A->c|Ac, B->d]
拆分文法循环
currentString = S->aAbB
startString = S->aAbB
当前字符 81 S->aAbB
文末部分修改前S->aAbB
文末部分 S->S->aAbB
文末部分修改后null

拆分文法循环
currentString = A->c|Ac
startString = A->c|Ac
当前字符 81 A->c|Ac
当前字符 96A->c|Ac
当前字符 81 A->c|Ac
当前字符 96A->c|Ac
开始符号文法
寻找或符号索引处 1 S->S->aAbB >c

当前字符 81 Ac
文末部分修改前Ac
文末部分 S->S->aAbB >c A->Ac
文末部分修改后null

拆分文法循环
currentString = B->d
startString = B->d
当前字符 81 B->d
文末部分修改前B->d
文末部分 S->S->aAbB >c A->Ac B->B->d
文末部分修改后null

newString =  S->S->aAbB >c A->Ac B->B->d
-----------------------------------------------------
长度变化处[, S->S->aAbB, >c, A->Ac, B->B->d]

S->S->aAbB
>c
A->Ac
B->B->d

进程已结束,退出代码0
