/Users/typhoon/Library/Java/JavaVirtualMachines/corretto-11.0.14.1/Contents/Home/bin/java -ea -Didea.test.cyclic.buffer.size=1048576 -javaagent:/Applications/IntelliJ IDEA.app/Contents/lib/idea_rt.jar=49236:/Applications/IntelliJ IDEA.app/Contents/bin -Dfile.encoding=UTF-8 -classpath /Applications/IntelliJ IDEA.app/Contents/lib/idea_rt.jar:/Applications/IntelliJ IDEA.app/Contents/plugins/junit/lib/junit5-rt.jar:/Applications/IntelliJ IDEA.app/Contents/plugins/junit/lib/junit-rt.jar:/Users/typhoon/IdeaProjects/OperatorPriorityAnalyzer/out/test/OperatorPriorityAnalyzer:/Users/typhoon/IdeaProjects/OperatorPriorityAnalyzer/out/production/OperatorPriorityAnalyzer:/Users/typhoon/.m2/repository/junit/junit/4.13.1/junit-4.13.1.jar:/Users/typhoon/.m2/repository/org/hamcrest/hamcrest-core/1.3/hamcrest-core-1.3.jar com.intellij.rt.junit.JUnitStarter -ideVersion5 -junit4 TestDemo1
0
isGrammar = true
resultList = [G[E]:, E->E+E|E*E|(E)|i]
[E+E, E*E, (E), i]
resultList = [G[E]:, E->E+E|E*E|(E)|i]
[E+E, E*E, (E), i]
查看一轮结束后的栈中字符串
栈中元素已清零
添加后的栈中字符串#i
当前截取的栈中字符串i
外层获取栈中元素i

当前的文法对：[E, E+E, E*E, (E), i]
当前的文法：E+E
待判断的字符串：i

当前的文法对：[E, E+E, E*E, (E), i]
当前的文法：E*E
待判断的字符串：i

当前的文法对：[E, E+E, E*E, (E), i]
当前的文法：(E)
待判断的字符串：i

当前的文法对：[E, E+E, E*E, (E), i]
当前的文法：i
待判断的字符串：i

弹出处字符串：i
正在替换栈中元素的开始符号：E
修改后栈中元素[#, E]

查看一轮结束后的栈中字符串i
栈中元素已清零
添加后的栈中字符串#E+
当前截取的栈中字符串E+
外层获取栈中元素E+

当前的文法对：[E, E+E, E*E, (E), i]
当前的文法：E+E
待判断的字符串：E+

当前的文法对：[E, E+E, E*E, (E), i]
当前的文法：E*E
待判断的字符串：E+

当前的文法对：[E, E+E, E*E, (E), i]
当前的文法：(E)
待判断的字符串：E+

当前的文法对：[E, E+E, E*E, (E), i]
当前的文法：i
待判断的字符串：E+

当前的文法对：[null, null, null, null, null]
当前的文法：null
待判断的字符串：E+

查看一轮结束后的栈中字符串E+
栈中元素已清零
添加后的栈中字符串#E+
当前截取的栈中字符串+
外层获取栈中元素+

当前的文法对：[E, E+E, E*E, (E), i]
当前的文法：E+E
待判断的字符串：+

当前的文法对：[E, E+E, E*E, (E), i]
当前的文法：E*E
待判断的字符串：+

当前的文法对：[E, E+E, E*E, (E), i]
当前的文法：(E)
待判断的字符串：+

当前的文法对：[E, E+E, E*E, (E), i]
当前的文法：i
待判断的字符串：+

当前的文法对：[null, null, null, null, null]
当前的文法：null
待判断的字符串：+

查看一轮结束后的栈中字符串+
栈中元素已清零
添加后的栈中字符串#E+i
当前截取的栈中字符串E+i
外层获取栈中元素E+i

当前的文法对：[E, E+E, E*E, (E), i]
当前的文法：E+E
待判断的字符串：E+i

当前的文法对：[E, E+E, E*E, (E), i]
当前的文法：E*E
待判断的字符串：E+i

当前的文法对：[E, E+E, E*E, (E), i]
当前的文法：(E)
待判断的字符串：E+i

当前的文法对：[E, E+E, E*E, (E), i]
当前的文法：i
待判断的字符串：E+i

当前的文法对：[null, null, null, null, null]
当前的文法：null
待判断的字符串：E+i

查看一轮结束后的栈中字符串E+i
栈中元素已清零
添加后的栈中字符串#E+i
当前截取的栈中字符串+i
外层获取栈中元素+i

当前的文法对：[E, E+E, E*E, (E), i]
当前的文法：E+E
待判断的字符串：+i

当前的文法对：[E, E+E, E*E, (E), i]
当前的文法：E*E
待判断的字符串：+i

当前的文法对：[E, E+E, E*E, (E), i]
当前的文法：(E)
待判断的字符串：+i

当前的文法对：[E, E+E, E*E, (E), i]
当前的文法：i
待判断的字符串：+i

当前的文法对：[null, null, null, null, null]
当前的文法：null
待判断的字符串：+i

查看一轮结束后的栈中字符串+i
栈中元素已清零
添加后的栈中字符串#E+i
当前截取的栈中字符串i
外层获取栈中元素i

当前的文法对：[E, E+E, E*E, (E), i]
当前的文法：E+E
待判断的字符串：i

当前的文法对：[E, E+E, E*E, (E), i]
当前的文法：E*E
待判断的字符串：i

当前的文法对：[E, E+E, E*E, (E), i]
当前的文法：(E)
待判断的字符串：i

当前的文法对：[E, E+E, E*E, (E), i]
当前的文法：i
待判断的字符串：i

弹出处字符串：i
正在替换栈中元素的开始符号：E
修改后栈中元素[#, E, +, E]

查看一轮结束后的栈中字符串i
栈中元素已清零
添加后的栈中字符串#E+E*
当前截取的栈中字符串E+E*
外层获取栈中元素E+E*

当前的文法对：[E, E+E, E*E, (E), i]
当前的文法：E+E
待判断的字符串：E+E*

当前的文法对：[E, E+E, E*E, (E), i]
当前的文法：E*E
待判断的字符串：E+E*

当前的文法对：[E, E+E, E*E, (E), i]
当前的文法：(E)
待判断的字符串：E+E*

当前的文法对：[E, E+E, E*E, (E), i]
当前的文法：i
待判断的字符串：E+E*

当前的文法对：[null, null, null, null, null]
当前的文法：null
待判断的字符串：E+E*

查看一轮结束后的栈中字符串E+E*
栈中元素已清零
添加后的栈中字符串#E+E*
当前截取的栈中字符串+E*
外层获取栈中元素+E*

当前的文法对：[E, E+E, E*E, (E), i]
当前的文法：E+E
待判断的字符串：+E*

当前的文法对：[E, E+E, E*E, (E), i]
当前的文法：E*E
待判断的字符串：+E*

当前的文法对：[E, E+E, E*E, (E), i]
当前的文法：(E)
待判断的字符串：+E*

当前的文法对：[E, E+E, E*E, (E), i]
当前的文法：i
待判断的字符串：+E*

当前的文法对：[null, null, null, null, null]
当前的文法：null
待判断的字符串：+E*

查看一轮结束后的栈中字符串+E*
栈中元素已清零
添加后的栈中字符串#E+E*
当前截取的栈中字符串E*
外层获取栈中元素E*

当前的文法对：[E, E+E, E*E, (E), i]
当前的文法：E+E
待判断的字符串：E*

当前的文法对：[E, E+E, E*E, (E), i]
当前的文法：E*E
待判断的字符串：E*

当前的文法对：[E, E+E, E*E, (E), i]
当前的文法：(E)
待判断的字符串：E*

当前的文法对：[E, E+E, E*E, (E), i]
当前的文法：i
待判断的字符串：E*

当前的文法对：[null, null, null, null, null]
当前的文法：null
待判断的字符串：E*

查看一轮结束后的栈中字符串E*
栈中元素已清零
添加后的栈中字符串#E+E*
当前截取的栈中字符串*
外层获取栈中元素*

当前的文法对：[E, E+E, E*E, (E), i]
当前的文法：E+E
待判断的字符串：*

当前的文法对：[E, E+E, E*E, (E), i]
当前的文法：E*E
待判断的字符串：*

当前的文法对：[E, E+E, E*E, (E), i]
当前的文法：(E)
待判断的字符串：*

当前的文法对：[E, E+E, E*E, (E), i]
当前的文法：i
待判断的字符串：*

当前的文法对：[null, null, null, null, null]
当前的文法：null
待判断的字符串：*

查看一轮结束后的栈中字符串*
栈中元素已清零
添加后的栈中字符串#E+E*i
当前截取的栈中字符串E+E*i
外层获取栈中元素E+E*i

当前的文法对：[E, E+E, E*E, (E), i]
当前的文法：E+E
待判断的字符串：E+E*i

当前的文法对：[E, E+E, E*E, (E), i]
当前的文法：E*E
待判断的字符串：E+E*i

当前的文法对：[E, E+E, E*E, (E), i]
当前的文法：(E)
待判断的字符串：E+E*i

当前的文法对：[E, E+E, E*E, (E), i]
当前的文法：i
待判断的字符串：E+E*i

当前的文法对：[null, null, null, null, null]
当前的文法：null
待判断的字符串：E+E*i

查看一轮结束后的栈中字符串E+E*i
栈中元素已清零
添加后的栈中字符串#E+E*i
当前截取的栈中字符串+E*i
外层获取栈中元素+E*i

当前的文法对：[E, E+E, E*E, (E), i]
当前的文法：E+E
待判断的字符串：+E*i

当前的文法对：[E, E+E, E*E, (E), i]
当前的文法：E*E
待判断的字符串：+E*i

当前的文法对：[E, E+E, E*E, (E), i]
当前的文法：(E)
待判断的字符串：+E*i

当前的文法对：[E, E+E, E*E, (E), i]
当前的文法：i
待判断的字符串：+E*i

当前的文法对：[null, null, null, null, null]
当前的文法：null
待判断的字符串：+E*i

查看一轮结束后的栈中字符串+E*i
栈中元素已清零
添加后的栈中字符串#E+E*i
当前截取的栈中字符串E*i
外层获取栈中元素E*i

当前的文法对：[E, E+E, E*E, (E), i]
当前的文法：E+E
待判断的字符串：E*i

当前的文法对：[E, E+E, E*E, (E), i]
当前的文法：E*E
待判断的字符串：E*i

当前的文法对：[E, E+E, E*E, (E), i]
当前的文法：(E)
待判断的字符串：E*i

当前的文法对：[E, E+E, E*E, (E), i]
当前的文法：i
待判断的字符串：E*i

当前的文法对：[null, null, null, null, null]
当前的文法：null
待判断的字符串：E*i

查看一轮结束后的栈中字符串E*i
栈中元素已清零
添加后的栈中字符串#E+E*i
当前截取的栈中字符串*i
外层获取栈中元素*i

当前的文法对：[E, E+E, E*E, (E), i]
当前的文法：E+E
待判断的字符串：*i

当前的文法对：[E, E+E, E*E, (E), i]
当前的文法：E*E
待判断的字符串：*i

当前的文法对：[E, E+E, E*E, (E), i]
当前的文法：(E)
待判断的字符串：*i

当前的文法对：[E, E+E, E*E, (E), i]
当前的文法：i
待判断的字符串：*i

当前的文法对：[null, null, null, null, null]
当前的文法：null
待判断的字符串：*i

查看一轮结束后的栈中字符串*i
栈中元素已清零
添加后的栈中字符串#E+E*i
当前截取的栈中字符串i
外层获取栈中元素i

当前的文法对：[E, E+E, E*E, (E), i]
当前的文法：E+E
待判断的字符串：i

当前的文法对：[E, E+E, E*E, (E), i]
当前的文法：E*E
待判断的字符串：i

当前的文法对：[E, E+E, E*E, (E), i]
当前的文法：(E)
待判断的字符串：i

当前的文法对：[E, E+E, E*E, (E), i]
当前的文法：i
待判断的字符串：i

弹出处字符串：i
正在替换栈中元素的开始符号：E
修改后栈中元素[#, E, +, E, *, E]

查看一轮结束后的栈中字符串i
栈中元素已清零
添加后的栈中字符串#E+E*E
当前截取的栈中字符串E+E*E
外层获取栈中元素E+E*E

当前的文法对：[E, E+E, E*E, (E), i]
当前的文法：E+E
待判断的字符串：E+E*E

当前的文法对：[E, E+E, E*E, (E), i]
当前的文法：E*E
待判断的字符串：E+E*E

当前的文法对：[E, E+E, E*E, (E), i]
当前的文法：(E)
待判断的字符串：E+E*E

当前的文法对：[E, E+E, E*E, (E), i]
当前的文法：i
待判断的字符串：E+E*E

当前的文法对：[null, null, null, null, null]
当前的文法：null
待判断的字符串：E+E*E

查看一轮结束后的栈中字符串E+E*E
栈中元素已清零
添加后的栈中字符串#E+E*E
当前截取的栈中字符串+E*E
外层获取栈中元素+E*E

当前的文法对：[E, E+E, E*E, (E), i]
当前的文法：E+E
待判断的字符串：+E*E

当前的文法对：[E, E+E, E*E, (E), i]
当前的文法：E*E
待判断的字符串：+E*E

当前的文法对：[E, E+E, E*E, (E), i]
当前的文法：(E)
待判断的字符串：+E*E

当前的文法对：[E, E+E, E*E, (E), i]
当前的文法：i
待判断的字符串：+E*E

当前的文法对：[null, null, null, null, null]
当前的文法：null
待判断的字符串：+E*E

查看一轮结束后的栈中字符串+E*E
栈中元素已清零
添加后的栈中字符串#E+E*E
当前截取的栈中字符串E*E
外层获取栈中元素E*E

当前的文法对：[E, E+E, E*E, (E), i]
当前的文法：E+E
待判断的字符串：E*E

当前的文法对：[E, E+E, E*E, (E), i]
当前的文法：E*E
待判断的字符串：E*E

弹出处字符串：E*E
正在替换栈中元素的开始符号：E
修改后栈中元素[#, E, +, E]

查看一轮结束后的栈中字符串E*E
栈中元素已清零
添加后的栈中字符串#E+E
当前截取的栈中字符串E+E
外层获取栈中元素E+E

当前的文法对：[E, E+E, E*E, (E), i]
当前的文法：E+E
待判断的字符串：E+E

弹出处字符串：E+E
正在替换栈中元素的开始符号：E
修改后栈中元素[#, E]

analysisStack = [#, E]

进程已结束,退出代码0
