/Users/typhoon/Library/Java/JavaVirtualMachines/corretto-11.0.14.1/Contents/Home/bin/java -ea -Didea.test.cyclic.buffer.size=1048576 -javaagent:/Applications/IntelliJ IDEA.app/Contents/lib/idea_rt.jar=49331:/Applications/IntelliJ IDEA.app/Contents/bin -Dfile.encoding=UTF-8 -classpath /Applications/IntelliJ IDEA.app/Contents/lib/idea_rt.jar:/Applications/IntelliJ IDEA.app/Contents/plugins/junit/lib/junit5-rt.jar:/Applications/IntelliJ IDEA.app/Contents/plugins/junit/lib/junit-rt.jar:/Users/typhoon/IdeaProjects/OperatorPriorityAnalyzer/out/test/OperatorPriorityAnalyzer:/Users/typhoon/IdeaProjects/OperatorPriorityAnalyzer/out/production/OperatorPriorityAnalyzer:/Users/typhoon/.m2/repository/junit/junit/4.13.1/junit-4.13.1.jar:/Users/typhoon/.m2/repository/org/hamcrest/hamcrest-core/1.3/hamcrest-core-1.3.jar com.intellij.rt.junit.JUnitStarter -ideVersion5 -junit4 TestDemo1,test01
0
isGrammar = true
resultList = [G[S]:, S->aAbB, A->c|Ac, B->d]
[c, Ac]
resultList = [G[S]:, S->aAbB, A->c|Ac, B->d]
[c, Ac]
拆分后的文法数组为：[[S, aAbB, null, null, null, null, null], [A, null, c, Ac, null, null, null], [B, d, null, null, null, null, null], [null, null, null, null, null, null, null], [null, null, null, null, null, null, null], [null, null, null, null, null, null, null], [null, null, null, null, null, null, null]]
查看第0轮结束后的栈中字符串
栈中元素已清零
添加后的栈中字符串#a
当前截取的栈中字符串a
外层获取栈中元素a

当前的文法对：[S, aAbB, null, null, null, null, null]
待判断的字符串：a

待判断的字符串：a

当前的文法为空：null
待判断的字符串：a

当前的文法为空：null
待判断的字符串：a

当前的文法为空：null
待判断的字符串：a

当前的文法为空：null
待判断的字符串：a

当前的文法为空：null
当前的文法对：[A, null, c, Ac, null, null, null]
待判断的字符串：a

当前的文法为空：null
待判断的字符串：a

待判断的字符串：a

待判断的字符串：a

当前的文法为空：null
待判断的字符串：a

当前的文法为空：null
待判断的字符串：a

当前的文法为空：null
当前的文法对：[B, d, null, null, null, null, null]
待判断的字符串：a

待判断的字符串：a

当前的文法为空：null
待判断的字符串：a

当前的文法为空：null
待判断的字符串：a

当前的文法为空：null
待判断的字符串：a

当前的文法为空：null
待判断的字符串：a

当前的文法为空：null
当前的文法对：[null, null, null, null, null, null, null]
待判断的字符串：a

当前的文法为空：null
待判断的字符串：a

当前的文法为空：null
待判断的字符串：a

当前的文法为空：null
待判断的字符串：a

当前的文法为空：null
待判断的字符串：a

当前的文法为空：null
待判断的字符串：a

当前的文法为空：null
当前的文法对：[null, null, null, null, null, null, null]
待判断的字符串：a

当前的文法为空：null
待判断的字符串：a

当前的文法为空：null
待判断的字符串：a

当前的文法为空：null
待判断的字符串：a

当前的文法为空：null
待判断的字符串：a

当前的文法为空：null
待判断的字符串：a

当前的文法为空：null
当前的文法对：[null, null, null, null, null, null, null]
待判断的字符串：a

当前的文法为空：null
待判断的字符串：a

当前的文法为空：null
待判断的字符串：a

当前的文法为空：null
待判断的字符串：a

当前的文法为空：null
待判断的字符串：a

当前的文法为空：null
待判断的字符串：a

当前的文法为空：null
当前的文法对：[null, null, null, null, null, null, null]
待判断的字符串：a

当前的文法为空：null
待判断的字符串：a

当前的文法为空：null
待判断的字符串：a

当前的文法为空：null
待判断的字符串：a

当前的文法为空：null
待判断的字符串：a

当前的文法为空：null
待判断的字符串：a

当前的文法为空：null
查看第1轮结束后的栈中字符串a
栈中元素已清零
添加后的栈中字符串#ac
当前截取的栈中字符串ac
外层获取栈中元素ac

当前的文法对：[S, aAbB, null, null, null, null, null]
待判断的字符串：ac

待判断的字符串：ac

当前的文法为空：null
待判断的字符串：ac

当前的文法为空：null
待判断的字符串：ac

当前的文法为空：null
待判断的字符串：ac

当前的文法为空：null
待判断的字符串：ac

当前的文法为空：null
当前的文法对：[A, null, c, Ac, null, null, null]
待判断的字符串：ac

当前的文法为空：null
待判断的字符串：ac

待判断的字符串：ac

待判断的字符串：ac

当前的文法为空：null
待判断的字符串：ac

当前的文法为空：null
待判断的字符串：ac

当前的文法为空：null
当前的文法对：[B, d, null, null, null, null, null]
待判断的字符串：ac

待判断的字符串：ac

当前的文法为空：null
待判断的字符串：ac

当前的文法为空：null
待判断的字符串：ac

当前的文法为空：null
待判断的字符串：ac

当前的文法为空：null
待判断的字符串：ac

当前的文法为空：null
当前的文法对：[null, null, null, null, null, null, null]
待判断的字符串：ac

当前的文法为空：null
待判断的字符串：ac

当前的文法为空：null
待判断的字符串：ac

当前的文法为空：null
待判断的字符串：ac

当前的文法为空：null
待判断的字符串：ac

当前的文法为空：null
待判断的字符串：ac

当前的文法为空：null
当前的文法对：[null, null, null, null, null, null, null]
待判断的字符串：ac

当前的文法为空：null
待判断的字符串：ac

当前的文法为空：null
待判断的字符串：ac

当前的文法为空：null
待判断的字符串：ac

当前的文法为空：null
待判断的字符串：ac

当前的文法为空：null
待判断的字符串：ac

当前的文法为空：null
当前的文法对：[null, null, null, null, null, null, null]
待判断的字符串：ac

当前的文法为空：null
待判断的字符串：ac

当前的文法为空：null
待判断的字符串：ac

当前的文法为空：null
待判断的字符串：ac

当前的文法为空：null
待判断的字符串：ac

当前的文法为空：null
待判断的字符串：ac

当前的文法为空：null
当前的文法对：[null, null, null, null, null, null, null]
待判断的字符串：ac

当前的文法为空：null
待判断的字符串：ac

当前的文法为空：null
待判断的字符串：ac

当前的文法为空：null
待判断的字符串：ac

当前的文法为空：null
待判断的字符串：ac

当前的文法为空：null
待判断的字符串：ac

当前的文法为空：null
栈中元素已清零
添加后的栈中字符串#ac
当前截取的栈中字符串c
外层获取栈中元素c

当前的文法对：[S, aAbB, null, null, null, null, null]
待判断的字符串：c

待判断的字符串：c

当前的文法为空：null
待判断的字符串：c

当前的文法为空：null
待判断的字符串：c

当前的文法为空：null
待判断的字符串：c

当前的文法为空：null
待判断的字符串：c

当前的文法为空：null
当前的文法对：[A, null, c, Ac, null, null, null]
待判断的字符串：c

当前的文法为空：null
待判断的字符串：c

弹出处字符串：c
正在替换栈中元素的开始符号：A
修改后栈中元素[#, a, A]

查看第2轮结束后的栈中字符串c
栈中元素已清零
添加后的栈中字符串#aAc
当前截取的栈中字符串aAc
外层获取栈中元素aAc

当前的文法对：[S, aAbB, null, null, null, null, null]
待判断的字符串：aAc

待判断的字符串：aAc

当前的文法为空：null
待判断的字符串：aAc

当前的文法为空：null
待判断的字符串：aAc

当前的文法为空：null
待判断的字符串：aAc

当前的文法为空：null
待判断的字符串：aAc

当前的文法为空：null
当前的文法对：[A, null, c, Ac, null, null, null]
待判断的字符串：aAc

当前的文法为空：null
待判断的字符串：aAc

待判断的字符串：aAc

待判断的字符串：aAc

当前的文法为空：null
待判断的字符串：aAc

当前的文法为空：null
待判断的字符串：aAc

当前的文法为空：null
当前的文法对：[B, d, null, null, null, null, null]
待判断的字符串：aAc

待判断的字符串：aAc

当前的文法为空：null
待判断的字符串：aAc

当前的文法为空：null
待判断的字符串：aAc

当前的文法为空：null
待判断的字符串：aAc

当前的文法为空：null
待判断的字符串：aAc

当前的文法为空：null
当前的文法对：[null, null, null, null, null, null, null]
待判断的字符串：aAc

当前的文法为空：null
待判断的字符串：aAc

当前的文法为空：null
待判断的字符串：aAc

当前的文法为空：null
待判断的字符串：aAc

当前的文法为空：null
待判断的字符串：aAc

当前的文法为空：null
待判断的字符串：aAc

当前的文法为空：null
当前的文法对：[null, null, null, null, null, null, null]
待判断的字符串：aAc

当前的文法为空：null
待判断的字符串：aAc

当前的文法为空：null
待判断的字符串：aAc

当前的文法为空：null
待判断的字符串：aAc

当前的文法为空：null
待判断的字符串：aAc

当前的文法为空：null
待判断的字符串：aAc

当前的文法为空：null
当前的文法对：[null, null, null, null, null, null, null]
待判断的字符串：aAc

当前的文法为空：null
待判断的字符串：aAc

当前的文法为空：null
待判断的字符串：aAc

当前的文法为空：null
待判断的字符串：aAc

当前的文法为空：null
待判断的字符串：aAc

当前的文法为空：null
待判断的字符串：aAc

当前的文法为空：null
当前的文法对：[null, null, null, null, null, null, null]
待判断的字符串：aAc

当前的文法为空：null
待判断的字符串：aAc

当前的文法为空：null
待判断的字符串：aAc

当前的文法为空：null
待判断的字符串：aAc

当前的文法为空：null
待判断的字符串：aAc

当前的文法为空：null
待判断的字符串：aAc

当前的文法为空：null
栈中元素已清零
添加后的栈中字符串#aAc
当前截取的栈中字符串Ac
外层获取栈中元素Ac

当前的文法对：[S, aAbB, null, null, null, null, null]
待判断的字符串：Ac

待判断的字符串：Ac

当前的文法为空：null
待判断的字符串：Ac

当前的文法为空：null
待判断的字符串：Ac

当前的文法为空：null
待判断的字符串：Ac

当前的文法为空：null
待判断的字符串：Ac

当前的文法为空：null
当前的文法对：[A, null, c, Ac, null, null, null]
待判断的字符串：Ac

当前的文法为空：null
待判断的字符串：Ac

待判断的字符串：Ac

弹出处字符串：Ac
正在替换栈中元素的开始符号：A
修改后栈中元素[#, a, A]

查看第3轮结束后的栈中字符串Ac
栈中元素已清零
添加后的栈中字符串#aAb
当前截取的栈中字符串aAb
外层获取栈中元素aAb

当前的文法对：[S, aAbB, null, null, null, null, null]
待判断的字符串：aAb

待判断的字符串：aAb

当前的文法为空：null
待判断的字符串：aAb

当前的文法为空：null
待判断的字符串：aAb

当前的文法为空：null
待判断的字符串：aAb

当前的文法为空：null
待判断的字符串：aAb

当前的文法为空：null
当前的文法对：[A, null, c, Ac, null, null, null]
待判断的字符串：aAb

当前的文法为空：null
待判断的字符串：aAb

待判断的字符串：aAb

待判断的字符串：aAb

当前的文法为空：null
待判断的字符串：aAb

当前的文法为空：null
待判断的字符串：aAb

当前的文法为空：null
当前的文法对：[B, d, null, null, null, null, null]
待判断的字符串：aAb

待判断的字符串：aAb

当前的文法为空：null
待判断的字符串：aAb

当前的文法为空：null
待判断的字符串：aAb

当前的文法为空：null
待判断的字符串：aAb

当前的文法为空：null
待判断的字符串：aAb

当前的文法为空：null
当前的文法对：[null, null, null, null, null, null, null]
待判断的字符串：aAb

当前的文法为空：null
待判断的字符串：aAb

当前的文法为空：null
待判断的字符串：aAb

当前的文法为空：null
待判断的字符串：aAb

当前的文法为空：null
待判断的字符串：aAb

当前的文法为空：null
待判断的字符串：aAb

当前的文法为空：null
当前的文法对：[null, null, null, null, null, null, null]
待判断的字符串：aAb

当前的文法为空：null
待判断的字符串：aAb

当前的文法为空：null
待判断的字符串：aAb

当前的文法为空：null
待判断的字符串：aAb

当前的文法为空：null
待判断的字符串：aAb

当前的文法为空：null
待判断的字符串：aAb

当前的文法为空：null
当前的文法对：[null, null, null, null, null, null, null]
待判断的字符串：aAb

当前的文法为空：null
待判断的字符串：aAb

当前的文法为空：null
待判断的字符串：aAb

当前的文法为空：null
待判断的字符串：aAb

当前的文法为空：null
待判断的字符串：aAb

当前的文法为空：null
待判断的字符串：aAb

当前的文法为空：null
当前的文法对：[null, null, null, null, null, null, null]
待判断的字符串：aAb

当前的文法为空：null
待判断的字符串：aAb

当前的文法为空：null
待判断的字符串：aAb

当前的文法为空：null
待判断的字符串：aAb

当前的文法为空：null
待判断的字符串：aAb

当前的文法为空：null
待判断的字符串：aAb

当前的文法为空：null
栈中元素已清零
添加后的栈中字符串#aAb
当前截取的栈中字符串Ab
外层获取栈中元素Ab

当前的文法对：[S, aAbB, null, null, null, null, null]
待判断的字符串：Ab

待判断的字符串：Ab

当前的文法为空：null
待判断的字符串：Ab

当前的文法为空：null
待判断的字符串：Ab

当前的文法为空：null
待判断的字符串：Ab

当前的文法为空：null
待判断的字符串：Ab

当前的文法为空：null
当前的文法对：[A, null, c, Ac, null, null, null]
待判断的字符串：Ab

当前的文法为空：null
待判断的字符串：Ab

待判断的字符串：Ab

待判断的字符串：Ab

当前的文法为空：null
待判断的字符串：Ab

当前的文法为空：null
待判断的字符串：Ab

当前的文法为空：null
当前的文法对：[B, d, null, null, null, null, null]
待判断的字符串：Ab

待判断的字符串：Ab

当前的文法为空：null
待判断的字符串：Ab

当前的文法为空：null
待判断的字符串：Ab

当前的文法为空：null
待判断的字符串：Ab

当前的文法为空：null
待判断的字符串：Ab

当前的文法为空：null
当前的文法对：[null, null, null, null, null, null, null]
待判断的字符串：Ab

当前的文法为空：null
待判断的字符串：Ab

当前的文法为空：null
待判断的字符串：Ab

当前的文法为空：null
待判断的字符串：Ab

当前的文法为空：null
待判断的字符串：Ab

当前的文法为空：null
待判断的字符串：Ab

当前的文法为空：null
当前的文法对：[null, null, null, null, null, null, null]
待判断的字符串：Ab

当前的文法为空：null
待判断的字符串：Ab

当前的文法为空：null
待判断的字符串：Ab

当前的文法为空：null
待判断的字符串：Ab

当前的文法为空：null
待判断的字符串：Ab

当前的文法为空：null
待判断的字符串：Ab

当前的文法为空：null
当前的文法对：[null, null, null, null, null, null, null]
待判断的字符串：Ab

当前的文法为空：null
待判断的字符串：Ab

当前的文法为空：null
待判断的字符串：Ab

当前的文法为空：null
待判断的字符串：Ab

当前的文法为空：null
待判断的字符串：Ab

当前的文法为空：null
待判断的字符串：Ab

当前的文法为空：null
当前的文法对：[null, null, null, null, null, null, null]
待判断的字符串：Ab

当前的文法为空：null
待判断的字符串：Ab

当前的文法为空：null
待判断的字符串：Ab

当前的文法为空：null
待判断的字符串：Ab

当前的文法为空：null
待判断的字符串：Ab

当前的文法为空：null
待判断的字符串：Ab

当前的文法为空：null
栈中元素已清零
添加后的栈中字符串#aAb
当前截取的栈中字符串b
外层获取栈中元素b

当前的文法对：[S, aAbB, null, null, null, null, null]
待判断的字符串：b

待判断的字符串：b

当前的文法为空：null
待判断的字符串：b

当前的文法为空：null
待判断的字符串：b

当前的文法为空：null
待判断的字符串：b

当前的文法为空：null
待判断的字符串：b

当前的文法为空：null
当前的文法对：[A, null, c, Ac, null, null, null]
待判断的字符串：b

当前的文法为空：null
待判断的字符串：b

待判断的字符串：b

待判断的字符串：b

当前的文法为空：null
待判断的字符串：b

当前的文法为空：null
待判断的字符串：b

当前的文法为空：null
当前的文法对：[B, d, null, null, null, null, null]
待判断的字符串：b

待判断的字符串：b

当前的文法为空：null
待判断的字符串：b

当前的文法为空：null
待判断的字符串：b

当前的文法为空：null
待判断的字符串：b

当前的文法为空：null
待判断的字符串：b

当前的文法为空：null
当前的文法对：[null, null, null, null, null, null, null]
待判断的字符串：b

当前的文法为空：null
待判断的字符串：b

当前的文法为空：null
待判断的字符串：b

当前的文法为空：null
待判断的字符串：b

当前的文法为空：null
待判断的字符串：b

当前的文法为空：null
待判断的字符串：b

当前的文法为空：null
当前的文法对：[null, null, null, null, null, null, null]
待判断的字符串：b

当前的文法为空：null
待判断的字符串：b

当前的文法为空：null
待判断的字符串：b

当前的文法为空：null
待判断的字符串：b

当前的文法为空：null
待判断的字符串：b

当前的文法为空：null
待判断的字符串：b

当前的文法为空：null
当前的文法对：[null, null, null, null, null, null, null]
待判断的字符串：b

当前的文法为空：null
待判断的字符串：b

当前的文法为空：null
待判断的字符串：b

当前的文法为空：null
待判断的字符串：b

当前的文法为空：null
待判断的字符串：b

当前的文法为空：null
待判断的字符串：b

当前的文法为空：null
当前的文法对：[null, null, null, null, null, null, null]
待判断的字符串：b

当前的文法为空：null
待判断的字符串：b

当前的文法为空：null
待判断的字符串：b

当前的文法为空：null
待判断的字符串：b

当前的文法为空：null
待判断的字符串：b

当前的文法为空：null
待判断的字符串：b

当前的文法为空：null
查看第4轮结束后的栈中字符串b
栈中元素已清零
添加后的栈中字符串#aAbd
当前截取的栈中字符串aAbd
外层获取栈中元素aAbd

当前的文法对：[S, aAbB, null, null, null, null, null]
待判断的字符串：aAbd

待判断的字符串：aAbd

当前的文法为空：null
待判断的字符串：aAbd

当前的文法为空：null
待判断的字符串：aAbd

当前的文法为空：null
待判断的字符串：aAbd

当前的文法为空：null
待判断的字符串：aAbd

当前的文法为空：null
当前的文法对：[A, null, c, Ac, null, null, null]
待判断的字符串：aAbd

当前的文法为空：null
待判断的字符串：aAbd

待判断的字符串：aAbd

待判断的字符串：aAbd

当前的文法为空：null
待判断的字符串：aAbd

当前的文法为空：null
待判断的字符串：aAbd

当前的文法为空：null
当前的文法对：[B, d, null, null, null, null, null]
待判断的字符串：aAbd

待判断的字符串：aAbd

当前的文法为空：null
待判断的字符串：aAbd

当前的文法为空：null
待判断的字符串：aAbd

当前的文法为空：null
待判断的字符串：aAbd

当前的文法为空：null
待判断的字符串：aAbd

当前的文法为空：null
当前的文法对：[null, null, null, null, null, null, null]
待判断的字符串：aAbd

当前的文法为空：null
待判断的字符串：aAbd

当前的文法为空：null
待判断的字符串：aAbd

当前的文法为空：null
待判断的字符串：aAbd

当前的文法为空：null
待判断的字符串：aAbd

当前的文法为空：null
待判断的字符串：aAbd

当前的文法为空：null
当前的文法对：[null, null, null, null, null, null, null]
待判断的字符串：aAbd

当前的文法为空：null
待判断的字符串：aAbd

当前的文法为空：null
待判断的字符串：aAbd

当前的文法为空：null
待判断的字符串：aAbd

当前的文法为空：null
待判断的字符串：aAbd

当前的文法为空：null
待判断的字符串：aAbd

当前的文法为空：null
当前的文法对：[null, null, null, null, null, null, null]
待判断的字符串：aAbd

当前的文法为空：null
待判断的字符串：aAbd

当前的文法为空：null
待判断的字符串：aAbd

当前的文法为空：null
待判断的字符串：aAbd

当前的文法为空：null
待判断的字符串：aAbd

当前的文法为空：null
待判断的字符串：aAbd

当前的文法为空：null
当前的文法对：[null, null, null, null, null, null, null]
待判断的字符串：aAbd

当前的文法为空：null
待判断的字符串：aAbd

当前的文法为空：null
待判断的字符串：aAbd

当前的文法为空：null
待判断的字符串：aAbd

当前的文法为空：null
待判断的字符串：aAbd

当前的文法为空：null
待判断的字符串：aAbd

当前的文法为空：null
栈中元素已清零
添加后的栈中字符串#aAbd
当前截取的栈中字符串Abd
外层获取栈中元素Abd

当前的文法对：[S, aAbB, null, null, null, null, null]
待判断的字符串：Abd

待判断的字符串：Abd

当前的文法为空：null
待判断的字符串：Abd

当前的文法为空：null
待判断的字符串：Abd

当前的文法为空：null
待判断的字符串：Abd

当前的文法为空：null
待判断的字符串：Abd

当前的文法为空：null
当前的文法对：[A, null, c, Ac, null, null, null]
待判断的字符串：Abd

当前的文法为空：null
待判断的字符串：Abd

待判断的字符串：Abd

待判断的字符串：Abd

当前的文法为空：null
待判断的字符串：Abd

当前的文法为空：null
待判断的字符串：Abd

当前的文法为空：null
当前的文法对：[B, d, null, null, null, null, null]
待判断的字符串：Abd

待判断的字符串：Abd

当前的文法为空：null
待判断的字符串：Abd

当前的文法为空：null
待判断的字符串：Abd

当前的文法为空：null
待判断的字符串：Abd

当前的文法为空：null
待判断的字符串：Abd

当前的文法为空：null
当前的文法对：[null, null, null, null, null, null, null]
待判断的字符串：Abd

当前的文法为空：null
待判断的字符串：Abd

当前的文法为空：null
待判断的字符串：Abd

当前的文法为空：null
待判断的字符串：Abd

当前的文法为空：null
待判断的字符串：Abd

当前的文法为空：null
待判断的字符串：Abd

当前的文法为空：null
当前的文法对：[null, null, null, null, null, null, null]
待判断的字符串：Abd

当前的文法为空：null
待判断的字符串：Abd

当前的文法为空：null
待判断的字符串：Abd

当前的文法为空：null
待判断的字符串：Abd

当前的文法为空：null
待判断的字符串：Abd

当前的文法为空：null
待判断的字符串：Abd

当前的文法为空：null
当前的文法对：[null, null, null, null, null, null, null]
待判断的字符串：Abd

当前的文法为空：null
待判断的字符串：Abd

当前的文法为空：null
待判断的字符串：Abd

当前的文法为空：null
待判断的字符串：Abd

当前的文法为空：null
待判断的字符串：Abd

当前的文法为空：null
待判断的字符串：Abd

当前的文法为空：null
当前的文法对：[null, null, null, null, null, null, null]
待判断的字符串：Abd

当前的文法为空：null
待判断的字符串：Abd

当前的文法为空：null
待判断的字符串：Abd

当前的文法为空：null
待判断的字符串：Abd

当前的文法为空：null
待判断的字符串：Abd

当前的文法为空：null
待判断的字符串：Abd

当前的文法为空：null
栈中元素已清零
添加后的栈中字符串#aAbd
当前截取的栈中字符串bd
外层获取栈中元素bd

当前的文法对：[S, aAbB, null, null, null, null, null]
待判断的字符串：bd

待判断的字符串：bd

当前的文法为空：null
待判断的字符串：bd

当前的文法为空：null
待判断的字符串：bd

当前的文法为空：null
待判断的字符串：bd

当前的文法为空：null
待判断的字符串：bd

当前的文法为空：null
当前的文法对：[A, null, c, Ac, null, null, null]
待判断的字符串：bd

当前的文法为空：null
待判断的字符串：bd

待判断的字符串：bd

待判断的字符串：bd

当前的文法为空：null
待判断的字符串：bd

当前的文法为空：null
待判断的字符串：bd

当前的文法为空：null
当前的文法对：[B, d, null, null, null, null, null]
待判断的字符串：bd

待判断的字符串：bd

当前的文法为空：null
待判断的字符串：bd

当前的文法为空：null
待判断的字符串：bd

当前的文法为空：null
待判断的字符串：bd

当前的文法为空：null
待判断的字符串：bd

当前的文法为空：null
当前的文法对：[null, null, null, null, null, null, null]
待判断的字符串：bd

当前的文法为空：null
待判断的字符串：bd

当前的文法为空：null
待判断的字符串：bd

当前的文法为空：null
待判断的字符串：bd

当前的文法为空：null
待判断的字符串：bd

当前的文法为空：null
待判断的字符串：bd

当前的文法为空：null
当前的文法对：[null, null, null, null, null, null, null]
待判断的字符串：bd

当前的文法为空：null
待判断的字符串：bd

当前的文法为空：null
待判断的字符串：bd

当前的文法为空：null
待判断的字符串：bd

当前的文法为空：null
待判断的字符串：bd

当前的文法为空：null
待判断的字符串：bd

当前的文法为空：null
当前的文法对：[null, null, null, null, null, null, null]
待判断的字符串：bd

当前的文法为空：null
待判断的字符串：bd

当前的文法为空：null
待判断的字符串：bd

当前的文法为空：null
待判断的字符串：bd

当前的文法为空：null
待判断的字符串：bd

当前的文法为空：null
待判断的字符串：bd

当前的文法为空：null
当前的文法对：[null, null, null, null, null, null, null]
待判断的字符串：bd

当前的文法为空：null
待判断的字符串：bd

当前的文法为空：null
待判断的字符串：bd

当前的文法为空：null
待判断的字符串：bd

当前的文法为空：null
待判断的字符串：bd

当前的文法为空：null
待判断的字符串：bd

当前的文法为空：null
栈中元素已清零
添加后的栈中字符串#aAbd
当前截取的栈中字符串d
外层获取栈中元素d

当前的文法对：[S, aAbB, null, null, null, null, null]
待判断的字符串：d

待判断的字符串：d

当前的文法为空：null
待判断的字符串：d

当前的文法为空：null
待判断的字符串：d

当前的文法为空：null
待判断的字符串：d

当前的文法为空：null
待判断的字符串：d

当前的文法为空：null
当前的文法对：[A, null, c, Ac, null, null, null]
待判断的字符串：d

当前的文法为空：null
待判断的字符串：d

待判断的字符串：d

待判断的字符串：d

当前的文法为空：null
待判断的字符串：d

当前的文法为空：null
待判断的字符串：d

当前的文法为空：null
当前的文法对：[B, d, null, null, null, null, null]
待判断的字符串：d

弹出处字符串：d
正在替换栈中元素的开始符号：B
修改后栈中元素[#, a, A, b, B]

查看第5轮结束后的栈中字符串d
栈中元素已清零
添加后的栈中字符串#aAbB
当前截取的栈中字符串aAbB
外层获取栈中元素aAbB

当前的文法对：[S, aAbB, null, null, null, null, null]
待判断的字符串：aAbB

弹出处字符串：aAbB
正在替换栈中元素的开始符号：S
修改后栈中元素[#, S]

analysisStack = [#, S]

进程已结束,退出代码0
