0
isGrammar = true
resultList = [G[E]:, E->E+E|E*E|(E)|i]
[E+E, E*E, (E), i]
resultList = [G[E]:, E->E+E|E*E|(E)|i]
[E+E, E*E, (E), i]
拆分后的文法数组为：[[E, E+E, E*E, (E), i, null, null], [null, null, null, null, null, null, null], [null, null, null, null, null, null, null], [null, null, null, null, null, null, null], [null, null, null, null, null, null, null], [null, null, null, null, null, null, null], [null, null, null, null, null, null, null]]
查看第0轮结束后的栈中字符串
栈中元素已清零
添加后的栈中字符串#i
当前截取的栈中字符串i
外层获取栈中元素i

当前的文法对：[E, E+E, E*E, (E), i, null, null]
待判断的字符串：i

待判断的字符串：i

待判断的字符串：i

待判断的字符串：i

弹出处字符串：i
正在替换栈中元素的开始符号：E
修改后栈中元素[#, E]

查看第1轮结束后的栈中字符串i
栈中元素已清零
添加后的栈中字符串#E+
当前截取的栈中字符串E+
外层获取栈中元素E+

当前的文法对：[E, E+E, E*E, (E), i, null, null]
待判断的字符串：E+

待判断的字符串：E+

待判断的字符串：E+

待判断的字符串：E+

待判断的字符串：E+

当前的文法为空：null
待判断的字符串：E+

当前的文法为空：null
当前的文法对：[null, null, null, null, null, null, null]
待判断的字符串：E+

当前的文法为空：null
待判断的字符串：E+

当前的文法为空：null
待判断的字符串：E+

当前的文法为空：null
待判断的字符串：E+

当前的文法为空：null
待判断的字符串：E+

当前的文法为空：null
待判断的字符串：E+

当前的文法为空：null
当前的文法对：[null, null, null, null, null, null, null]
待判断的字符串：E+

当前的文法为空：null
待判断的字符串：E+

当前的文法为空：null
待判断的字符串：E+

当前的文法为空：null
待判断的字符串：E+

当前的文法为空：null
待判断的字符串：E+

当前的文法为空：null
待判断的字符串：E+

当前的文法为空：null
当前的文法对：[null, null, null, null, null, null, null]
待判断的字符串：E+

当前的文法为空：null
待判断的字符串：E+

当前的文法为空：null
待判断的字符串：E+

当前的文法为空：null
待判断的字符串：E+

当前的文法为空：null
待判断的字符串：E+

当前的文法为空：null
待判断的字符串：E+

当前的文法为空：null
当前的文法对：[null, null, null, null, null, null, null]
待判断的字符串：E+

当前的文法为空：null
待判断的字符串：E+

当前的文法为空：null
待判断的字符串：E+

当前的文法为空：null
待判断的字符串：E+

当前的文法为空：null
待判断的字符串：E+

当前的文法为空：null
待判断的字符串：E+

当前的文法为空：null
当前的文法对：[null, null, null, null, null, null, null]
待判断的字符串：E+

当前的文法为空：null
待判断的字符串：E+

当前的文法为空：null
待判断的字符串：E+

当前的文法为空：null
待判断的字符串：E+

当前的文法为空：null
待判断的字符串：E+

当前的文法为空：null
待判断的字符串：E+

当前的文法为空：null
当前的文法对：[null, null, null, null, null, null, null]
待判断的字符串：E+

当前的文法为空：null
待判断的字符串：E+

当前的文法为空：null
待判断的字符串：E+

当前的文法为空：null
待判断的字符串：E+

当前的文法为空：null
待判断的字符串：E+

当前的文法为空：null
待判断的字符串：E+

当前的文法为空：null
栈中元素已清零
添加后的栈中字符串#E+
当前截取的栈中字符串+
外层获取栈中元素+

当前的文法对：[E, E+E, E*E, (E), i, null, null]
待判断的字符串：+

待判断的字符串：+

待判断的字符串：+

待判断的字符串：+

待判断的字符串：+

当前的文法为空：null
待判断的字符串：+

当前的文法为空：null
当前的文法对：[null, null, null, null, null, null, null]
待判断的字符串：+

当前的文法为空：null
待判断的字符串：+

当前的文法为空：null
待判断的字符串：+

当前的文法为空：null
待判断的字符串：+

当前的文法为空：null
待判断的字符串：+

当前的文法为空：null
待判断的字符串：+

当前的文法为空：null
当前的文法对：[null, null, null, null, null, null, null]
待判断的字符串：+

当前的文法为空：null
待判断的字符串：+

当前的文法为空：null
待判断的字符串：+

当前的文法为空：null
待判断的字符串：+

当前的文法为空：null
待判断的字符串：+

当前的文法为空：null
待判断的字符串：+

当前的文法为空：null
当前的文法对：[null, null, null, null, null, null, null]
待判断的字符串：+

当前的文法为空：null
待判断的字符串：+

当前的文法为空：null
待判断的字符串：+

当前的文法为空：null
待判断的字符串：+

当前的文法为空：null
待判断的字符串：+

当前的文法为空：null
待判断的字符串：+

当前的文法为空：null
当前的文法对：[null, null, null, null, null, null, null]
待判断的字符串：+

当前的文法为空：null
待判断的字符串：+

当前的文法为空：null
待判断的字符串：+

当前的文法为空：null
待判断的字符串：+

当前的文法为空：null
待判断的字符串：+

当前的文法为空：null
待判断的字符串：+

当前的文法为空：null
当前的文法对：[null, null, null, null, null, null, null]
待判断的字符串：+

当前的文法为空：null
待判断的字符串：+

当前的文法为空：null
待判断的字符串：+

当前的文法为空：null
待判断的字符串：+

当前的文法为空：null
待判断的字符串：+

当前的文法为空：null
待判断的字符串：+

当前的文法为空：null
当前的文法对：[null, null, null, null, null, null, null]
待判断的字符串：+

当前的文法为空：null
待判断的字符串：+

当前的文法为空：null
待判断的字符串：+

当前的文法为空：null
待判断的字符串：+

当前的文法为空：null
待判断的字符串：+

当前的文法为空：null
待判断的字符串：+

当前的文法为空：null
查看第2轮结束后的栈中字符串+
栈中元素已清零
添加后的栈中字符串#E+i
当前截取的栈中字符串E+i
外层获取栈中元素E+i

当前的文法对：[E, E+E, E*E, (E), i, null, null]
待判断的字符串：E+i

待判断的字符串：E+i

待判断的字符串：E+i

待判断的字符串：E+i

待判断的字符串：E+i

当前的文法为空：null
待判断的字符串：E+i

当前的文法为空：null
当前的文法对：[null, null, null, null, null, null, null]
待判断的字符串：E+i

当前的文法为空：null
待判断的字符串：E+i

当前的文法为空：null
待判断的字符串：E+i

当前的文法为空：null
待判断的字符串：E+i

当前的文法为空：null
待判断的字符串：E+i

当前的文法为空：null
待判断的字符串：E+i

当前的文法为空：null
当前的文法对：[null, null, null, null, null, null, null]
待判断的字符串：E+i

当前的文法为空：null
待判断的字符串：E+i

当前的文法为空：null
待判断的字符串：E+i

当前的文法为空：null
待判断的字符串：E+i

当前的文法为空：null
待判断的字符串：E+i

当前的文法为空：null
待判断的字符串：E+i

当前的文法为空：null
当前的文法对：[null, null, null, null, null, null, null]
待判断的字符串：E+i

当前的文法为空：null
待判断的字符串：E+i

当前的文法为空：null
待判断的字符串：E+i

当前的文法为空：null
待判断的字符串：E+i

当前的文法为空：null
待判断的字符串：E+i

当前的文法为空：null
待判断的字符串：E+i

当前的文法为空：null
当前的文法对：[null, null, null, null, null, null, null]
待判断的字符串：E+i

当前的文法为空：null
待判断的字符串：E+i

当前的文法为空：null
待判断的字符串：E+i

当前的文法为空：null
待判断的字符串：E+i

当前的文法为空：null
待判断的字符串：E+i

当前的文法为空：null
待判断的字符串：E+i

当前的文法为空：null
当前的文法对：[null, null, null, null, null, null, null]
待判断的字符串：E+i

当前的文法为空：null
待判断的字符串：E+i

当前的文法为空：null
待判断的字符串：E+i

当前的文法为空：null
待判断的字符串：E+i

当前的文法为空：null
待判断的字符串：E+i

当前的文法为空：null
待判断的字符串：E+i

当前的文法为空：null
当前的文法对：[null, null, null, null, null, null, null]
待判断的字符串：E+i

当前的文法为空：null
待判断的字符串：E+i

当前的文法为空：null
待判断的字符串：E+i

当前的文法为空：null
待判断的字符串：E+i

当前的文法为空：null
待判断的字符串：E+i

当前的文法为空：null
待判断的字符串：E+i

当前的文法为空：null
栈中元素已清零
添加后的栈中字符串#E+i
当前截取的栈中字符串+i
外层获取栈中元素+i

当前的文法对：[E, E+E, E*E, (E), i, null, null]
待判断的字符串：+i

待判断的字符串：+i

待判断的字符串：+i

待判断的字符串：+i

待判断的字符串：+i

当前的文法为空：null
待判断的字符串：+i

当前的文法为空：null
当前的文法对：[null, null, null, null, null, null, null]
待判断的字符串：+i

当前的文法为空：null
待判断的字符串：+i

当前的文法为空：null
待判断的字符串：+i

当前的文法为空：null
待判断的字符串：+i

当前的文法为空：null
待判断的字符串：+i

当前的文法为空：null
待判断的字符串：+i

当前的文法为空：null
当前的文法对：[null, null, null, null, null, null, null]
待判断的字符串：+i

当前的文法为空：null
待判断的字符串：+i

当前的文法为空：null
待判断的字符串：+i

当前的文法为空：null
待判断的字符串：+i

当前的文法为空：null
待判断的字符串：+i

当前的文法为空：null
待判断的字符串：+i

当前的文法为空：null
当前的文法对：[null, null, null, null, null, null, null]
待判断的字符串：+i

当前的文法为空：null
待判断的字符串：+i

当前的文法为空：null
待判断的字符串：+i

当前的文法为空：null
待判断的字符串：+i

当前的文法为空：null
待判断的字符串：+i

当前的文法为空：null
待判断的字符串：+i

当前的文法为空：null
当前的文法对：[null, null, null, null, null, null, null]
待判断的字符串：+i

当前的文法为空：null
待判断的字符串：+i

当前的文法为空：null
待判断的字符串：+i

当前的文法为空：null
待判断的字符串：+i

当前的文法为空：null
待判断的字符串：+i

当前的文法为空：null
待判断的字符串：+i

当前的文法为空：null
当前的文法对：[null, null, null, null, null, null, null]
待判断的字符串：+i

当前的文法为空：null
待判断的字符串：+i

当前的文法为空：null
待判断的字符串：+i

当前的文法为空：null
待判断的字符串：+i

当前的文法为空：null
待判断的字符串：+i

当前的文法为空：null
待判断的字符串：+i

当前的文法为空：null
当前的文法对：[null, null, null, null, null, null, null]
待判断的字符串：+i

当前的文法为空：null
待判断的字符串：+i

当前的文法为空：null
待判断的字符串：+i

当前的文法为空：null
待判断的字符串：+i

当前的文法为空：null
待判断的字符串：+i

当前的文法为空：null
待判断的字符串：+i

当前的文法为空：null
栈中元素已清零
添加后的栈中字符串#E+i
当前截取的栈中字符串i
外层获取栈中元素i

当前的文法对：[E, E+E, E*E, (E), i, null, null]
待判断的字符串：i

待判断的字符串：i

待判断的字符串：i

待判断的字符串：i

弹出处字符串：i
正在替换栈中元素的开始符号：E
修改后栈中元素[#, E, +, E]

查看第3轮结束后的栈中字符串i
栈中元素已清零
添加后的栈中字符串#E+E*
当前截取的栈中字符串E+E*
外层获取栈中元素E+E*

当前的文法对：[E, E+E, E*E, (E), i, null, null]
待判断的字符串：E+E*

待判断的字符串：E+E*

待判断的字符串：E+E*

待判断的字符串：E+E*

待判断的字符串：E+E*

当前的文法为空：null
待判断的字符串：E+E*

当前的文法为空：null
当前的文法对：[null, null, null, null, null, null, null]
待判断的字符串：E+E*

当前的文法为空：null
待判断的字符串：E+E*

当前的文法为空：null
待判断的字符串：E+E*

当前的文法为空：null
待判断的字符串：E+E*

当前的文法为空：null
待判断的字符串：E+E*

当前的文法为空：null
待判断的字符串：E+E*

当前的文法为空：null
当前的文法对：[null, null, null, null, null, null, null]
待判断的字符串：E+E*

当前的文法为空：null
待判断的字符串：E+E*

当前的文法为空：null
待判断的字符串：E+E*

当前的文法为空：null
待判断的字符串：E+E*

当前的文法为空：null
待判断的字符串：E+E*

当前的文法为空：null
待判断的字符串：E+E*

当前的文法为空：null
当前的文法对：[null, null, null, null, null, null, null]
待判断的字符串：E+E*

当前的文法为空：null
待判断的字符串：E+E*

当前的文法为空：null
待判断的字符串：E+E*

当前的文法为空：null
待判断的字符串：E+E*

当前的文法为空：null
待判断的字符串：E+E*

当前的文法为空：null
待判断的字符串：E+E*

当前的文法为空：null
当前的文法对：[null, null, null, null, null, null, null]
待判断的字符串：E+E*

当前的文法为空：null
待判断的字符串：E+E*

当前的文法为空：null
待判断的字符串：E+E*

当前的文法为空：null
待判断的字符串：E+E*

当前的文法为空：null
待判断的字符串：E+E*

当前的文法为空：null
待判断的字符串：E+E*

当前的文法为空：null
当前的文法对：[null, null, null, null, null, null, null]
待判断的字符串：E+E*

当前的文法为空：null
待判断的字符串：E+E*

当前的文法为空：null
待判断的字符串：E+E*

当前的文法为空：null
待判断的字符串：E+E*

当前的文法为空：null
待判断的字符串：E+E*

当前的文法为空：null
待判断的字符串：E+E*

当前的文法为空：null
当前的文法对：[null, null, null, null, null, null, null]
待判断的字符串：E+E*

当前的文法为空：null
待判断的字符串：E+E*

当前的文法为空：null
待判断的字符串：E+E*

当前的文法为空：null
待判断的字符串：E+E*

当前的文法为空：null
待判断的字符串：E+E*

当前的文法为空：null
待判断的字符串：E+E*

当前的文法为空：null
栈中元素已清零
添加后的栈中字符串#E+E*
当前截取的栈中字符串+E*
外层获取栈中元素+E*

当前的文法对：[E, E+E, E*E, (E), i, null, null]
待判断的字符串：+E*

待判断的字符串：+E*

待判断的字符串：+E*

待判断的字符串：+E*

待判断的字符串：+E*

当前的文法为空：null
待判断的字符串：+E*

当前的文法为空：null
当前的文法对：[null, null, null, null, null, null, null]
待判断的字符串：+E*

当前的文法为空：null
待判断的字符串：+E*

当前的文法为空：null
待判断的字符串：+E*

当前的文法为空：null
待判断的字符串：+E*

当前的文法为空：null
待判断的字符串：+E*

当前的文法为空：null
待判断的字符串：+E*

当前的文法为空：null
当前的文法对：[null, null, null, null, null, null, null]
待判断的字符串：+E*

当前的文法为空：null
待判断的字符串：+E*

当前的文法为空：null
待判断的字符串：+E*

当前的文法为空：null
待判断的字符串：+E*

当前的文法为空：null
待判断的字符串：+E*

当前的文法为空：null
待判断的字符串：+E*

当前的文法为空：null
当前的文法对：[null, null, null, null, null, null, null]
待判断的字符串：+E*

当前的文法为空：null
待判断的字符串：+E*

当前的文法为空：null
待判断的字符串：+E*

当前的文法为空：null
待判断的字符串：+E*

当前的文法为空：null
待判断的字符串：+E*

当前的文法为空：null
待判断的字符串：+E*

当前的文法为空：null
当前的文法对：[null, null, null, null, null, null, null]
待判断的字符串：+E*

当前的文法为空：null
待判断的字符串：+E*

当前的文法为空：null
待判断的字符串：+E*

当前的文法为空：null
待判断的字符串：+E*

当前的文法为空：null
待判断的字符串：+E*

当前的文法为空：null
待判断的字符串：+E*

当前的文法为空：null
当前的文法对：[null, null, null, null, null, null, null]
待判断的字符串：+E*

当前的文法为空：null
待判断的字符串：+E*

当前的文法为空：null
待判断的字符串：+E*

当前的文法为空：null
待判断的字符串：+E*

当前的文法为空：null
待判断的字符串：+E*

当前的文法为空：null
待判断的字符串：+E*

当前的文法为空：null
当前的文法对：[null, null, null, null, null, null, null]
待判断的字符串：+E*

当前的文法为空：null
待判断的字符串：+E*

当前的文法为空：null
待判断的字符串：+E*

当前的文法为空：null
待判断的字符串：+E*

当前的文法为空：null
待判断的字符串：+E*

当前的文法为空：null
待判断的字符串：+E*

当前的文法为空：null
栈中元素已清零
添加后的栈中字符串#E+E*
当前截取的栈中字符串E*
外层获取栈中元素E*

当前的文法对：[E, E+E, E*E, (E), i, null, null]
待判断的字符串：E*

待判断的字符串：E*

待判断的字符串：E*

待判断的字符串：E*

待判断的字符串：E*

当前的文法为空：null
待判断的字符串：E*

当前的文法为空：null
当前的文法对：[null, null, null, null, null, null, null]
待判断的字符串：E*

当前的文法为空：null
待判断的字符串：E*

当前的文法为空：null
待判断的字符串：E*

当前的文法为空：null
待判断的字符串：E*

当前的文法为空：null
待判断的字符串：E*

当前的文法为空：null
待判断的字符串：E*

当前的文法为空：null
当前的文法对：[null, null, null, null, null, null, null]
待判断的字符串：E*

当前的文法为空：null
待判断的字符串：E*

当前的文法为空：null
待判断的字符串：E*

当前的文法为空：null
待判断的字符串：E*

当前的文法为空：null
待判断的字符串：E*

当前的文法为空：null
待判断的字符串：E*

当前的文法为空：null
当前的文法对：[null, null, null, null, null, null, null]
待判断的字符串：E*

当前的文法为空：null
待判断的字符串：E*

当前的文法为空：null
待判断的字符串：E*

当前的文法为空：null
待判断的字符串：E*

当前的文法为空：null
待判断的字符串：E*

当前的文法为空：null
待判断的字符串：E*

当前的文法为空：null
当前的文法对：[null, null, null, null, null, null, null]
待判断的字符串：E*

当前的文法为空：null
待判断的字符串：E*

当前的文法为空：null
待判断的字符串：E*

当前的文法为空：null
待判断的字符串：E*

当前的文法为空：null
待判断的字符串：E*

当前的文法为空：null
待判断的字符串：E*

当前的文法为空：null
当前的文法对：[null, null, null, null, null, null, null]
待判断的字符串：E*

当前的文法为空：null
待判断的字符串：E*

当前的文法为空：null
待判断的字符串：E*

当前的文法为空：null
待判断的字符串：E*

当前的文法为空：null
待判断的字符串：E*

当前的文法为空：null
待判断的字符串：E*

当前的文法为空：null
当前的文法对：[null, null, null, null, null, null, null]
待判断的字符串：E*

当前的文法为空：null
待判断的字符串：E*

当前的文法为空：null
待判断的字符串：E*

当前的文法为空：null
待判断的字符串：E*

当前的文法为空：null
待判断的字符串：E*

当前的文法为空：null
待判断的字符串：E*

当前的文法为空：null
栈中元素已清零
添加后的栈中字符串#E+E*
当前截取的栈中字符串*
外层获取栈中元素*

当前的文法对：[E, E+E, E*E, (E), i, null, null]
待判断的字符串：*

待判断的字符串：*

待判断的字符串：*

待判断的字符串：*

待判断的字符串：*

当前的文法为空：null
待判断的字符串：*

当前的文法为空：null
当前的文法对：[null, null, null, null, null, null, null]
待判断的字符串：*

当前的文法为空：null
待判断的字符串：*

当前的文法为空：null
待判断的字符串：*

当前的文法为空：null
待判断的字符串：*

当前的文法为空：null
待判断的字符串：*

当前的文法为空：null
待判断的字符串：*

当前的文法为空：null
当前的文法对：[null, null, null, null, null, null, null]
待判断的字符串：*

当前的文法为空：null
待判断的字符串：*

当前的文法为空：null
待判断的字符串：*

当前的文法为空：null
待判断的字符串：*

当前的文法为空：null
待判断的字符串：*

当前的文法为空：null
待判断的字符串：*

当前的文法为空：null
当前的文法对：[null, null, null, null, null, null, null]
待判断的字符串：*

当前的文法为空：null
待判断的字符串：*

当前的文法为空：null
待判断的字符串：*

当前的文法为空：null
待判断的字符串：*

当前的文法为空：null
待判断的字符串：*

当前的文法为空：null
待判断的字符串：*

当前的文法为空：null
当前的文法对：[null, null, null, null, null, null, null]
待判断的字符串：*

当前的文法为空：null
待判断的字符串：*

当前的文法为空：null
待判断的字符串：*

当前的文法为空：null
待判断的字符串：*

当前的文法为空：null
待判断的字符串：*

当前的文法为空：null
待判断的字符串：*

当前的文法为空：null
当前的文法对：[null, null, null, null, null, null, null]
待判断的字符串：*

当前的文法为空：null
待判断的字符串：*

当前的文法为空：null
待判断的字符串：*

当前的文法为空：null
待判断的字符串：*

当前的文法为空：null
待判断的字符串：*

当前的文法为空：null
待判断的字符串：*

当前的文法为空：null
当前的文法对：[null, null, null, null, null, null, null]
待判断的字符串：*

当前的文法为空：null
待判断的字符串：*

当前的文法为空：null
待判断的字符串：*

当前的文法为空：null
待判断的字符串：*

当前的文法为空：null
待判断的字符串：*

当前的文法为空：null
待判断的字符串：*

当前的文法为空：null
查看第4轮结束后的栈中字符串*
栈中元素已清零
添加后的栈中字符串#E+E*i
当前截取的栈中字符串E+E*i
外层获取栈中元素E+E*i

当前的文法对：[E, E+E, E*E, (E), i, null, null]
待判断的字符串：E+E*i

待判断的字符串：E+E*i

待判断的字符串：E+E*i

待判断的字符串：E+E*i

待判断的字符串：E+E*i

当前的文法为空：null
待判断的字符串：E+E*i

当前的文法为空：null
当前的文法对：[null, null, null, null, null, null, null]
待判断的字符串：E+E*i

当前的文法为空：null
待判断的字符串：E+E*i

当前的文法为空：null
待判断的字符串：E+E*i

当前的文法为空：null
待判断的字符串：E+E*i

当前的文法为空：null
待判断的字符串：E+E*i

当前的文法为空：null
待判断的字符串：E+E*i

当前的文法为空：null
当前的文法对：[null, null, null, null, null, null, null]
待判断的字符串：E+E*i

当前的文法为空：null
待判断的字符串：E+E*i

当前的文法为空：null
待判断的字符串：E+E*i

当前的文法为空：null
待判断的字符串：E+E*i

当前的文法为空：null
待判断的字符串：E+E*i

当前的文法为空：null
待判断的字符串：E+E*i

当前的文法为空：null
当前的文法对：[null, null, null, null, null, null, null]
待判断的字符串：E+E*i

当前的文法为空：null
待判断的字符串：E+E*i

当前的文法为空：null
待判断的字符串：E+E*i

当前的文法为空：null
待判断的字符串：E+E*i

当前的文法为空：null
待判断的字符串：E+E*i

当前的文法为空：null
待判断的字符串：E+E*i

当前的文法为空：null
当前的文法对：[null, null, null, null, null, null, null]
待判断的字符串：E+E*i

当前的文法为空：null
待判断的字符串：E+E*i

当前的文法为空：null
待判断的字符串：E+E*i

当前的文法为空：null
待判断的字符串：E+E*i

当前的文法为空：null
待判断的字符串：E+E*i

当前的文法为空：null
待判断的字符串：E+E*i

当前的文法为空：null
当前的文法对：[null, null, null, null, null, null, null]
待判断的字符串：E+E*i

当前的文法为空：null
待判断的字符串：E+E*i

当前的文法为空：null
待判断的字符串：E+E*i

当前的文法为空：null
待判断的字符串：E+E*i

当前的文法为空：null
待判断的字符串：E+E*i

当前的文法为空：null
待判断的字符串：E+E*i

当前的文法为空：null
当前的文法对：[null, null, null, null, null, null, null]
待判断的字符串：E+E*i

当前的文法为空：null
待判断的字符串：E+E*i

当前的文法为空：null
待判断的字符串：E+E*i

当前的文法为空：null
待判断的字符串：E+E*i

当前的文法为空：null
待判断的字符串：E+E*i

当前的文法为空：null
待判断的字符串：E+E*i

当前的文法为空：null
栈中元素已清零
添加后的栈中字符串#E+E*i
当前截取的栈中字符串+E*i
外层获取栈中元素+E*i

当前的文法对：[E, E+E, E*E, (E), i, null, null]
待判断的字符串：+E*i

待判断的字符串：+E*i

待判断的字符串：+E*i

待判断的字符串：+E*i

待判断的字符串：+E*i

当前的文法为空：null
待判断的字符串：+E*i

当前的文法为空：null
当前的文法对：[null, null, null, null, null, null, null]
待判断的字符串：+E*i

当前的文法为空：null
待判断的字符串：+E*i

当前的文法为空：null
待判断的字符串：+E*i

当前的文法为空：null
待判断的字符串：+E*i

当前的文法为空：null
待判断的字符串：+E*i

当前的文法为空：null
待判断的字符串：+E*i

当前的文法为空：null
当前的文法对：[null, null, null, null, null, null, null]
待判断的字符串：+E*i

当前的文法为空：null
待判断的字符串：+E*i

当前的文法为空：null
待判断的字符串：+E*i

当前的文法为空：null
待判断的字符串：+E*i

当前的文法为空：null
待判断的字符串：+E*i

当前的文法为空：null
待判断的字符串：+E*i

当前的文法为空：null
当前的文法对：[null, null, null, null, null, null, null]
待判断的字符串：+E*i

当前的文法为空：null
待判断的字符串：+E*i

当前的文法为空：null
待判断的字符串：+E*i

当前的文法为空：null
待判断的字符串：+E*i

当前的文法为空：null
待判断的字符串：+E*i

当前的文法为空：null
待判断的字符串：+E*i

当前的文法为空：null
当前的文法对：[null, null, null, null, null, null, null]
待判断的字符串：+E*i

当前的文法为空：null
待判断的字符串：+E*i

当前的文法为空：null
待判断的字符串：+E*i

当前的文法为空：null
待判断的字符串：+E*i

当前的文法为空：null
待判断的字符串：+E*i

当前的文法为空：null
待判断的字符串：+E*i

当前的文法为空：null
当前的文法对：[null, null, null, null, null, null, null]
待判断的字符串：+E*i

当前的文法为空：null
待判断的字符串：+E*i

当前的文法为空：null
待判断的字符串：+E*i

当前的文法为空：null
待判断的字符串：+E*i

当前的文法为空：null
待判断的字符串：+E*i

当前的文法为空：null
待判断的字符串：+E*i

当前的文法为空：null
当前的文法对：[null, null, null, null, null, null, null]
待判断的字符串：+E*i

当前的文法为空：null
待判断的字符串：+E*i

当前的文法为空：null
待判断的字符串：+E*i

当前的文法为空：null
待判断的字符串：+E*i

当前的文法为空：null
待判断的字符串：+E*i

当前的文法为空：null
待判断的字符串：+E*i

当前的文法为空：null
栈中元素已清零
添加后的栈中字符串#E+E*i
当前截取的栈中字符串E*i
外层获取栈中元素E*i

当前的文法对：[E, E+E, E*E, (E), i, null, null]
待判断的字符串：E*i

待判断的字符串：E*i

待判断的字符串：E*i

待判断的字符串：E*i

待判断的字符串：E*i

当前的文法为空：null
待判断的字符串：E*i

当前的文法为空：null
当前的文法对：[null, null, null, null, null, null, null]
待判断的字符串：E*i

当前的文法为空：null
待判断的字符串：E*i

当前的文法为空：null
待判断的字符串：E*i

当前的文法为空：null
待判断的字符串：E*i

当前的文法为空：null
待判断的字符串：E*i

当前的文法为空：null
待判断的字符串：E*i

当前的文法为空：null
当前的文法对：[null, null, null, null, null, null, null]
待判断的字符串：E*i

当前的文法为空：null
待判断的字符串：E*i

当前的文法为空：null
待判断的字符串：E*i

当前的文法为空：null
待判断的字符串：E*i

当前的文法为空：null
待判断的字符串：E*i

当前的文法为空：null
待判断的字符串：E*i

当前的文法为空：null
当前的文法对：[null, null, null, null, null, null, null]
待判断的字符串：E*i

当前的文法为空：null
待判断的字符串：E*i

当前的文法为空：null
待判断的字符串：E*i

当前的文法为空：null
待判断的字符串：E*i

当前的文法为空：null
待判断的字符串：E*i

当前的文法为空：null
待判断的字符串：E*i

当前的文法为空：null
当前的文法对：[null, null, null, null, null, null, null]
待判断的字符串：E*i

当前的文法为空：null
待判断的字符串：E*i

当前的文法为空：null
待判断的字符串：E*i

当前的文法为空：null
待判断的字符串：E*i

当前的文法为空：null
待判断的字符串：E*i

当前的文法为空：null
待判断的字符串：E*i

当前的文法为空：null
当前的文法对：[null, null, null, null, null, null, null]
待判断的字符串：E*i

当前的文法为空：null
待判断的字符串：E*i

当前的文法为空：null
待判断的字符串：E*i

当前的文法为空：null
待判断的字符串：E*i

当前的文法为空：null
待判断的字符串：E*i

当前的文法为空：null
待判断的字符串：E*i

当前的文法为空：null
当前的文法对：[null, null, null, null, null, null, null]
待判断的字符串：E*i

当前的文法为空：null
待判断的字符串：E*i

当前的文法为空：null
待判断的字符串：E*i

当前的文法为空：null
待判断的字符串：E*i

当前的文法为空：null
待判断的字符串：E*i

当前的文法为空：null
待判断的字符串：E*i

当前的文法为空：null
栈中元素已清零
添加后的栈中字符串#E+E*i
当前截取的栈中字符串*i
外层获取栈中元素*i

当前的文法对：[E, E+E, E*E, (E), i, null, null]
待判断的字符串：*i

待判断的字符串：*i

待判断的字符串：*i

待判断的字符串：*i

待判断的字符串：*i

当前的文法为空：null
待判断的字符串：*i

当前的文法为空：null
当前的文法对：[null, null, null, null, null, null, null]
待判断的字符串：*i

当前的文法为空：null
待判断的字符串：*i

当前的文法为空：null
待判断的字符串：*i

当前的文法为空：null
待判断的字符串：*i

当前的文法为空：null
待判断的字符串：*i

当前的文法为空：null
待判断的字符串：*i

当前的文法为空：null
当前的文法对：[null, null, null, null, null, null, null]
待判断的字符串：*i

当前的文法为空：null
待判断的字符串：*i

当前的文法为空：null
待判断的字符串：*i

当前的文法为空：null
待判断的字符串：*i

当前的文法为空：null
待判断的字符串：*i

当前的文法为空：null
待判断的字符串：*i

当前的文法为空：null
当前的文法对：[null, null, null, null, null, null, null]
待判断的字符串：*i

当前的文法为空：null
待判断的字符串：*i

当前的文法为空：null
待判断的字符串：*i

当前的文法为空：null
待判断的字符串：*i

当前的文法为空：null
待判断的字符串：*i

当前的文法为空：null
待判断的字符串：*i

当前的文法为空：null
当前的文法对：[null, null, null, null, null, null, null]
待判断的字符串：*i

当前的文法为空：null
待判断的字符串：*i

当前的文法为空：null
待判断的字符串：*i

当前的文法为空：null
待判断的字符串：*i

当前的文法为空：null
待判断的字符串：*i

当前的文法为空：null
待判断的字符串：*i

当前的文法为空：null
当前的文法对：[null, null, null, null, null, null, null]
待判断的字符串：*i

当前的文法为空：null
待判断的字符串：*i

当前的文法为空：null
待判断的字符串：*i

当前的文法为空：null
待判断的字符串：*i

当前的文法为空：null
待判断的字符串：*i

当前的文法为空：null
待判断的字符串：*i

当前的文法为空：null
当前的文法对：[null, null, null, null, null, null, null]
待判断的字符串：*i

当前的文法为空：null
待判断的字符串：*i

当前的文法为空：null
待判断的字符串：*i

当前的文法为空：null
待判断的字符串：*i

当前的文法为空：null
待判断的字符串：*i

当前的文法为空：null
待判断的字符串：*i

当前的文法为空：null
栈中元素已清零
添加后的栈中字符串#E+E*i
当前截取的栈中字符串i
外层获取栈中元素i

当前的文法对：[E, E+E, E*E, (E), i, null, null]
待判断的字符串：i

待判断的字符串：i

待判断的字符串：i

待判断的字符串：i

弹出处字符串：i
正在替换栈中元素的开始符号：E
修改后栈中元素[#, E, +, E, *, E]

查看第5轮结束后的栈中字符串i
栈中元素已清零
添加后的栈中字符串#E+E*E
当前截取的栈中字符串E+E*E
外层获取栈中元素E+E*E

当前的文法对：[E, E+E, E*E, (E), i, null, null]
待判断的字符串：E+E*E

待判断的字符串：E+E*E

待判断的字符串：E+E*E

待判断的字符串：E+E*E

待判断的字符串：E+E*E

当前的文法为空：null
待判断的字符串：E+E*E

当前的文法为空：null
当前的文法对：[null, null, null, null, null, null, null]
待判断的字符串：E+E*E

当前的文法为空：null
待判断的字符串：E+E*E

当前的文法为空：null
待判断的字符串：E+E*E

当前的文法为空：null
待判断的字符串：E+E*E

当前的文法为空：null
待判断的字符串：E+E*E

当前的文法为空：null
待判断的字符串：E+E*E

当前的文法为空：null
当前的文法对：[null, null, null, null, null, null, null]
待判断的字符串：E+E*E

当前的文法为空：null
待判断的字符串：E+E*E

当前的文法为空：null
待判断的字符串：E+E*E

当前的文法为空：null
待判断的字符串：E+E*E

当前的文法为空：null
待判断的字符串：E+E*E

当前的文法为空：null
待判断的字符串：E+E*E

当前的文法为空：null
当前的文法对：[null, null, null, null, null, null, null]
待判断的字符串：E+E*E

当前的文法为空：null
待判断的字符串：E+E*E

当前的文法为空：null
待判断的字符串：E+E*E

当前的文法为空：null
待判断的字符串：E+E*E

当前的文法为空：null
待判断的字符串：E+E*E

当前的文法为空：null
待判断的字符串：E+E*E

当前的文法为空：null
当前的文法对：[null, null, null, null, null, null, null]
待判断的字符串：E+E*E

当前的文法为空：null
待判断的字符串：E+E*E

当前的文法为空：null
待判断的字符串：E+E*E

当前的文法为空：null
待判断的字符串：E+E*E

当前的文法为空：null
待判断的字符串：E+E*E

当前的文法为空：null
待判断的字符串：E+E*E

当前的文法为空：null
当前的文法对：[null, null, null, null, null, null, null]
待判断的字符串：E+E*E

当前的文法为空：null
待判断的字符串：E+E*E

当前的文法为空：null
待判断的字符串：E+E*E

当前的文法为空：null
待判断的字符串：E+E*E

当前的文法为空：null
待判断的字符串：E+E*E

当前的文法为空：null
待判断的字符串：E+E*E

当前的文法为空：null
当前的文法对：[null, null, null, null, null, null, null]
待判断的字符串：E+E*E

当前的文法为空：null
待判断的字符串：E+E*E

当前的文法为空：null
待判断的字符串：E+E*E

当前的文法为空：null
待判断的字符串：E+E*E

当前的文法为空：null
待判断的字符串：E+E*E

当前的文法为空：null
待判断的字符串：E+E*E

当前的文法为空：null
栈中元素已清零
添加后的栈中字符串#E+E*E
当前截取的栈中字符串+E*E
外层获取栈中元素+E*E

当前的文法对：[E, E+E, E*E, (E), i, null, null]
待判断的字符串：+E*E

待判断的字符串：+E*E

待判断的字符串：+E*E

待判断的字符串：+E*E

待判断的字符串：+E*E

当前的文法为空：null
待判断的字符串：+E*E

当前的文法为空：null
当前的文法对：[null, null, null, null, null, null, null]
待判断的字符串：+E*E

当前的文法为空：null
待判断的字符串：+E*E

当前的文法为空：null
待判断的字符串：+E*E

当前的文法为空：null
待判断的字符串：+E*E

当前的文法为空：null
待判断的字符串：+E*E

当前的文法为空：null
待判断的字符串：+E*E

当前的文法为空：null
当前的文法对：[null, null, null, null, null, null, null]
待判断的字符串：+E*E

当前的文法为空：null
待判断的字符串：+E*E

当前的文法为空：null
待判断的字符串：+E*E

当前的文法为空：null
待判断的字符串：+E*E

当前的文法为空：null
待判断的字符串：+E*E

当前的文法为空：null
待判断的字符串：+E*E

当前的文法为空：null
当前的文法对：[null, null, null, null, null, null, null]
待判断的字符串：+E*E

当前的文法为空：null
待判断的字符串：+E*E

当前的文法为空：null
待判断的字符串：+E*E

当前的文法为空：null
待判断的字符串：+E*E

当前的文法为空：null
待判断的字符串：+E*E

当前的文法为空：null
待判断的字符串：+E*E

当前的文法为空：null
当前的文法对：[null, null, null, null, null, null, null]
待判断的字符串：+E*E

当前的文法为空：null
待判断的字符串：+E*E

当前的文法为空：null
待判断的字符串：+E*E

当前的文法为空：null
待判断的字符串：+E*E

当前的文法为空：null
待判断的字符串：+E*E

当前的文法为空：null
待判断的字符串：+E*E

当前的文法为空：null
当前的文法对：[null, null, null, null, null, null, null]
待判断的字符串：+E*E

当前的文法为空：null
待判断的字符串：+E*E

当前的文法为空：null
待判断的字符串：+E*E

当前的文法为空：null
待判断的字符串：+E*E

当前的文法为空：null
待判断的字符串：+E*E

当前的文法为空：null
待判断的字符串：+E*E

当前的文法为空：null
当前的文法对：[null, null, null, null, null, null, null]
待判断的字符串：+E*E

当前的文法为空：null
待判断的字符串：+E*E

当前的文法为空：null
待判断的字符串：+E*E

当前的文法为空：null
待判断的字符串：+E*E

当前的文法为空：null
待判断的字符串：+E*E

当前的文法为空：null
待判断的字符串：+E*E

当前的文法为空：null
栈中元素已清零
添加后的栈中字符串#E+E*E
当前截取的栈中字符串E*E
外层获取栈中元素E*E

当前的文法对：[E, E+E, E*E, (E), i, null, null]
待判断的字符串：E*E

待判断的字符串：E*E

弹出处字符串：E*E
正在替换栈中元素的开始符号：E
修改后栈中元素[#, E, +, E]

查看第6轮结束后的栈中字符串E*E
栈中元素已清零
添加后的栈中字符串#E+E
当前截取的栈中字符串E+E
外层获取栈中元素E+E

当前的文法对：[E, E+E, E*E, (E), i, null, null]
待判断的字符串：E+E

弹出处字符串：E+E
正在替换栈中元素的开始符号：E
修改后栈中元素[#, E]

analysisStack = [#, E]
